{"/Users/irfandi/.local/share/opencode/worktree/d686a6dfff4eca54f64908f2ecb63fded89b9888/silent-river/packages/mcp/src/registry.ts": {"path":"/Users/irfandi/.local/share/opencode/worktree/d686a6dfff4eca54f64908f2ecb63fded89b9888/silent-river/packages/mcp/src/registry.ts","all":false,"statementMap":{"0":{"start":{"line":1,"column":0},"end":{"line":1,"column":8}},"12":{"start":{"line":13,"column":0},"end":{"line":13,"column":26}},"13":{"start":{"line":14,"column":0},"end":{"line":14,"column":61}},"14":{"start":{"line":15,"column":0},"end":{"line":15,"column":37}},"16":{"start":{"line":17,"column":0},"end":{"line":17,"column":44}},"17":{"start":{"line":18,"column":0},"end":{"line":18,"column":39}},"18":{"start":{"line":19,"column":0},"end":{"line":19,"column":55}},"19":{"start":{"line":20,"column":0},"end":{"line":20,"column":5}},"21":{"start":{"line":22,"column":0},"end":{"line":22,"column":39}},"22":{"start":{"line":23,"column":0},"end":{"line":23,"column":48}},"23":{"start":{"line":24,"column":0},"end":{"line":24,"column":3}},"25":{"start":{"line":26,"column":0},"end":{"line":26,"column":80}},"26":{"start":{"line":27,"column":0},"end":{"line":27,"column":43}},"27":{"start":{"line":28,"column":0},"end":{"line":28,"column":20}},"28":{"start":{"line":29,"column":0},"end":{"line":29,"column":43}},"29":{"start":{"line":30,"column":0},"end":{"line":30,"column":5}},"31":{"start":{"line":32,"column":0},"end":{"line":32,"column":48}},"32":{"start":{"line":33,"column":0},"end":{"line":33,"column":40}},"33":{"start":{"line":34,"column":0},"end":{"line":34,"column":35}},"35":{"start":{"line":36,"column":0},"end":{"line":36,"column":19}},"36":{"start":{"line":37,"column":0},"end":{"line":37,"column":3}},"38":{"start":{"line":39,"column":0},"end":{"line":39,"column":34}},"39":{"start":{"line":40,"column":0},"end":{"line":40,"column":33}},"40":{"start":{"line":41,"column":0},"end":{"line":41,"column":43}},"41":{"start":{"line":42,"column":0},"end":{"line":42,"column":5}},"43":{"start":{"line":44,"column":0},"end":{"line":44,"column":29}},"44":{"start":{"line":45,"column":0},"end":{"line":45,"column":3}},"46":{"start":{"line":47,"column":0},"end":{"line":47,"column":54}},"47":{"start":{"line":48,"column":0},"end":{"line":48,"column":33}},"48":{"start":{"line":49,"column":0},"end":{"line":49,"column":3}},"50":{"start":{"line":51,"column":0},"end":{"line":51,"column":38}},"51":{"start":{"line":52,"column":0},"end":{"line":52,"column":46}},"52":{"start":{"line":53,"column":0},"end":{"line":53,"column":3}},"54":{"start":{"line":55,"column":0},"end":{"line":55,"column":42}},"55":{"start":{"line":56,"column":0},"end":{"line":56,"column":57}},"56":{"start":{"line":57,"column":0},"end":{"line":57,"column":3}},"58":{"start":{"line":59,"column":0},"end":{"line":59,"column":60}},"59":{"start":{"line":60,"column":0},"end":{"line":60,"column":73}},"60":{"start":{"line":61,"column":0},"end":{"line":61,"column":3}},"62":{"start":{"line":63,"column":0},"end":{"line":63,"column":34}},"63":{"start":{"line":64,"column":0},"end":{"line":64,"column":33}},"64":{"start":{"line":65,"column":0},"end":{"line":65,"column":3}},"66":{"start":{"line":67,"column":0},"end":{"line":67,"column":34}},"67":{"start":{"line":68,"column":0},"end":{"line":68,"column":45}},"68":{"start":{"line":69,"column":0},"end":{"line":69,"column":3}},"70":{"start":{"line":71,"column":0},"end":{"line":71,"column":35}},"71":{"start":{"line":72,"column":0},"end":{"line":72,"column":46}},"72":{"start":{"line":73,"column":0},"end":{"line":73,"column":3}},"74":{"start":{"line":75,"column":0},"end":{"line":75,"column":21}},"75":{"start":{"line":76,"column":0},"end":{"line":76,"column":50}},"76":{"start":{"line":77,"column":0},"end":{"line":77,"column":28}},"77":{"start":{"line":78,"column":0},"end":{"line":78,"column":5}},"78":{"start":{"line":79,"column":0},"end":{"line":79,"column":3}},"80":{"start":{"line":81,"column":0},"end":{"line":81,"column":22}},"81":{"start":{"line":82,"column":0},"end":{"line":82,"column":50}},"82":{"start":{"line":83,"column":0},"end":{"line":83,"column":29}},"83":{"start":{"line":84,"column":0},"end":{"line":84,"column":5}},"84":{"start":{"line":85,"column":0},"end":{"line":85,"column":3}},"86":{"start":{"line":87,"column":0},"end":{"line":87,"column":41}},"87":{"start":{"line":88,"column":0},"end":{"line":88,"column":50}},"88":{"start":{"line":89,"column":0},"end":{"line":89,"column":43}},"89":{"start":{"line":90,"column":0},"end":{"line":90,"column":30}},"90":{"start":{"line":91,"column":0},"end":{"line":91,"column":7}},"91":{"start":{"line":92,"column":0},"end":{"line":92,"column":5}},"92":{"start":{"line":93,"column":0},"end":{"line":93,"column":3}},"94":{"start":{"line":95,"column":0},"end":{"line":95,"column":42}},"95":{"start":{"line":96,"column":0},"end":{"line":96,"column":50}},"96":{"start":{"line":97,"column":0},"end":{"line":97,"column":43}},"97":{"start":{"line":98,"column":0},"end":{"line":98,"column":31}},"98":{"start":{"line":99,"column":0},"end":{"line":99,"column":7}},"99":{"start":{"line":100,"column":0},"end":{"line":100,"column":5}},"100":{"start":{"line":101,"column":0},"end":{"line":101,"column":3}},"102":{"start":{"line":103,"column":0},"end":{"line":103,"column":84}},"103":{"start":{"line":104,"column":0},"end":{"line":104,"column":41}},"104":{"start":{"line":105,"column":0},"end":{"line":105,"column":18}},"105":{"start":{"line":106,"column":0},"end":{"line":106,"column":43}},"106":{"start":{"line":107,"column":0},"end":{"line":107,"column":5}},"108":{"start":{"line":109,"column":0},"end":{"line":109,"column":81}},"109":{"start":{"line":110,"column":0},"end":{"line":110,"column":3}},"111":{"start":{"line":112,"column":0},"end":{"line":112,"column":53}},"112":{"start":{"line":113,"column":0},"end":{"line":113,"column":41}},"113":{"start":{"line":114,"column":0},"end":{"line":114,"column":18}},"114":{"start":{"line":115,"column":0},"end":{"line":115,"column":16}},"115":{"start":{"line":116,"column":0},"end":{"line":116,"column":5}},"117":{"start":{"line":118,"column":0},"end":{"line":118,"column":42}},"118":{"start":{"line":119,"column":0},"end":{"line":119,"column":57}},"119":{"start":{"line":120,"column":0},"end":{"line":120,"column":60}},"120":{"start":{"line":121,"column":0},"end":{"line":121,"column":3}},"122":{"start":{"line":123,"column":0},"end":{"line":123,"column":74}},"123":{"start":{"line":124,"column":0},"end":{"line":124,"column":41}},"124":{"start":{"line":125,"column":0},"end":{"line":125,"column":18}},"125":{"start":{"line":126,"column":0},"end":{"line":126,"column":67}},"126":{"start":{"line":127,"column":0},"end":{"line":127,"column":5}},"128":{"start":{"line":129,"column":0},"end":{"line":129,"column":43}},"129":{"start":{"line":130,"column":0},"end":{"line":130,"column":3}},"131":{"start":{"line":132,"column":0},"end":{"line":132,"column":67}},"132":{"start":{"line":133,"column":0},"end":{"line":133,"column":41}},"133":{"start":{"line":134,"column":0},"end":{"line":134,"column":18}},"134":{"start":{"line":135,"column":0},"end":{"line":135,"column":14}},"135":{"start":{"line":136,"column":0},"end":{"line":136,"column":23}},"136":{"start":{"line":137,"column":0},"end":{"line":137,"column":41}},"137":{"start":{"line":138,"column":0},"end":{"line":138,"column":8}},"138":{"start":{"line":139,"column":0},"end":{"line":139,"column":5}},"140":{"start":{"line":141,"column":0},"end":{"line":141,"column":36}},"142":{"start":{"line":143,"column":0},"end":{"line":143,"column":9}},"143":{"start":{"line":144,"column":0},"end":{"line":144,"column":48}},"145":{"start":{"line":146,"column":0},"end":{"line":146,"column":14}},"146":{"start":{"line":147,"column":0},"end":{"line":147,"column":22}},"147":{"start":{"line":148,"column":0},"end":{"line":148,"column":16}},"148":{"start":{"line":149,"column":0},"end":{"line":149,"column":42}},"149":{"start":{"line":150,"column":0},"end":{"line":150,"column":8}},"150":{"start":{"line":151,"column":0},"end":{"line":151,"column":21}},"151":{"start":{"line":152,"column":0},"end":{"line":152,"column":14}},"152":{"start":{"line":153,"column":0},"end":{"line":153,"column":23}},"153":{"start":{"line":154,"column":0},"end":{"line":154,"column":72}},"154":{"start":{"line":155,"column":0},"end":{"line":155,"column":8}},"155":{"start":{"line":156,"column":0},"end":{"line":156,"column":5}},"156":{"start":{"line":157,"column":0},"end":{"line":157,"column":3}},"158":{"start":{"line":159,"column":0},"end":{"line":159,"column":41}},"159":{"start":{"line":160,"column":0},"end":{"line":160,"column":41}},"160":{"start":{"line":161,"column":0},"end":{"line":161,"column":36}},"161":{"start":{"line":162,"column":0},"end":{"line":162,"column":15}},"162":{"start":{"line":163,"column":0},"end":{"line":163,"column":5}},"164":{"start":{"line":165,"column":0},"end":{"line":165,"column":61}},"165":{"start":{"line":166,"column":0},"end":{"line":166,"column":3}},"167":{"start":{"line":168,"column":0},"end":{"line":168,"column":30}},"168":{"start":{"line":169,"column":0},"end":{"line":169,"column":12}},"169":{"start":{"line":170,"column":0},"end":{"line":170,"column":29}},"170":{"start":{"line":171,"column":0},"end":{"line":171,"column":36}},"171":{"start":{"line":172,"column":0},"end":{"line":172,"column":6}},"172":{"start":{"line":173,"column":0},"end":{"line":173,"column":3}},"174":{"start":{"line":175,"column":0},"end":{"line":175,"column":42}},"175":{"start":{"line":176,"column":0},"end":{"line":176,"column":43}},"176":{"start":{"line":177,"column":0},"end":{"line":177,"column":77}},"177":{"start":{"line":178,"column":0},"end":{"line":178,"column":5}},"179":{"start":{"line":180,"column":0},"end":{"line":180,"column":26}},"181":{"start":{"line":182,"column":0},"end":{"line":182,"column":40}},"182":{"start":{"line":183,"column":0},"end":{"line":183,"column":41}},"183":{"start":{"line":184,"column":0},"end":{"line":184,"column":43}},"184":{"start":{"line":185,"column":0},"end":{"line":185,"column":5}},"185":{"start":{"line":186,"column":0},"end":{"line":186,"column":3}},"187":{"start":{"line":188,"column":0},"end":{"line":188,"column":17}},"188":{"start":{"line":189,"column":0},"end":{"line":189,"column":26}},"189":{"start":{"line":190,"column":0},"end":{"line":190,"column":3}},"191":{"start":{"line":192,"column":0},"end":{"line":192,"column":22}},"192":{"start":{"line":193,"column":0},"end":{"line":193,"column":30}},"193":{"start":{"line":194,"column":0},"end":{"line":194,"column":3}},"194":{"start":{"line":195,"column":0},"end":{"line":195,"column":1}},"196":{"start":{"line":197,"column":0},"end":{"line":197,"column":47}},"197":{"start":{"line":198,"column":0},"end":{"line":198,"column":27}},"198":{"start":{"line":199,"column":0},"end":{"line":199,"column":1}}},"s":{"0":1,"12":1,"13":1,"14":62,"16":1,"17":50,"18":1,"19":1,"21":49,"22":49,"23":50,"25":1,"26":6,"27":6,"28":1,"29":1,"31":5,"32":5,"33":5,"35":5,"36":6,"38":1,"39":3,"40":1,"41":1,"43":2,"44":3,"46":1,"47":22,"48":22,"50":1,"51":19,"52":19,"54":1,"55":4,"56":4,"58":1,"59":4,"60":4,"62":1,"63":10,"64":10,"66":1,"67":1,"68":1,"70":1,"71":1,"72":1,"74":1,"75":1,"76":2,"77":2,"78":1,"80":1,"81":1,"82":2,"83":2,"84":1,"86":1,"87":1,"88":2,"89":1,"90":1,"91":2,"92":1,"94":1,"95":1,"96":2,"97":1,"98":1,"99":2,"100":1,"102":1,"103":2,"104":2,"105":1,"106":1,"108":1,"109":2,"111":1,"112":4,"113":4,"114":1,"115":1,"117":3,"118":3,"119":3,"120":4,"122":1,"123":2,"124":2,"125":1,"126":1,"128":1,"129":2,"131":1,"132":2,"133":2,"134":1,"135":1,"136":1,"137":1,"138":1,"140":1,"142":1,"143":1,"145":1,"146":1,"147":1,"148":1,"149":1,"150":2,"151":0,"152":0,"153":0,"154":0,"155":0,"156":2,"158":1,"159":5,"160":5,"161":2,"162":2,"164":3,"165":5,"167":1,"168":10,"169":10,"170":10,"171":10,"172":10,"174":1,"175":11,"176":1,"177":1,"179":10,"181":10,"182":14,"183":14,"184":14,"185":11,"187":1,"188":1,"189":1,"191":1,"192":13,"193":13,"194":1,"196":1,"197":2,"198":2},"branchMap":{"0":{"type":"branch","line":14,"loc":{"start":{"line":14,"column":10},"end":{"line":15,"column":37}},"locations":[{"start":{"line":14,"column":10},"end":{"line":15,"column":37}}]},"1":{"type":"branch","line":17,"loc":{"start":{"line":17,"column":2},"end":{"line":24,"column":3}},"locations":[{"start":{"line":17,"column":2},"end":{"line":24,"column":3}}]},"2":{"type":"branch","line":18,"loc":{"start":{"line":18,"column":38},"end":{"line":20,"column":5}},"locations":[{"start":{"line":18,"column":38},"end":{"line":20,"column":5}}]},"3":{"type":"branch","line":20,"loc":{"start":{"line":20,"column":4},"end":{"line":23,"column":48}},"locations":[{"start":{"line":20,"column":4},"end":{"line":23,"column":48}}]},"4":{"type":"branch","line":26,"loc":{"start":{"line":26,"column":2},"end":{"line":37,"column":3}},"locations":[{"start":{"line":26,"column":2},"end":{"line":37,"column":3}}]},"5":{"type":"branch","line":28,"loc":{"start":{"line":28,"column":19},"end":{"line":36,"column":19}},"locations":[{"start":{"line":28,"column":19},"end":{"line":36,"column":19}}]},"6":{"type":"branch","line":28,"loc":{"start":{"line":28,"column":19},"end":{"line":30,"column":5}},"locations":[{"start":{"line":28,"column":19},"end":{"line":30,"column":5}}]},"7":{"type":"branch","line":39,"loc":{"start":{"line":39,"column":2},"end":{"line":45,"column":3}},"locations":[{"start":{"line":39,"column":2},"end":{"line":45,"column":3}}]},"8":{"type":"branch","line":40,"loc":{"start":{"line":40,"column":32},"end":{"line":44,"column":29}},"locations":[{"start":{"line":40,"column":32},"end":{"line":44,"column":29}}]},"9":{"type":"branch","line":40,"loc":{"start":{"line":40,"column":32},"end":{"line":42,"column":5}},"locations":[{"start":{"line":40,"column":32},"end":{"line":42,"column":5}}]},"10":{"type":"branch","line":47,"loc":{"start":{"line":47,"column":2},"end":{"line":49,"column":3}},"locations":[{"start":{"line":47,"column":2},"end":{"line":49,"column":3}}]},"11":{"type":"branch","line":51,"loc":{"start":{"line":51,"column":2},"end":{"line":53,"column":3}},"locations":[{"start":{"line":51,"column":2},"end":{"line":53,"column":3}}]},"12":{"type":"branch","line":55,"loc":{"start":{"line":55,"column":2},"end":{"line":57,"column":3}},"locations":[{"start":{"line":55,"column":2},"end":{"line":57,"column":3}}]},"13":{"type":"branch","line":56,"loc":{"start":{"line":56,"column":39},"end":{"line":56,"column":55}},"locations":[{"start":{"line":56,"column":39},"end":{"line":56,"column":55}}]},"14":{"type":"branch","line":59,"loc":{"start":{"line":59,"column":2},"end":{"line":61,"column":3}},"locations":[{"start":{"line":59,"column":2},"end":{"line":61,"column":3}}]},"15":{"type":"branch","line":60,"loc":{"start":{"line":60,"column":39},"end":{"line":60,"column":71}},"locations":[{"start":{"line":60,"column":39},"end":{"line":60,"column":71}}]},"16":{"type":"branch","line":63,"loc":{"start":{"line":63,"column":2},"end":{"line":65,"column":3}},"locations":[{"start":{"line":63,"column":2},"end":{"line":65,"column":3}}]},"17":{"type":"branch","line":67,"loc":{"start":{"line":67,"column":2},"end":{"line":69,"column":3}},"locations":[{"start":{"line":67,"column":2},"end":{"line":69,"column":3}}]},"18":{"type":"branch","line":71,"loc":{"start":{"line":71,"column":2},"end":{"line":73,"column":3}},"locations":[{"start":{"line":71,"column":2},"end":{"line":73,"column":3}}]},"19":{"type":"branch","line":75,"loc":{"start":{"line":75,"column":2},"end":{"line":79,"column":3}},"locations":[{"start":{"line":75,"column":2},"end":{"line":79,"column":3}}]},"20":{"type":"branch","line":76,"loc":{"start":{"line":76,"column":49},"end":{"line":78,"column":5}},"locations":[{"start":{"line":76,"column":49},"end":{"line":78,"column":5}}]},"21":{"type":"branch","line":81,"loc":{"start":{"line":81,"column":2},"end":{"line":85,"column":3}},"locations":[{"start":{"line":81,"column":2},"end":{"line":85,"column":3}}]},"22":{"type":"branch","line":82,"loc":{"start":{"line":82,"column":49},"end":{"line":84,"column":5}},"locations":[{"start":{"line":82,"column":49},"end":{"line":84,"column":5}}]},"23":{"type":"branch","line":87,"loc":{"start":{"line":87,"column":2},"end":{"line":93,"column":3}},"locations":[{"start":{"line":87,"column":2},"end":{"line":93,"column":3}}]},"24":{"type":"branch","line":88,"loc":{"start":{"line":88,"column":49},"end":{"line":92,"column":5}},"locations":[{"start":{"line":88,"column":49},"end":{"line":92,"column":5}}]},"25":{"type":"branch","line":89,"loc":{"start":{"line":89,"column":42},"end":{"line":91,"column":7}},"locations":[{"start":{"line":89,"column":42},"end":{"line":91,"column":7}}]},"26":{"type":"branch","line":95,"loc":{"start":{"line":95,"column":2},"end":{"line":101,"column":3}},"locations":[{"start":{"line":95,"column":2},"end":{"line":101,"column":3}}]},"27":{"type":"branch","line":96,"loc":{"start":{"line":96,"column":49},"end":{"line":100,"column":5}},"locations":[{"start":{"line":96,"column":49},"end":{"line":100,"column":5}}]},"28":{"type":"branch","line":97,"loc":{"start":{"line":97,"column":42},"end":{"line":99,"column":7}},"locations":[{"start":{"line":97,"column":42},"end":{"line":99,"column":7}}]},"29":{"type":"branch","line":103,"loc":{"start":{"line":103,"column":2},"end":{"line":110,"column":3}},"locations":[{"start":{"line":103,"column":2},"end":{"line":110,"column":3}}]},"30":{"type":"branch","line":105,"loc":{"start":{"line":105,"column":17},"end":{"line":109,"column":81}},"locations":[{"start":{"line":105,"column":17},"end":{"line":109,"column":81}}]},"31":{"type":"branch","line":112,"loc":{"start":{"line":112,"column":2},"end":{"line":121,"column":3}},"locations":[{"start":{"line":112,"column":2},"end":{"line":121,"column":3}}]},"32":{"type":"branch","line":114,"loc":{"start":{"line":114,"column":17},"end":{"line":120,"column":60}},"locations":[{"start":{"line":114,"column":17},"end":{"line":120,"column":60}}]},"33":{"type":"branch","line":114,"loc":{"start":{"line":114,"column":17},"end":{"line":116,"column":5}},"locations":[{"start":{"line":114,"column":17},"end":{"line":116,"column":5}}]},"34":{"type":"branch","line":119,"loc":{"start":{"line":119,"column":11},"end":{"line":119,"column":56}},"locations":[{"start":{"line":119,"column":11},"end":{"line":119,"column":56}}]},"35":{"type":"branch","line":120,"loc":{"start":{"line":120,"column":14},"end":{"line":120,"column":58}},"locations":[{"start":{"line":120,"column":14},"end":{"line":120,"column":58}}]},"36":{"type":"branch","line":123,"loc":{"start":{"line":123,"column":2},"end":{"line":130,"column":3}},"locations":[{"start":{"line":123,"column":2},"end":{"line":130,"column":3}}]},"37":{"type":"branch","line":125,"loc":{"start":{"line":125,"column":17},"end":{"line":129,"column":43}},"locations":[{"start":{"line":125,"column":17},"end":{"line":129,"column":43}}]},"38":{"type":"branch","line":132,"loc":{"start":{"line":132,"column":2},"end":{"line":157,"column":3}},"locations":[{"start":{"line":132,"column":2},"end":{"line":157,"column":3}}]},"39":{"type":"branch","line":134,"loc":{"start":{"line":134,"column":17},"end":{"line":151,"column":13}},"locations":[{"start":{"line":134,"column":17},"end":{"line":151,"column":13}}]},"40":{"type":"branch","line":151,"loc":{"start":{"line":151,"column":4},"end":{"line":156,"column":5}},"locations":[{"start":{"line":151,"column":4},"end":{"line":156,"column":5}}]},"41":{"type":"branch","line":159,"loc":{"start":{"line":159,"column":2},"end":{"line":166,"column":3}},"locations":[{"start":{"line":159,"column":2},"end":{"line":166,"column":3}}]},"42":{"type":"branch","line":161,"loc":{"start":{"line":161,"column":9},"end":{"line":161,"column":35}},"locations":[{"start":{"line":161,"column":9},"end":{"line":161,"column":35}}]},"43":{"type":"branch","line":161,"loc":{"start":{"line":161,"column":35},"end":{"line":163,"column":5}},"locations":[{"start":{"line":161,"column":35},"end":{"line":163,"column":5}}]},"44":{"type":"branch","line":163,"loc":{"start":{"line":163,"column":4},"end":{"line":165,"column":61}},"locations":[{"start":{"line":163,"column":4},"end":{"line":165,"column":61}}]},"45":{"type":"branch","line":168,"loc":{"start":{"line":168,"column":2},"end":{"line":173,"column":3}},"locations":[{"start":{"line":168,"column":2},"end":{"line":173,"column":3}}]},"46":{"type":"branch","line":175,"loc":{"start":{"line":175,"column":2},"end":{"line":186,"column":3}},"locations":[{"start":{"line":175,"column":2},"end":{"line":186,"column":3}}]},"47":{"type":"branch","line":176,"loc":{"start":{"line":176,"column":42},"end":{"line":185,"column":5}},"locations":[{"start":{"line":176,"column":42},"end":{"line":185,"column":5}}]},"48":{"type":"branch","line":176,"loc":{"start":{"line":176,"column":42},"end":{"line":178,"column":5}},"locations":[{"start":{"line":176,"column":42},"end":{"line":178,"column":5}}]},"49":{"type":"branch","line":182,"loc":{"start":{"line":182,"column":39},"end":{"line":185,"column":5}},"locations":[{"start":{"line":182,"column":39},"end":{"line":185,"column":5}}]},"50":{"type":"branch","line":188,"loc":{"start":{"line":188,"column":2},"end":{"line":190,"column":3}},"locations":[{"start":{"line":188,"column":2},"end":{"line":190,"column":3}}]},"51":{"type":"branch","line":192,"loc":{"start":{"line":192,"column":2},"end":{"line":194,"column":3}},"locations":[{"start":{"line":192,"column":2},"end":{"line":194,"column":3}}]},"52":{"type":"branch","line":197,"loc":{"start":{"line":197,"column":7},"end":{"line":199,"column":1}},"locations":[{"start":{"line":197,"column":7},"end":{"line":199,"column":1}}]}},"b":{"0":[62],"1":[50],"2":[1],"3":[49],"4":[6],"5":[5],"6":[1],"7":[3],"8":[2],"9":[1],"10":[22],"11":[19],"12":[4],"13":[9],"14":[4],"15":[11],"16":[10],"17":[1],"18":[1],"19":[1],"20":[2],"21":[1],"22":[2],"23":[1],"24":[2],"25":[1],"26":[1],"27":[2],"28":[1],"29":[2],"30":[1],"31":[4],"32":[3],"33":[1],"34":[5],"35":[5],"36":[2],"37":[1],"38":[2],"39":[1],"40":[0],"41":[5],"42":[4],"43":[2],"44":[3],"45":[10],"46":[11],"47":[10],"48":[1],"49":[14],"50":[1],"51":[13],"52":[2]},"fnMap":{"0":{"name":"<instance_members_initializer>","decl":{"start":{"line":14,"column":10},"end":{"line":15,"column":37}},"loc":{"start":{"line":14,"column":10},"end":{"line":15,"column":37}},"line":14},"1":{"name":"addServer","decl":{"start":{"line":17,"column":2},"end":{"line":24,"column":3}},"loc":{"start":{"line":17,"column":2},"end":{"line":24,"column":3}},"line":17},"2":{"name":"updateServer","decl":{"start":{"line":26,"column":2},"end":{"line":37,"column":3}},"loc":{"start":{"line":26,"column":2},"end":{"line":37,"column":3}},"line":26},"3":{"name":"removeServer","decl":{"start":{"line":39,"column":2},"end":{"line":45,"column":3}},"loc":{"start":{"line":39,"column":2},"end":{"line":45,"column":3}},"line":39},"4":{"name":"getServer","decl":{"start":{"line":47,"column":2},"end":{"line":49,"column":3}},"loc":{"start":{"line":47,"column":2},"end":{"line":49,"column":3}},"line":47},"5":{"name":"getAllServers","decl":{"start":{"line":51,"column":2},"end":{"line":53,"column":3}},"loc":{"start":{"line":51,"column":2},"end":{"line":53,"column":3}},"line":51},"6":{"name":"getEnabledServers","decl":{"start":{"line":55,"column":2},"end":{"line":57,"column":3}},"loc":{"start":{"line":55,"column":2},"end":{"line":57,"column":3}},"line":55},"7":{"name":"getServersByType","decl":{"start":{"line":59,"column":2},"end":{"line":61,"column":3}},"loc":{"start":{"line":59,"column":2},"end":{"line":61,"column":3}},"line":59},"8":{"name":"hasServer","decl":{"start":{"line":63,"column":2},"end":{"line":65,"column":3}},"loc":{"start":{"line":63,"column":2},"end":{"line":65,"column":3}},"line":63},"9":{"name":"enableServer","decl":{"start":{"line":67,"column":2},"end":{"line":69,"column":3}},"loc":{"start":{"line":67,"column":2},"end":{"line":69,"column":3}},"line":67},"10":{"name":"disableServer","decl":{"start":{"line":71,"column":2},"end":{"line":73,"column":3}},"loc":{"start":{"line":71,"column":2},"end":{"line":73,"column":3}},"line":71},"11":{"name":"enableAll","decl":{"start":{"line":75,"column":2},"end":{"line":79,"column":3}},"loc":{"start":{"line":75,"column":2},"end":{"line":79,"column":3}},"line":75},"12":{"name":"disableAll","decl":{"start":{"line":81,"column":2},"end":{"line":85,"column":3}},"loc":{"start":{"line":81,"column":2},"end":{"line":85,"column":3}},"line":81},"13":{"name":"enableType","decl":{"start":{"line":87,"column":2},"end":{"line":93,"column":3}},"loc":{"start":{"line":87,"column":2},"end":{"line":93,"column":3}},"line":87},"14":{"name":"disableType","decl":{"start":{"line":95,"column":2},"end":{"line":101,"column":3}},"loc":{"start":{"line":95,"column":2},"end":{"line":101,"column":3}},"line":95},"15":{"name":"updateServerStatus","decl":{"start":{"line":103,"column":2},"end":{"line":110,"column":3}},"loc":{"start":{"line":103,"column":2},"end":{"line":110,"column":3}},"line":103},"16":{"name":"getFallbackServers","decl":{"start":{"line":112,"column":2},"end":{"line":121,"column":3}},"loc":{"start":{"line":112,"column":2},"end":{"line":121,"column":3}},"line":112},"17":{"name":"validateServer","decl":{"start":{"line":123,"column":2},"end":{"line":130,"column":3}},"loc":{"start":{"line":123,"column":2},"end":{"line":130,"column":3}},"line":123},"18":{"name":"testConnection","decl":{"start":{"line":132,"column":2},"end":{"line":157,"column":3}},"loc":{"start":{"line":132,"column":2},"end":{"line":157,"column":3}},"line":132},"19":{"name":"getReconnectDelay","decl":{"start":{"line":159,"column":2},"end":{"line":166,"column":3}},"loc":{"start":{"line":159,"column":2},"end":{"line":166,"column":3}},"line":159},"20":{"name":"toJSON","decl":{"start":{"line":168,"column":2},"end":{"line":173,"column":3}},"loc":{"start":{"line":168,"column":2},"end":{"line":173,"column":3}},"line":168},"21":{"name":"fromJSON","decl":{"start":{"line":175,"column":2},"end":{"line":186,"column":3}},"loc":{"start":{"line":175,"column":2},"end":{"line":186,"column":3}},"line":175},"22":{"name":"clear","decl":{"start":{"line":188,"column":2},"end":{"line":190,"column":3}},"loc":{"start":{"line":188,"column":2},"end":{"line":190,"column":3}},"line":188},"23":{"name":"get size","decl":{"start":{"line":192,"column":2},"end":{"line":194,"column":3}},"loc":{"start":{"line":192,"column":2},"end":{"line":194,"column":3}},"line":192},"24":{"name":"createRegistry","decl":{"start":{"line":197,"column":7},"end":{"line":199,"column":1}},"loc":{"start":{"line":197,"column":7},"end":{"line":199,"column":1}},"line":197}},"f":{"0":62,"1":50,"2":6,"3":3,"4":22,"5":19,"6":4,"7":4,"8":10,"9":1,"10":1,"11":1,"12":1,"13":1,"14":1,"15":2,"16":4,"17":2,"18":2,"19":5,"20":10,"21":11,"22":1,"23":13,"24":2}}
,"/Users/irfandi/.local/share/opencode/worktree/d686a6dfff4eca54f64908f2ecb63fded89b9888/silent-river/packages/mcp/src/storage.ts": {"path":"/Users/irfandi/.local/share/opencode/worktree/d686a6dfff4eca54f64908f2ecb63fded89b9888/silent-river/packages/mcp/src/storage.ts","all":false,"statementMap":{"0":{"start":{"line":1,"column":0},"end":{"line":1,"column":57}},"5":{"start":{"line":6,"column":0},"end":{"line":6,"column":25}},"6":{"start":{"line":7,"column":0},"end":{"line":7,"column":56}},"7":{"start":{"line":8,"column":0},"end":{"line":8,"column":9}},"8":{"start":{"line":9,"column":0},"end":{"line":9,"column":54}},"9":{"start":{"line":10,"column":0},"end":{"line":10,"column":38}},"11":{"start":{"line":12,"column":0},"end":{"line":12,"column":61}},"13":{"start":{"line":14,"column":0},"end":{"line":14,"column":41}},"14":{"start":{"line":15,"column":0},"end":{"line":15,"column":35}},"16":{"start":{"line":17,"column":0},"end":{"line":17,"column":22}},"17":{"start":{"line":18,"column":0},"end":{"line":18,"column":21}},"18":{"start":{"line":19,"column":0},"end":{"line":19,"column":63}},"19":{"start":{"line":20,"column":0},"end":{"line":20,"column":33}},"20":{"start":{"line":21,"column":0},"end":{"line":21,"column":7}},"21":{"start":{"line":22,"column":0},"end":{"line":22,"column":18}},"22":{"start":{"line":23,"column":0},"end":{"line":23,"column":5}},"23":{"start":{"line":24,"column":0},"end":{"line":24,"column":3}},"25":{"start":{"line":26,"column":0},"end":{"line":26,"column":72}},"26":{"start":{"line":27,"column":0},"end":{"line":27,"column":37}},"27":{"start":{"line":28,"column":0},"end":{"line":28,"column":49}},"29":{"start":{"line":30,"column":0},"end":{"line":30,"column":58}},"30":{"start":{"line":31,"column":0},"end":{"line":31,"column":55}},"31":{"start":{"line":32,"column":0},"end":{"line":32,"column":3}},"33":{"start":{"line":34,"column":0},"end":{"line":34,"column":54}},"34":{"start":{"line":35,"column":0},"end":{"line":35,"column":9}},"35":{"start":{"line":36,"column":0},"end":{"line":36,"column":33}},"36":{"start":{"line":37,"column":0},"end":{"line":37,"column":18}},"37":{"start":{"line":38,"column":0},"end":{"line":38,"column":13}},"38":{"start":{"line":39,"column":0},"end":{"line":39,"column":19}},"39":{"start":{"line":40,"column":0},"end":{"line":40,"column":5}},"40":{"start":{"line":41,"column":0},"end":{"line":41,"column":3}},"41":{"start":{"line":42,"column":0},"end":{"line":42,"column":1}},"43":{"start":{"line":44,"column":0},"end":{"line":44,"column":45}},"44":{"start":{"line":45,"column":0},"end":{"line":45,"column":26}},"45":{"start":{"line":46,"column":0},"end":{"line":46,"column":1}}},"s":{"0":1,"5":1,"6":1,"7":11,"8":11,"9":10,"11":10,"13":10,"14":10,"16":10,"17":11,"18":3,"19":1,"20":1,"21":2,"22":2,"23":11,"25":1,"26":9,"27":9,"29":9,"30":9,"31":9,"33":1,"34":2,"35":2,"36":1,"37":1,"38":1,"39":1,"40":2,"41":1,"43":1,"44":1,"45":1},"branchMap":{"0":{"type":"branch","line":7,"loc":{"start":{"line":7,"column":2},"end":{"line":24,"column":3}},"locations":[{"start":{"line":7,"column":2},"end":{"line":24,"column":3}}]},"1":{"type":"branch","line":9,"loc":{"start":{"line":9,"column":52},"end":{"line":18,"column":13}},"locations":[{"start":{"line":9,"column":52},"end":{"line":18,"column":13}}]},"2":{"type":"branch","line":18,"loc":{"start":{"line":18,"column":4},"end":{"line":23,"column":5}},"locations":[{"start":{"line":18,"column":4},"end":{"line":23,"column":5}}]},"3":{"type":"branch","line":19,"loc":{"start":{"line":19,"column":62},"end":{"line":23,"column":5}},"locations":[{"start":{"line":19,"column":62},"end":{"line":23,"column":5}}]},"4":{"type":"branch","line":19,"loc":{"start":{"line":19,"column":62},"end":{"line":21,"column":7}},"locations":[{"start":{"line":19,"column":62},"end":{"line":21,"column":7}}]},"5":{"type":"branch","line":26,"loc":{"start":{"line":26,"column":2},"end":{"line":32,"column":3}},"locations":[{"start":{"line":26,"column":2},"end":{"line":32,"column":3}}]},"6":{"type":"branch","line":34,"loc":{"start":{"line":34,"column":2},"end":{"line":41,"column":3}},"locations":[{"start":{"line":34,"column":2},"end":{"line":41,"column":3}}]},"7":{"type":"branch","line":36,"loc":{"start":{"line":36,"column":31},"end":{"line":40,"column":5}},"locations":[{"start":{"line":36,"column":31},"end":{"line":40,"column":5}}]},"8":{"type":"branch","line":44,"loc":{"start":{"line":44,"column":7},"end":{"line":46,"column":1}},"locations":[{"start":{"line":44,"column":7},"end":{"line":46,"column":1}}]}},"b":{"0":[11],"1":[10],"2":[3],"3":[2],"4":[1],"5":[9],"6":[2],"7":[1],"8":[1]},"fnMap":{"0":{"name":"load","decl":{"start":{"line":7,"column":2},"end":{"line":24,"column":3}},"loc":{"start":{"line":7,"column":2},"end":{"line":24,"column":3}},"line":7},"1":{"name":"save","decl":{"start":{"line":26,"column":2},"end":{"line":32,"column":3}},"loc":{"start":{"line":26,"column":2},"end":{"line":32,"column":3}},"line":26},"2":{"name":"exists","decl":{"start":{"line":34,"column":2},"end":{"line":41,"column":3}},"loc":{"start":{"line":34,"column":2},"end":{"line":41,"column":3}},"line":34},"3":{"name":"createStorage","decl":{"start":{"line":44,"column":7},"end":{"line":46,"column":1}},"loc":{"start":{"line":44,"column":7},"end":{"line":46,"column":1}},"line":44}},"f":{"0":11,"1":9,"2":2,"3":1}}
,"/Users/irfandi/.local/share/opencode/worktree/d686a6dfff4eca54f64908f2ecb63fded89b9888/silent-river/packages/mcp/src/types.ts": {"path":"/Users/irfandi/.local/share/opencode/worktree/d686a6dfff4eca54f64908f2ecb63fded89b9888/silent-river/packages/mcp/src/types.ts","all":false,"statementMap":{"0":{"start":{"line":1,"column":0},"end":{"line":1,"column":24}},"2":{"start":{"line":3,"column":0},"end":{"line":3,"column":67}},"3":{"start":{"line":4,"column":0},"end":{"line":4,"column":73}},"5":{"start":{"line":6,"column":0},"end":{"line":6,"column":46}},"6":{"start":{"line":7,"column":0},"end":{"line":7,"column":26}},"7":{"start":{"line":8,"column":0},"end":{"line":8,"column":26}},"8":{"start":{"line":9,"column":0},"end":{"line":9,"column":37}},"9":{"start":{"line":10,"column":0},"end":{"line":10,"column":3}},"11":{"start":{"line":12,"column":0},"end":{"line":12,"column":50}},"12":{"start":{"line":13,"column":0},"end":{"line":13,"column":24}},"13":{"start":{"line":14,"column":0},"end":{"line":14,"column":26}},"14":{"start":{"line":15,"column":0},"end":{"line":15,"column":34}},"15":{"start":{"line":16,"column":0},"end":{"line":16,"column":3}},"17":{"start":{"line":18,"column":0},"end":{"line":18,"column":50}},"18":{"start":{"line":19,"column":0},"end":{"line":19,"column":26}},"19":{"start":{"line":20,"column":0},"end":{"line":20,"column":26}},"20":{"start":{"line":21,"column":0},"end":{"line":21,"column":39}},"21":{"start":{"line":22,"column":0},"end":{"line":22,"column":3}},"23":{"start":{"line":24,"column":0},"end":{"line":24,"column":48}},"24":{"start":{"line":25,"column":0},"end":{"line":25,"column":26}},"25":{"start":{"line":26,"column":0},"end":{"line":26,"column":26}},"26":{"start":{"line":27,"column":0},"end":{"line":27,"column":58}},"27":{"start":{"line":28,"column":0},"end":{"line":28,"column":3}},"29":{"start":{"line":30,"column":0},"end":{"line":30,"column":44}},"30":{"start":{"line":31,"column":0},"end":{"line":31,"column":51}},"31":{"start":{"line":32,"column":0},"end":{"line":32,"column":59}},"32":{"start":{"line":33,"column":0},"end":{"line":33,"column":55}},"33":{"start":{"line":34,"column":0},"end":{"line":34,"column":3}},"35":{"start":{"line":36,"column":0},"end":{"line":36,"column":46}},"36":{"start":{"line":37,"column":0},"end":{"line":37,"column":27}},"37":{"start":{"line":38,"column":0},"end":{"line":38,"column":29}},"38":{"start":{"line":39,"column":0},"end":{"line":39,"column":40}},"39":{"start":{"line":40,"column":0},"end":{"line":40,"column":40}},"40":{"start":{"line":41,"column":0},"end":{"line":41,"column":29}},"41":{"start":{"line":42,"column":0},"end":{"line":42,"column":3}},"43":{"start":{"line":44,"column":0},"end":{"line":44,"column":44}},"44":{"start":{"line":45,"column":0},"end":{"line":45,"column":25}},"45":{"start":{"line":46,"column":0},"end":{"line":46,"column":24}},"46":{"start":{"line":47,"column":0},"end":{"line":47,"column":44}},"47":{"start":{"line":48,"column":0},"end":{"line":48,"column":3}},"49":{"start":{"line":50,"column":0},"end":{"line":50,"column":50}},"50":{"start":{"line":51,"column":0},"end":{"line":51,"column":31}},"51":{"start":{"line":52,"column":0},"end":{"line":52,"column":44}},"52":{"start":{"line":53,"column":0},"end":{"line":53,"column":44}},"53":{"start":{"line":54,"column":0},"end":{"line":54,"column":3}},"55":{"start":{"line":56,"column":0},"end":{"line":56,"column":46}},"56":{"start":{"line":57,"column":0},"end":{"line":57,"column":23}},"57":{"start":{"line":58,"column":0},"end":{"line":58,"column":21}},"58":{"start":{"line":59,"column":0},"end":{"line":59,"column":27}},"59":{"start":{"line":60,"column":0},"end":{"line":60,"column":3}},"61":{"start":{"line":62,"column":0},"end":{"line":62,"column":46}},"62":{"start":{"line":63,"column":0},"end":{"line":63,"column":41}},"63":{"start":{"line":64,"column":0},"end":{"line":64,"column":54}},"64":{"start":{"line":65,"column":0},"end":{"line":65,"column":39}},"65":{"start":{"line":66,"column":0},"end":{"line":66,"column":59}},"66":{"start":{"line":67,"column":0},"end":{"line":67,"column":51}},"67":{"start":{"line":68,"column":0},"end":{"line":68,"column":3}},"69":{"start":{"line":70,"column":0},"end":{"line":70,"column":48}},"70":{"start":{"line":71,"column":0},"end":{"line":71,"column":25}},"71":{"start":{"line":72,"column":0},"end":{"line":72,"column":50}},"72":{"start":{"line":73,"column":0},"end":{"line":73,"column":35}},"73":{"start":{"line":74,"column":0},"end":{"line":74,"column":56}},"74":{"start":{"line":75,"column":0},"end":{"line":75,"column":3}},"76":{"start":{"line":77,"column":0},"end":{"line":77,"column":47}},"77":{"start":{"line":78,"column":0},"end":{"line":78,"column":55}},"78":{"start":{"line":79,"column":0},"end":{"line":79,"column":35}},"79":{"start":{"line":80,"column":0},"end":{"line":80,"column":37}},"80":{"start":{"line":81,"column":0},"end":{"line":81,"column":35}},"81":{"start":{"line":82,"column":0},"end":{"line":82,"column":46}},"82":{"start":{"line":83,"column":0},"end":{"line":83,"column":41}},"83":{"start":{"line":84,"column":0},"end":{"line":84,"column":45}},"84":{"start":{"line":85,"column":0},"end":{"line":85,"column":44}},"85":{"start":{"line":86,"column":0},"end":{"line":86,"column":3}},"87":{"start":{"line":88,"column":0},"end":{"line":88,"column":48}},"88":{"start":{"line":89,"column":0},"end":{"line":89,"column":39}},"89":{"start":{"line":90,"column":0},"end":{"line":90,"column":42}},"90":{"start":{"line":91,"column":0},"end":{"line":91,"column":3}},"92":{"start":{"line":93,"column":0},"end":{"line":93,"column":48}},"93":{"start":{"line":94,"column":0},"end":{"line":94,"column":21}},"94":{"start":{"line":95,"column":0},"end":{"line":95,"column":30}},"95":{"start":{"line":96,"column":0},"end":{"line":96,"column":3}},"97":{"start":{"line":98,"column":0},"end":{"line":98,"column":52}},"98":{"start":{"line":99,"column":0},"end":{"line":99,"column":23}},"99":{"start":{"line":100,"column":0},"end":{"line":100,"column":33}},"100":{"start":{"line":101,"column":0},"end":{"line":101,"column":31}},"101":{"start":{"line":102,"column":0},"end":{"line":102,"column":46}},"102":{"start":{"line":103,"column":0},"end":{"line":103,"column":3}},"122":{"start":{"line":123,"column":0},"end":{"line":123,"column":37}},"123":{"start":{"line":124,"column":0},"end":{"line":124,"column":32}},"124":{"start":{"line":125,"column":0},"end":{"line":125,"column":19}},"125":{"start":{"line":126,"column":0},"end":{"line":126,"column":27}},"126":{"start":{"line":127,"column":0},"end":{"line":127,"column":3}},"127":{"start":{"line":128,"column":0},"end":{"line":128,"column":1}},"129":{"start":{"line":130,"column":0},"end":{"line":130,"column":54}},"130":{"start":{"line":131,"column":0},"end":{"line":131,"column":27}},"131":{"start":{"line":132,"column":0},"end":{"line":132,"column":41}},"132":{"start":{"line":133,"column":0},"end":{"line":133,"column":41}},"133":{"start":{"line":134,"column":0},"end":{"line":134,"column":3}},"134":{"start":{"line":135,"column":0},"end":{"line":135,"column":1}},"136":{"start":{"line":137,"column":0},"end":{"line":137,"column":50}},"137":{"start":{"line":138,"column":0},"end":{"line":138,"column":40}},"138":{"start":{"line":139,"column":0},"end":{"line":139,"column":53}},"139":{"start":{"line":140,"column":0},"end":{"line":140,"column":37}},"140":{"start":{"line":141,"column":0},"end":{"line":141,"column":3}},"141":{"start":{"line":142,"column":0},"end":{"line":142,"column":1}},"143":{"start":{"line":144,"column":0},"end":{"line":144,"column":59}},"144":{"start":{"line":145,"column":0},"end":{"line":145,"column":27}},"145":{"start":{"line":146,"column":0},"end":{"line":146,"column":46}},"146":{"start":{"line":147,"column":0},"end":{"line":147,"column":46}},"147":{"start":{"line":148,"column":0},"end":{"line":148,"column":3}},"148":{"start":{"line":149,"column":0},"end":{"line":149,"column":1}},"150":{"start":{"line":151,"column":0},"end":{"line":151,"column":33}}},"s":{"0":1,"2":1,"3":1,"5":1,"6":1,"7":1,"8":1,"9":1,"11":1,"12":1,"13":1,"14":1,"15":1,"17":1,"18":1,"19":1,"20":1,"21":1,"23":1,"24":1,"25":1,"26":1,"27":1,"29":1,"30":1,"31":1,"32":1,"33":1,"35":1,"36":1,"37":1,"38":1,"39":1,"40":1,"41":1,"43":1,"44":1,"45":1,"46":1,"47":1,"49":1,"50":1,"51":1,"52":1,"53":1,"55":1,"56":1,"57":1,"58":1,"59":1,"61":1,"62":1,"63":1,"64":1,"65":1,"66":1,"67":1,"69":1,"70":1,"71":1,"72":1,"73":1,"74":1,"76":1,"77":1,"78":1,"79":1,"80":1,"81":1,"82":1,"83":1,"84":1,"85":1,"87":1,"88":1,"89":1,"90":1,"92":1,"93":1,"94":1,"95":1,"97":1,"98":1,"99":1,"100":1,"101":1,"102":1,"122":1,"123":1,"124":6,"125":6,"126":6,"127":1,"129":1,"130":1,"131":3,"132":3,"133":3,"134":1,"136":1,"137":1,"138":2,"139":2,"140":2,"141":1,"143":1,"144":1,"145":1,"146":1,"147":1,"148":1,"150":1},"branchMap":{"0":{"type":"branch","line":124,"loc":{"start":{"line":124,"column":2},"end":{"line":127,"column":3}},"locations":[{"start":{"line":124,"column":2},"end":{"line":127,"column":3}}]},"1":{"type":"branch","line":131,"loc":{"start":{"line":131,"column":2},"end":{"line":134,"column":3}},"locations":[{"start":{"line":131,"column":2},"end":{"line":134,"column":3}}]},"2":{"type":"branch","line":138,"loc":{"start":{"line":138,"column":2},"end":{"line":141,"column":3}},"locations":[{"start":{"line":138,"column":2},"end":{"line":141,"column":3}}]},"3":{"type":"branch","line":145,"loc":{"start":{"line":145,"column":2},"end":{"line":148,"column":3}},"locations":[{"start":{"line":145,"column":2},"end":{"line":148,"column":3}}]}},"b":{"0":[6],"1":[3],"2":[2],"3":[1]},"fnMap":{"0":{"name":"MCPError","decl":{"start":{"line":124,"column":2},"end":{"line":127,"column":3}},"loc":{"start":{"line":124,"column":2},"end":{"line":127,"column":3}},"line":124},"1":{"name":"MCPServerNotFoundError","decl":{"start":{"line":131,"column":2},"end":{"line":134,"column":3}},"loc":{"start":{"line":131,"column":2},"end":{"line":134,"column":3}},"line":131},"2":{"name":"MCPValidationError","decl":{"start":{"line":138,"column":2},"end":{"line":141,"column":3}},"loc":{"start":{"line":138,"column":2},"end":{"line":141,"column":3}},"line":138},"3":{"name":"MCPServerAlreadyExistsError","decl":{"start":{"line":145,"column":2},"end":{"line":148,"column":3}},"loc":{"start":{"line":145,"column":2},"end":{"line":148,"column":3}},"line":145}},"f":{"0":6,"1":3,"2":2,"3":1}}
,"/Users/irfandi/.local/share/opencode/worktree/d686a6dfff4eca54f64908f2ecb63fded89b9888/silent-river/packages/mcp/src/validation.ts": {"path":"/Users/irfandi/.local/share/opencode/worktree/d686a6dfff4eca54f64908f2ecb63fded89b9888/silent-river/packages/mcp/src/validation.ts","all":false,"statementMap":{"0":{"start":{"line":1,"column":0},"end":{"line":1,"column":8}},"8":{"start":{"line":9,"column":0},"end":{"line":9,"column":76}},"9":{"start":{"line":10,"column":0},"end":{"line":10,"column":57}},"11":{"start":{"line":12,"column":0},"end":{"line":12,"column":23}},"12":{"start":{"line":13,"column":0},"end":{"line":13,"column":32}},"13":{"start":{"line":14,"column":0},"end":{"line":14,"column":34}},"15":{"start":{"line":16,"column":0},"end":{"line":16,"column":39}},"16":{"start":{"line":17,"column":0},"end":{"line":17,"column":21}},"17":{"start":{"line":18,"column":0},"end":{"line":18,"column":43}},"18":{"start":{"line":19,"column":0},"end":{"line":19,"column":58}},"19":{"start":{"line":20,"column":0},"end":{"line":20,"column":9}},"20":{"start":{"line":21,"column":0},"end":{"line":21,"column":14}},"21":{"start":{"line":22,"column":0},"end":{"line":22,"column":7}},"22":{"start":{"line":23,"column":0},"end":{"line":23,"column":17}},"23":{"start":{"line":24,"column":0},"end":{"line":24,"column":25}},"24":{"start":{"line":25,"column":0},"end":{"line":25,"column":39}},"25":{"start":{"line":26,"column":0},"end":{"line":26,"column":76}},"26":{"start":{"line":27,"column":0},"end":{"line":27,"column":9}},"27":{"start":{"line":28,"column":0},"end":{"line":28,"column":56}},"28":{"start":{"line":29,"column":0},"end":{"line":29,"column":59}},"29":{"start":{"line":30,"column":0},"end":{"line":30,"column":71}},"30":{"start":{"line":31,"column":0},"end":{"line":31,"column":9}},"31":{"start":{"line":32,"column":0},"end":{"line":32,"column":14}},"32":{"start":{"line":33,"column":0},"end":{"line":33,"column":7}},"33":{"start":{"line":34,"column":0},"end":{"line":34,"column":5}},"35":{"start":{"line":36,"column":0},"end":{"line":36,"column":68}},"36":{"start":{"line":37,"column":0},"end":{"line":37,"column":55}},"37":{"start":{"line":38,"column":0},"end":{"line":38,"column":5}},"39":{"start":{"line":40,"column":0},"end":{"line":40,"column":12}},"40":{"start":{"line":41,"column":0},"end":{"line":41,"column":33}},"41":{"start":{"line":42,"column":0},"end":{"line":42,"column":13}},"42":{"start":{"line":43,"column":0},"end":{"line":43,"column":6}},"43":{"start":{"line":44,"column":0},"end":{"line":44,"column":3}},"45":{"start":{"line":46,"column":0},"end":{"line":46,"column":10}},"46":{"start":{"line":47,"column":0},"end":{"line":47,"column":17}},"47":{"start":{"line":48,"column":0},"end":{"line":48,"column":80}},"48":{"start":{"line":49,"column":0},"end":{"line":49,"column":4}},"49":{"start":{"line":50,"column":0},"end":{"line":50,"column":1}},"51":{"start":{"line":52,"column":0},"end":{"line":52,"column":78}},"52":{"start":{"line":53,"column":0},"end":{"line":53,"column":49}},"54":{"start":{"line":55,"column":0},"end":{"line":55,"column":22}},"55":{"start":{"line":56,"column":0},"end":{"line":56,"column":48}},"56":{"start":{"line":57,"column":0},"end":{"line":57,"column":3}},"58":{"start":{"line":59,"column":0},"end":{"line":59,"column":35}},"59":{"start":{"line":60,"column":0},"end":{"line":60,"column":1}},"61":{"start":{"line":62,"column":0},"end":{"line":62,"column":54}},"62":{"start":{"line":63,"column":0},"end":{"line":63,"column":71}},"63":{"start":{"line":64,"column":0},"end":{"line":64,"column":1}},"65":{"start":{"line":66,"column":0},"end":{"line":66,"column":75}},"66":{"start":{"line":67,"column":0},"end":{"line":67,"column":54}},"67":{"start":{"line":68,"column":0},"end":{"line":68,"column":1}},"69":{"start":{"line":70,"column":0},"end":{"line":70,"column":50}},"70":{"start":{"line":71,"column":0},"end":{"line":71,"column":7}},"71":{"start":{"line":72,"column":0},"end":{"line":72,"column":17}},"72":{"start":{"line":73,"column":0},"end":{"line":73,"column":16}},"73":{"start":{"line":74,"column":0},"end":{"line":74,"column":11}},"74":{"start":{"line":75,"column":0},"end":{"line":75,"column":17}},"75":{"start":{"line":76,"column":0},"end":{"line":76,"column":3}},"76":{"start":{"line":77,"column":0},"end":{"line":77,"column":1}},"78":{"start":{"line":79,"column":0},"end":{"line":79,"column":59}},"79":{"start":{"line":80,"column":0},"end":{"line":80,"column":51}},"80":{"start":{"line":81,"column":0},"end":{"line":81,"column":1}},"82":{"start":{"line":83,"column":0},"end":{"line":83,"column":82}},"83":{"start":{"line":84,"column":0},"end":{"line":84,"column":56}},"84":{"start":{"line":85,"column":0},"end":{"line":85,"column":1}}},"s":{"0":1,"8":1,"9":82,"11":82,"12":75,"13":75,"15":75,"16":75,"17":55,"18":0,"19":0,"20":55,"21":55,"22":75,"23":75,"24":20,"25":0,"26":0,"27":20,"28":20,"29":0,"30":0,"31":20,"32":20,"33":75,"35":75,"36":1,"37":1,"39":75,"40":75,"41":75,"42":75,"43":75,"45":7,"46":7,"47":7,"48":7,"49":7,"51":1,"52":70,"54":70,"55":1,"56":1,"58":69,"59":69,"61":1,"62":7,"63":7,"65":1,"66":6,"67":6,"69":1,"70":9,"71":9,"72":9,"73":9,"74":2,"75":2,"76":9,"78":1,"79":4,"80":4,"82":1,"83":9,"84":9},"branchMap":{"0":{"type":"branch","line":9,"loc":{"start":{"line":9,"column":7},"end":{"line":50,"column":1}},"locations":[{"start":{"line":9,"column":7},"end":{"line":50,"column":1}}]},"1":{"type":"branch","line":12,"loc":{"start":{"line":12,"column":22},"end":{"line":44,"column":3}},"locations":[{"start":{"line":12,"column":22},"end":{"line":44,"column":3}}]},"2":{"type":"branch","line":17,"loc":{"start":{"line":17,"column":6},"end":{"line":22,"column":7}},"locations":[{"start":{"line":17,"column":6},"end":{"line":22,"column":7}}]},"3":{"type":"branch","line":18,"loc":{"start":{"line":18,"column":42},"end":{"line":20,"column":9}},"locations":[{"start":{"line":18,"column":42},"end":{"line":20,"column":9}}]},"4":{"type":"branch","line":23,"loc":{"start":{"line":23,"column":6},"end":{"line":23,"column":17}},"locations":[{"start":{"line":23,"column":6},"end":{"line":23,"column":17}}]},"5":{"type":"branch","line":24,"loc":{"start":{"line":24,"column":6},"end":{"line":33,"column":7}},"locations":[{"start":{"line":24,"column":6},"end":{"line":33,"column":7}}]},"6":{"type":"branch","line":25,"loc":{"start":{"line":25,"column":38},"end":{"line":27,"column":9}},"locations":[{"start":{"line":25,"column":38},"end":{"line":27,"column":9}}]},"7":{"type":"branch","line":28,"loc":{"start":{"line":28,"column":41},"end":{"line":29,"column":58}},"locations":[{"start":{"line":28,"column":41},"end":{"line":29,"column":58}}]},"8":{"type":"branch","line":29,"loc":{"start":{"line":29,"column":58},"end":{"line":31,"column":9}},"locations":[{"start":{"line":29,"column":58},"end":{"line":31,"column":9}}]},"9":{"type":"branch","line":36,"loc":{"start":{"line":36,"column":67},"end":{"line":38,"column":5}},"locations":[{"start":{"line":36,"column":67},"end":{"line":38,"column":5}}]},"10":{"type":"branch","line":44,"loc":{"start":{"line":44,"column":2},"end":{"line":50,"column":1}},"locations":[{"start":{"line":44,"column":2},"end":{"line":50,"column":1}}]},"11":{"type":"branch","line":48,"loc":{"start":{"line":48,"column":36},"end":{"line":48,"column":78}},"locations":[{"start":{"line":48,"column":36},"end":{"line":48,"column":78}}]},"12":{"type":"branch","line":52,"loc":{"start":{"line":52,"column":7},"end":{"line":60,"column":1}},"locations":[{"start":{"line":52,"column":7},"end":{"line":60,"column":1}}]},"13":{"type":"branch","line":55,"loc":{"start":{"line":55,"column":21},"end":{"line":60,"column":1}},"locations":[{"start":{"line":55,"column":21},"end":{"line":60,"column":1}}]},"14":{"type":"branch","line":55,"loc":{"start":{"line":55,"column":21},"end":{"line":57,"column":3}},"locations":[{"start":{"line":55,"column":21},"end":{"line":57,"column":3}}]},"15":{"type":"branch","line":62,"loc":{"start":{"line":62,"column":7},"end":{"line":64,"column":1}},"locations":[{"start":{"line":62,"column":7},"end":{"line":64,"column":1}}]},"16":{"type":"branch","line":63,"loc":{"start":{"line":63,"column":32},"end":{"line":63,"column":55}},"locations":[{"start":{"line":63,"column":32},"end":{"line":63,"column":55}}]},"17":{"type":"branch","line":63,"loc":{"start":{"line":63,"column":50},"end":{"line":63,"column":71}},"locations":[{"start":{"line":63,"column":50},"end":{"line":63,"column":71}}]},"18":{"type":"branch","line":66,"loc":{"start":{"line":66,"column":7},"end":{"line":68,"column":1}},"locations":[{"start":{"line":66,"column":7},"end":{"line":68,"column":1}}]},"19":{"type":"branch","line":70,"loc":{"start":{"line":70,"column":7},"end":{"line":77,"column":1}},"locations":[{"start":{"line":70,"column":7},"end":{"line":77,"column":1}}]},"20":{"type":"branch","line":74,"loc":{"start":{"line":74,"column":2},"end":{"line":76,"column":3}},"locations":[{"start":{"line":74,"column":2},"end":{"line":76,"column":3}}]},"21":{"type":"branch","line":79,"loc":{"start":{"line":79,"column":7},"end":{"line":81,"column":1}},"locations":[{"start":{"line":79,"column":7},"end":{"line":81,"column":1}}]},"22":{"type":"branch","line":83,"loc":{"start":{"line":83,"column":7},"end":{"line":85,"column":1}},"locations":[{"start":{"line":83,"column":7},"end":{"line":85,"column":1}}]}},"b":{"0":[82],"1":[75],"2":[55],"3":[0],"4":[12],"5":[20],"6":[0],"7":[8],"8":[0],"9":[1],"10":[7],"11":[10],"12":[70],"13":[69],"14":[1],"15":[7],"16":[4],"17":[4],"18":[6],"19":[9],"20":[2],"21":[4],"22":[9]},"fnMap":{"0":{"name":"validateMCPServerConfig","decl":{"start":{"line":9,"column":7},"end":{"line":50,"column":1}},"loc":{"start":{"line":9,"column":7},"end":{"line":50,"column":1}},"line":9},"1":{"name":"assertValidMCPServerConfig","decl":{"start":{"line":52,"column":7},"end":{"line":60,"column":1}},"loc":{"start":{"line":52,"column":7},"end":{"line":60,"column":1}},"line":52},"2":{"name":"isValidServerId","decl":{"start":{"line":62,"column":7},"end":{"line":64,"column":1}},"loc":{"start":{"line":62,"column":7},"end":{"line":64,"column":1}},"line":62},"3":{"name":"isValidTransportType","decl":{"start":{"line":66,"column":7},"end":{"line":68,"column":1}},"loc":{"start":{"line":66,"column":7},"end":{"line":68,"column":1}},"line":66},"4":{"name":"isValidUrl","decl":{"start":{"line":70,"column":7},"end":{"line":77,"column":1}},"loc":{"start":{"line":70,"column":7},"end":{"line":77,"column":1}},"line":70},"5":{"name":"isValidWebSocketUrl","decl":{"start":{"line":79,"column":7},"end":{"line":81,"column":1}},"loc":{"start":{"line":79,"column":7},"end":{"line":81,"column":1}},"line":79},"6":{"name":"calculateBackoff","decl":{"start":{"line":83,"column":7},"end":{"line":85,"column":1}},"loc":{"start":{"line":83,"column":7},"end":{"line":85,"column":1}},"line":83}},"f":{"0":82,"1":70,"2":7,"3":6,"4":9,"5":4,"6":9}}
}
