{"/Users/irfandi/.local/share/opencode/worktree/d686a6dfff4eca54f64908f2ecb63fded89b9888/silent-river/packages/channels/src/index.ts": {"path":"/Users/irfandi/.local/share/opencode/worktree/d686a6dfff4eca54f64908f2ecb63fded89b9888/silent-river/packages/channels/src/index.ts","all":false,"statementMap":{"0":{"start":{"line":1,"column":0},"end":{"line":1,"column":8}}},"s":{"0":1},"branchMap":{},"b":{},"fnMap":{},"f":{}}
,"/Users/irfandi/.local/share/opencode/worktree/d686a6dfff4eca54f64908f2ecb63fded89b9888/silent-river/packages/channels/src/registry.ts": {"path":"/Users/irfandi/.local/share/opencode/worktree/d686a6dfff4eca54f64908f2ecb63fded89b9888/silent-river/packages/channels/src/registry.ts","all":false,"statementMap":{"0":{"start":{"line":1,"column":0},"end":{"line":1,"column":8}},"12":{"start":{"line":13,"column":0},"end":{"line":13,"column":30}},"13":{"start":{"line":14,"column":0},"end":{"line":14,"column":60}},"14":{"start":{"line":15,"column":0},"end":{"line":15,"column":37}},"16":{"start":{"line":17,"column":0},"end":{"line":17,"column":43}},"17":{"start":{"line":18,"column":0},"end":{"line":18,"column":40}},"18":{"start":{"line":19,"column":0},"end":{"line":19,"column":53}},"19":{"start":{"line":20,"column":0},"end":{"line":20,"column":5}},"21":{"start":{"line":22,"column":0},"end":{"line":22,"column":37}},"22":{"start":{"line":23,"column":0},"end":{"line":23,"column":49}},"23":{"start":{"line":24,"column":0},"end":{"line":24,"column":3}},"25":{"start":{"line":26,"column":0},"end":{"line":26,"column":77}},"26":{"start":{"line":27,"column":0},"end":{"line":27,"column":44}},"27":{"start":{"line":28,"column":0},"end":{"line":28,"column":20}},"28":{"start":{"line":29,"column":0},"end":{"line":29,"column":41}},"29":{"start":{"line":30,"column":0},"end":{"line":30,"column":5}},"31":{"start":{"line":32,"column":0},"end":{"line":32,"column":48}},"32":{"start":{"line":33,"column":0},"end":{"line":33,"column":38}},"33":{"start":{"line":34,"column":0},"end":{"line":34,"column":36}},"35":{"start":{"line":36,"column":0},"end":{"line":36,"column":19}},"36":{"start":{"line":37,"column":0},"end":{"line":37,"column":3}},"38":{"start":{"line":39,"column":0},"end":{"line":39,"column":35}},"39":{"start":{"line":40,"column":0},"end":{"line":40,"column":34}},"40":{"start":{"line":41,"column":0},"end":{"line":41,"column":41}},"41":{"start":{"line":42,"column":0},"end":{"line":42,"column":5}},"43":{"start":{"line":44,"column":0},"end":{"line":44,"column":30}},"44":{"start":{"line":45,"column":0},"end":{"line":45,"column":3}},"46":{"start":{"line":47,"column":0},"end":{"line":47,"column":53}},"47":{"start":{"line":48,"column":0},"end":{"line":48,"column":34}},"48":{"start":{"line":49,"column":0},"end":{"line":49,"column":3}},"50":{"start":{"line":51,"column":0},"end":{"line":51,"column":37}},"51":{"start":{"line":52,"column":0},"end":{"line":52,"column":47}},"52":{"start":{"line":53,"column":0},"end":{"line":53,"column":3}},"54":{"start":{"line":55,"column":0},"end":{"line":55,"column":41}},"55":{"start":{"line":56,"column":0},"end":{"line":56,"column":58}},"56":{"start":{"line":57,"column":0},"end":{"line":57,"column":3}},"58":{"start":{"line":59,"column":0},"end":{"line":59,"column":57}},"59":{"start":{"line":60,"column":0},"end":{"line":60,"column":64}},"60":{"start":{"line":61,"column":0},"end":{"line":61,"column":3}},"62":{"start":{"line":63,"column":0},"end":{"line":63,"column":35}},"63":{"start":{"line":64,"column":0},"end":{"line":64,"column":34}},"64":{"start":{"line":65,"column":0},"end":{"line":65,"column":3}},"66":{"start":{"line":67,"column":0},"end":{"line":67,"column":35}},"67":{"start":{"line":68,"column":0},"end":{"line":68,"column":46}},"68":{"start":{"line":69,"column":0},"end":{"line":69,"column":3}},"70":{"start":{"line":71,"column":0},"end":{"line":71,"column":36}},"71":{"start":{"line":72,"column":0},"end":{"line":72,"column":47}},"72":{"start":{"line":73,"column":0},"end":{"line":73,"column":3}},"74":{"start":{"line":75,"column":0},"end":{"line":75,"column":21}},"75":{"start":{"line":76,"column":0},"end":{"line":76,"column":52}},"76":{"start":{"line":77,"column":0},"end":{"line":77,"column":29}},"77":{"start":{"line":78,"column":0},"end":{"line":78,"column":5}},"78":{"start":{"line":79,"column":0},"end":{"line":79,"column":3}},"80":{"start":{"line":81,"column":0},"end":{"line":81,"column":22}},"81":{"start":{"line":82,"column":0},"end":{"line":82,"column":52}},"82":{"start":{"line":83,"column":0},"end":{"line":83,"column":30}},"83":{"start":{"line":84,"column":0},"end":{"line":84,"column":5}},"84":{"start":{"line":85,"column":0},"end":{"line":85,"column":3}},"86":{"start":{"line":87,"column":0},"end":{"line":87,"column":39}},"87":{"start":{"line":88,"column":0},"end":{"line":88,"column":52}},"88":{"start":{"line":89,"column":0},"end":{"line":89,"column":34}},"89":{"start":{"line":90,"column":0},"end":{"line":90,"column":31}},"90":{"start":{"line":91,"column":0},"end":{"line":91,"column":7}},"91":{"start":{"line":92,"column":0},"end":{"line":92,"column":5}},"92":{"start":{"line":93,"column":0},"end":{"line":93,"column":3}},"94":{"start":{"line":95,"column":0},"end":{"line":95,"column":40}},"95":{"start":{"line":96,"column":0},"end":{"line":96,"column":52}},"96":{"start":{"line":97,"column":0},"end":{"line":97,"column":34}},"97":{"start":{"line":98,"column":0},"end":{"line":98,"column":32}},"98":{"start":{"line":99,"column":0},"end":{"line":99,"column":7}},"99":{"start":{"line":100,"column":0},"end":{"line":100,"column":5}},"100":{"start":{"line":101,"column":0},"end":{"line":101,"column":3}},"102":{"start":{"line":103,"column":0},"end":{"line":103,"column":83}},"103":{"start":{"line":104,"column":0},"end":{"line":104,"column":43}},"104":{"start":{"line":105,"column":0},"end":{"line":105,"column":19}},"105":{"start":{"line":106,"column":0},"end":{"line":106,"column":41}},"106":{"start":{"line":107,"column":0},"end":{"line":107,"column":5}},"108":{"start":{"line":109,"column":0},"end":{"line":109,"column":81}},"109":{"start":{"line":110,"column":0},"end":{"line":110,"column":3}},"111":{"start":{"line":112,"column":0},"end":{"line":112,"column":73}},"112":{"start":{"line":113,"column":0},"end":{"line":113,"column":43}},"113":{"start":{"line":114,"column":0},"end":{"line":114,"column":19}},"114":{"start":{"line":115,"column":0},"end":{"line":115,"column":68}},"115":{"start":{"line":116,"column":0},"end":{"line":116,"column":5}},"117":{"start":{"line":118,"column":0},"end":{"line":118,"column":42}},"118":{"start":{"line":119,"column":0},"end":{"line":119,"column":3}},"120":{"start":{"line":121,"column":0},"end":{"line":121,"column":67}},"121":{"start":{"line":122,"column":0},"end":{"line":122,"column":43}},"122":{"start":{"line":123,"column":0},"end":{"line":123,"column":19}},"123":{"start":{"line":124,"column":0},"end":{"line":124,"column":14}},"124":{"start":{"line":125,"column":0},"end":{"line":125,"column":23}},"125":{"start":{"line":126,"column":0},"end":{"line":126,"column":42}},"126":{"start":{"line":127,"column":0},"end":{"line":127,"column":8}},"127":{"start":{"line":128,"column":0},"end":{"line":128,"column":5}},"129":{"start":{"line":130,"column":0},"end":{"line":130,"column":36}},"131":{"start":{"line":132,"column":0},"end":{"line":132,"column":9}},"132":{"start":{"line":133,"column":0},"end":{"line":133,"column":48}},"134":{"start":{"line":135,"column":0},"end":{"line":135,"column":14}},"135":{"start":{"line":136,"column":0},"end":{"line":136,"column":22}},"136":{"start":{"line":137,"column":0},"end":{"line":137,"column":16}},"137":{"start":{"line":138,"column":0},"end":{"line":138,"column":8}},"138":{"start":{"line":139,"column":0},"end":{"line":139,"column":21}},"139":{"start":{"line":140,"column":0},"end":{"line":140,"column":14}},"140":{"start":{"line":141,"column":0},"end":{"line":141,"column":23}},"141":{"start":{"line":142,"column":0},"end":{"line":142,"column":72}},"142":{"start":{"line":143,"column":0},"end":{"line":143,"column":8}},"143":{"start":{"line":144,"column":0},"end":{"line":144,"column":5}},"144":{"start":{"line":145,"column":0},"end":{"line":145,"column":3}},"146":{"start":{"line":147,"column":0},"end":{"line":147,"column":28}},"147":{"start":{"line":148,"column":0},"end":{"line":148,"column":12}},"148":{"start":{"line":149,"column":0},"end":{"line":149,"column":29}},"149":{"start":{"line":150,"column":0},"end":{"line":150,"column":38}},"150":{"start":{"line":151,"column":0},"end":{"line":151,"column":6}},"151":{"start":{"line":152,"column":0},"end":{"line":152,"column":3}},"153":{"start":{"line":154,"column":0},"end":{"line":154,"column":40}},"154":{"start":{"line":155,"column":0},"end":{"line":155,"column":43}},"155":{"start":{"line":156,"column":0},"end":{"line":156,"column":81}},"156":{"start":{"line":157,"column":0},"end":{"line":157,"column":5}},"158":{"start":{"line":159,"column":0},"end":{"line":159,"column":27}},"160":{"start":{"line":161,"column":0},"end":{"line":161,"column":42}},"161":{"start":{"line":162,"column":0},"end":{"line":162,"column":40}},"162":{"start":{"line":163,"column":0},"end":{"line":163,"column":46}},"163":{"start":{"line":164,"column":0},"end":{"line":164,"column":5}},"164":{"start":{"line":165,"column":0},"end":{"line":165,"column":3}},"166":{"start":{"line":167,"column":0},"end":{"line":167,"column":17}},"167":{"start":{"line":168,"column":0},"end":{"line":168,"column":27}},"168":{"start":{"line":169,"column":0},"end":{"line":169,"column":3}},"170":{"start":{"line":171,"column":0},"end":{"line":171,"column":22}},"171":{"start":{"line":172,"column":0},"end":{"line":172,"column":31}},"172":{"start":{"line":173,"column":0},"end":{"line":173,"column":3}},"173":{"start":{"line":174,"column":0},"end":{"line":174,"column":1}},"175":{"start":{"line":176,"column":0},"end":{"line":176,"column":51}},"176":{"start":{"line":177,"column":0},"end":{"line":177,"column":31}},"177":{"start":{"line":178,"column":0},"end":{"line":178,"column":1}}},"s":{"0":1,"12":1,"13":1,"14":53,"16":1,"17":47,"18":1,"19":1,"21":46,"22":46,"23":47,"25":1,"26":9,"27":9,"28":1,"29":1,"31":8,"32":8,"33":8,"35":8,"36":9,"38":1,"39":3,"40":1,"41":1,"43":2,"44":3,"46":1,"47":18,"48":18,"50":1,"51":19,"52":19,"54":1,"55":2,"56":2,"58":1,"59":2,"60":2,"62":1,"63":15,"64":15,"66":1,"67":3,"68":3,"70":1,"71":3,"72":3,"74":1,"75":2,"76":4,"77":4,"78":2,"80":1,"81":2,"82":4,"83":4,"84":2,"86":1,"87":1,"88":2,"89":1,"90":1,"91":2,"92":1,"94":1,"95":0,"96":0,"97":0,"98":0,"99":0,"100":0,"102":1,"103":3,"104":3,"105":1,"106":1,"108":2,"109":3,"111":1,"112":2,"113":2,"114":1,"115":1,"117":1,"118":2,"120":1,"121":2,"122":2,"123":1,"124":1,"125":1,"126":1,"127":1,"129":1,"131":1,"132":1,"134":1,"135":1,"136":1,"137":1,"138":2,"139":0,"140":0,"141":0,"142":0,"143":0,"144":2,"146":1,"147":10,"148":10,"149":10,"150":10,"151":10,"153":1,"154":7,"155":1,"156":1,"158":6,"160":6,"161":7,"162":7,"163":7,"164":7,"166":1,"167":1,"168":1,"170":1,"171":5,"172":5,"173":1,"175":1,"176":17,"177":17},"branchMap":{"0":{"type":"branch","line":14,"loc":{"start":{"line":14,"column":10},"end":{"line":15,"column":37}},"locations":[{"start":{"line":14,"column":10},"end":{"line":15,"column":37}}]},"1":{"type":"branch","line":17,"loc":{"start":{"line":17,"column":2},"end":{"line":24,"column":3}},"locations":[{"start":{"line":17,"column":2},"end":{"line":24,"column":3}}]},"2":{"type":"branch","line":18,"loc":{"start":{"line":18,"column":39},"end":{"line":20,"column":5}},"locations":[{"start":{"line":18,"column":39},"end":{"line":20,"column":5}}]},"3":{"type":"branch","line":20,"loc":{"start":{"line":20,"column":4},"end":{"line":23,"column":49}},"locations":[{"start":{"line":20,"column":4},"end":{"line":23,"column":49}}]},"4":{"type":"branch","line":26,"loc":{"start":{"line":26,"column":2},"end":{"line":37,"column":3}},"locations":[{"start":{"line":26,"column":2},"end":{"line":37,"column":3}}]},"5":{"type":"branch","line":28,"loc":{"start":{"line":28,"column":19},"end":{"line":30,"column":5}},"locations":[{"start":{"line":28,"column":19},"end":{"line":30,"column":5}}]},"6":{"type":"branch","line":30,"loc":{"start":{"line":30,"column":4},"end":{"line":36,"column":19}},"locations":[{"start":{"line":30,"column":4},"end":{"line":36,"column":19}}]},"7":{"type":"branch","line":39,"loc":{"start":{"line":39,"column":2},"end":{"line":45,"column":3}},"locations":[{"start":{"line":39,"column":2},"end":{"line":45,"column":3}}]},"8":{"type":"branch","line":40,"loc":{"start":{"line":40,"column":33},"end":{"line":44,"column":30}},"locations":[{"start":{"line":40,"column":33},"end":{"line":44,"column":30}}]},"9":{"type":"branch","line":40,"loc":{"start":{"line":40,"column":33},"end":{"line":42,"column":5}},"locations":[{"start":{"line":40,"column":33},"end":{"line":42,"column":5}}]},"10":{"type":"branch","line":47,"loc":{"start":{"line":47,"column":2},"end":{"line":49,"column":3}},"locations":[{"start":{"line":47,"column":2},"end":{"line":49,"column":3}}]},"11":{"type":"branch","line":51,"loc":{"start":{"line":51,"column":2},"end":{"line":53,"column":3}},"locations":[{"start":{"line":51,"column":2},"end":{"line":53,"column":3}}]},"12":{"type":"branch","line":55,"loc":{"start":{"line":55,"column":2},"end":{"line":57,"column":3}},"locations":[{"start":{"line":55,"column":2},"end":{"line":57,"column":3}}]},"13":{"type":"branch","line":56,"loc":{"start":{"line":56,"column":40},"end":{"line":56,"column":56}},"locations":[{"start":{"line":56,"column":40},"end":{"line":56,"column":56}}]},"14":{"type":"branch","line":59,"loc":{"start":{"line":59,"column":2},"end":{"line":61,"column":3}},"locations":[{"start":{"line":59,"column":2},"end":{"line":61,"column":3}}]},"15":{"type":"branch","line":60,"loc":{"start":{"line":60,"column":40},"end":{"line":60,"column":62}},"locations":[{"start":{"line":60,"column":40},"end":{"line":60,"column":62}}]},"16":{"type":"branch","line":63,"loc":{"start":{"line":63,"column":2},"end":{"line":65,"column":3}},"locations":[{"start":{"line":63,"column":2},"end":{"line":65,"column":3}}]},"17":{"type":"branch","line":67,"loc":{"start":{"line":67,"column":2},"end":{"line":69,"column":3}},"locations":[{"start":{"line":67,"column":2},"end":{"line":69,"column":3}}]},"18":{"type":"branch","line":71,"loc":{"start":{"line":71,"column":2},"end":{"line":73,"column":3}},"locations":[{"start":{"line":71,"column":2},"end":{"line":73,"column":3}}]},"19":{"type":"branch","line":75,"loc":{"start":{"line":75,"column":2},"end":{"line":79,"column":3}},"locations":[{"start":{"line":75,"column":2},"end":{"line":79,"column":3}}]},"20":{"type":"branch","line":76,"loc":{"start":{"line":76,"column":51},"end":{"line":78,"column":5}},"locations":[{"start":{"line":76,"column":51},"end":{"line":78,"column":5}}]},"21":{"type":"branch","line":81,"loc":{"start":{"line":81,"column":2},"end":{"line":85,"column":3}},"locations":[{"start":{"line":81,"column":2},"end":{"line":85,"column":3}}]},"22":{"type":"branch","line":82,"loc":{"start":{"line":82,"column":51},"end":{"line":84,"column":5}},"locations":[{"start":{"line":82,"column":51},"end":{"line":84,"column":5}}]},"23":{"type":"branch","line":87,"loc":{"start":{"line":87,"column":2},"end":{"line":93,"column":3}},"locations":[{"start":{"line":87,"column":2},"end":{"line":93,"column":3}}]},"24":{"type":"branch","line":88,"loc":{"start":{"line":88,"column":51},"end":{"line":92,"column":5}},"locations":[{"start":{"line":88,"column":51},"end":{"line":92,"column":5}}]},"25":{"type":"branch","line":89,"loc":{"start":{"line":89,"column":33},"end":{"line":91,"column":7}},"locations":[{"start":{"line":89,"column":33},"end":{"line":91,"column":7}}]},"26":{"type":"branch","line":103,"loc":{"start":{"line":103,"column":2},"end":{"line":110,"column":3}},"locations":[{"start":{"line":103,"column":2},"end":{"line":110,"column":3}}]},"27":{"type":"branch","line":105,"loc":{"start":{"line":105,"column":18},"end":{"line":109,"column":81}},"locations":[{"start":{"line":105,"column":18},"end":{"line":109,"column":81}}]},"28":{"type":"branch","line":105,"loc":{"start":{"line":105,"column":18},"end":{"line":107,"column":5}},"locations":[{"start":{"line":105,"column":18},"end":{"line":107,"column":5}}]},"29":{"type":"branch","line":112,"loc":{"start":{"line":112,"column":2},"end":{"line":119,"column":3}},"locations":[{"start":{"line":112,"column":2},"end":{"line":119,"column":3}}]},"30":{"type":"branch","line":114,"loc":{"start":{"line":114,"column":18},"end":{"line":118,"column":42}},"locations":[{"start":{"line":114,"column":18},"end":{"line":118,"column":42}}]},"31":{"type":"branch","line":121,"loc":{"start":{"line":121,"column":2},"end":{"line":145,"column":3}},"locations":[{"start":{"line":121,"column":2},"end":{"line":145,"column":3}}]},"32":{"type":"branch","line":123,"loc":{"start":{"line":123,"column":18},"end":{"line":139,"column":13}},"locations":[{"start":{"line":123,"column":18},"end":{"line":139,"column":13}}]},"33":{"type":"branch","line":139,"loc":{"start":{"line":139,"column":4},"end":{"line":144,"column":5}},"locations":[{"start":{"line":139,"column":4},"end":{"line":144,"column":5}}]},"34":{"type":"branch","line":147,"loc":{"start":{"line":147,"column":2},"end":{"line":152,"column":3}},"locations":[{"start":{"line":147,"column":2},"end":{"line":152,"column":3}}]},"35":{"type":"branch","line":154,"loc":{"start":{"line":154,"column":2},"end":{"line":165,"column":3}},"locations":[{"start":{"line":154,"column":2},"end":{"line":165,"column":3}}]},"36":{"type":"branch","line":155,"loc":{"start":{"line":155,"column":42},"end":{"line":164,"column":5}},"locations":[{"start":{"line":155,"column":42},"end":{"line":164,"column":5}}]},"37":{"type":"branch","line":155,"loc":{"start":{"line":155,"column":42},"end":{"line":157,"column":5}},"locations":[{"start":{"line":155,"column":42},"end":{"line":157,"column":5}}]},"38":{"type":"branch","line":161,"loc":{"start":{"line":161,"column":41},"end":{"line":164,"column":5}},"locations":[{"start":{"line":161,"column":41},"end":{"line":164,"column":5}}]},"39":{"type":"branch","line":167,"loc":{"start":{"line":167,"column":2},"end":{"line":169,"column":3}},"locations":[{"start":{"line":167,"column":2},"end":{"line":169,"column":3}}]},"40":{"type":"branch","line":171,"loc":{"start":{"line":171,"column":2},"end":{"line":173,"column":3}},"locations":[{"start":{"line":171,"column":2},"end":{"line":173,"column":3}}]},"41":{"type":"branch","line":176,"loc":{"start":{"line":176,"column":7},"end":{"line":178,"column":1}},"locations":[{"start":{"line":176,"column":7},"end":{"line":178,"column":1}}]}},"b":{"0":[53],"1":[47],"2":[1],"3":[46],"4":[9],"5":[1],"6":[8],"7":[3],"8":[2],"9":[1],"10":[18],"11":[19],"12":[2],"13":[3],"14":[2],"15":[6],"16":[15],"17":[3],"18":[3],"19":[2],"20":[4],"21":[2],"22":[4],"23":[1],"24":[2],"25":[1],"26":[3],"27":[2],"28":[1],"29":[2],"30":[1],"31":[2],"32":[1],"33":[0],"34":[10],"35":[7],"36":[6],"37":[1],"38":[7],"39":[1],"40":[5],"41":[17]},"fnMap":{"0":{"name":"<instance_members_initializer>","decl":{"start":{"line":14,"column":10},"end":{"line":15,"column":37}},"loc":{"start":{"line":14,"column":10},"end":{"line":15,"column":37}},"line":14},"1":{"name":"addChannel","decl":{"start":{"line":17,"column":2},"end":{"line":24,"column":3}},"loc":{"start":{"line":17,"column":2},"end":{"line":24,"column":3}},"line":17},"2":{"name":"updateChannel","decl":{"start":{"line":26,"column":2},"end":{"line":37,"column":3}},"loc":{"start":{"line":26,"column":2},"end":{"line":37,"column":3}},"line":26},"3":{"name":"removeChannel","decl":{"start":{"line":39,"column":2},"end":{"line":45,"column":3}},"loc":{"start":{"line":39,"column":2},"end":{"line":45,"column":3}},"line":39},"4":{"name":"getChannel","decl":{"start":{"line":47,"column":2},"end":{"line":49,"column":3}},"loc":{"start":{"line":47,"column":2},"end":{"line":49,"column":3}},"line":47},"5":{"name":"getAllChannels","decl":{"start":{"line":51,"column":2},"end":{"line":53,"column":3}},"loc":{"start":{"line":51,"column":2},"end":{"line":53,"column":3}},"line":51},"6":{"name":"getEnabledChannels","decl":{"start":{"line":55,"column":2},"end":{"line":57,"column":3}},"loc":{"start":{"line":55,"column":2},"end":{"line":57,"column":3}},"line":55},"7":{"name":"getChannelsByType","decl":{"start":{"line":59,"column":2},"end":{"line":61,"column":3}},"loc":{"start":{"line":59,"column":2},"end":{"line":61,"column":3}},"line":59},"8":{"name":"hasChannel","decl":{"start":{"line":63,"column":2},"end":{"line":65,"column":3}},"loc":{"start":{"line":63,"column":2},"end":{"line":65,"column":3}},"line":63},"9":{"name":"enableChannel","decl":{"start":{"line":67,"column":2},"end":{"line":69,"column":3}},"loc":{"start":{"line":67,"column":2},"end":{"line":69,"column":3}},"line":67},"10":{"name":"disableChannel","decl":{"start":{"line":71,"column":2},"end":{"line":73,"column":3}},"loc":{"start":{"line":71,"column":2},"end":{"line":73,"column":3}},"line":71},"11":{"name":"enableAll","decl":{"start":{"line":75,"column":2},"end":{"line":79,"column":3}},"loc":{"start":{"line":75,"column":2},"end":{"line":79,"column":3}},"line":75},"12":{"name":"disableAll","decl":{"start":{"line":81,"column":2},"end":{"line":85,"column":3}},"loc":{"start":{"line":81,"column":2},"end":{"line":85,"column":3}},"line":81},"13":{"name":"enableType","decl":{"start":{"line":87,"column":2},"end":{"line":93,"column":3}},"loc":{"start":{"line":87,"column":2},"end":{"line":93,"column":3}},"line":87},"14":{"name":"disableType","decl":{"start":{"line":95,"column":2},"end":{"line":101,"column":3}},"loc":{"start":{"line":95,"column":2},"end":{"line":101,"column":3}},"line":95},"15":{"name":"updateChannelStatus","decl":{"start":{"line":103,"column":2},"end":{"line":110,"column":3}},"loc":{"start":{"line":103,"column":2},"end":{"line":110,"column":3}},"line":103},"16":{"name":"validateChannel","decl":{"start":{"line":112,"column":2},"end":{"line":119,"column":3}},"loc":{"start":{"line":112,"column":2},"end":{"line":119,"column":3}},"line":112},"17":{"name":"testConnection","decl":{"start":{"line":121,"column":2},"end":{"line":145,"column":3}},"loc":{"start":{"line":121,"column":2},"end":{"line":145,"column":3}},"line":121},"18":{"name":"toJSON","decl":{"start":{"line":147,"column":2},"end":{"line":152,"column":3}},"loc":{"start":{"line":147,"column":2},"end":{"line":152,"column":3}},"line":147},"19":{"name":"fromJSON","decl":{"start":{"line":154,"column":2},"end":{"line":165,"column":3}},"loc":{"start":{"line":154,"column":2},"end":{"line":165,"column":3}},"line":154},"20":{"name":"clear","decl":{"start":{"line":167,"column":2},"end":{"line":169,"column":3}},"loc":{"start":{"line":167,"column":2},"end":{"line":169,"column":3}},"line":167},"21":{"name":"get size","decl":{"start":{"line":171,"column":2},"end":{"line":173,"column":3}},"loc":{"start":{"line":171,"column":2},"end":{"line":173,"column":3}},"line":171},"22":{"name":"createRegistry","decl":{"start":{"line":176,"column":7},"end":{"line":178,"column":1}},"loc":{"start":{"line":176,"column":7},"end":{"line":178,"column":1}},"line":176}},"f":{"0":53,"1":47,"2":9,"3":3,"4":18,"5":19,"6":2,"7":2,"8":15,"9":3,"10":3,"11":2,"12":2,"13":1,"14":0,"15":3,"16":2,"17":2,"18":10,"19":7,"20":1,"21":5,"22":17}}
,"/Users/irfandi/.local/share/opencode/worktree/d686a6dfff4eca54f64908f2ecb63fded89b9888/silent-river/packages/channels/src/storage.ts": {"path":"/Users/irfandi/.local/share/opencode/worktree/d686a6dfff4eca54f64908f2ecb63fded89b9888/silent-river/packages/channels/src/storage.ts","all":false,"statementMap":{"0":{"start":{"line":1,"column":0},"end":{"line":1,"column":57}},"5":{"start":{"line":6,"column":0},"end":{"line":6,"column":29}},"6":{"start":{"line":7,"column":0},"end":{"line":7,"column":60}},"7":{"start":{"line":8,"column":0},"end":{"line":8,"column":9}},"8":{"start":{"line":9,"column":0},"end":{"line":9,"column":54}},"9":{"start":{"line":10,"column":0},"end":{"line":10,"column":38}},"11":{"start":{"line":12,"column":0},"end":{"line":12,"column":59}},"13":{"start":{"line":14,"column":0},"end":{"line":14,"column":45}},"14":{"start":{"line":15,"column":0},"end":{"line":15,"column":35}},"16":{"start":{"line":17,"column":0},"end":{"line":17,"column":22}},"17":{"start":{"line":18,"column":0},"end":{"line":18,"column":21}},"18":{"start":{"line":19,"column":0},"end":{"line":19,"column":63}},"19":{"start":{"line":20,"column":0},"end":{"line":20,"column":37}},"20":{"start":{"line":21,"column":0},"end":{"line":21,"column":7}},"21":{"start":{"line":22,"column":0},"end":{"line":22,"column":18}},"22":{"start":{"line":23,"column":0},"end":{"line":23,"column":5}},"23":{"start":{"line":24,"column":0},"end":{"line":24,"column":3}},"25":{"start":{"line":26,"column":0},"end":{"line":26,"column":76}},"26":{"start":{"line":27,"column":0},"end":{"line":27,"column":37}},"27":{"start":{"line":28,"column":0},"end":{"line":28,"column":49}},"29":{"start":{"line":30,"column":0},"end":{"line":30,"column":58}},"30":{"start":{"line":31,"column":0},"end":{"line":31,"column":55}},"31":{"start":{"line":32,"column":0},"end":{"line":32,"column":3}},"33":{"start":{"line":34,"column":0},"end":{"line":34,"column":54}},"34":{"start":{"line":35,"column":0},"end":{"line":35,"column":9}},"35":{"start":{"line":36,"column":0},"end":{"line":36,"column":33}},"36":{"start":{"line":37,"column":0},"end":{"line":37,"column":18}},"37":{"start":{"line":38,"column":0},"end":{"line":38,"column":13}},"38":{"start":{"line":39,"column":0},"end":{"line":39,"column":19}},"39":{"start":{"line":40,"column":0},"end":{"line":40,"column":5}},"40":{"start":{"line":41,"column":0},"end":{"line":41,"column":3}},"41":{"start":{"line":42,"column":0},"end":{"line":42,"column":1}},"43":{"start":{"line":44,"column":0},"end":{"line":44,"column":49}},"44":{"start":{"line":45,"column":0},"end":{"line":45,"column":30}},"45":{"start":{"line":46,"column":0},"end":{"line":46,"column":1}}},"s":{"0":1,"5":1,"6":1,"7":6,"8":6,"9":5,"11":5,"13":5,"14":5,"16":5,"17":5,"18":1,"19":1,"20":1,"21":0,"22":0,"23":6,"25":1,"26":9,"27":9,"29":9,"30":9,"31":9,"33":1,"34":6,"35":6,"36":5,"37":6,"38":1,"39":1,"40":6,"41":1,"43":1,"44":6,"45":6},"branchMap":{"0":{"type":"branch","line":7,"loc":{"start":{"line":7,"column":2},"end":{"line":24,"column":3}},"locations":[{"start":{"line":7,"column":2},"end":{"line":24,"column":3}}]},"1":{"type":"branch","line":9,"loc":{"start":{"line":9,"column":52},"end":{"line":23,"column":5}},"locations":[{"start":{"line":9,"column":52},"end":{"line":23,"column":5}}]},"2":{"type":"branch","line":18,"loc":{"start":{"line":18,"column":4},"end":{"line":23,"column":5}},"locations":[{"start":{"line":18,"column":4},"end":{"line":23,"column":5}}]},"3":{"type":"branch","line":21,"loc":{"start":{"line":21,"column":6},"end":{"line":23,"column":5}},"locations":[{"start":{"line":21,"column":6},"end":{"line":23,"column":5}}]},"4":{"type":"branch","line":26,"loc":{"start":{"line":26,"column":2},"end":{"line":32,"column":3}},"locations":[{"start":{"line":26,"column":2},"end":{"line":32,"column":3}}]},"5":{"type":"branch","line":34,"loc":{"start":{"line":34,"column":2},"end":{"line":41,"column":3}},"locations":[{"start":{"line":34,"column":2},"end":{"line":41,"column":3}}]},"6":{"type":"branch","line":36,"loc":{"start":{"line":36,"column":31},"end":{"line":38,"column":12}},"locations":[{"start":{"line":36,"column":31},"end":{"line":38,"column":12}}]},"7":{"type":"branch","line":38,"loc":{"start":{"line":38,"column":4},"end":{"line":40,"column":5}},"locations":[{"start":{"line":38,"column":4},"end":{"line":40,"column":5}}]},"8":{"type":"branch","line":44,"loc":{"start":{"line":44,"column":7},"end":{"line":46,"column":1}},"locations":[{"start":{"line":44,"column":7},"end":{"line":46,"column":1}}]}},"b":{"0":[6],"1":[5],"2":[1],"3":[0],"4":[9],"5":[6],"6":[5],"7":[1],"8":[6]},"fnMap":{"0":{"name":"load","decl":{"start":{"line":7,"column":2},"end":{"line":24,"column":3}},"loc":{"start":{"line":7,"column":2},"end":{"line":24,"column":3}},"line":7},"1":{"name":"save","decl":{"start":{"line":26,"column":2},"end":{"line":32,"column":3}},"loc":{"start":{"line":26,"column":2},"end":{"line":32,"column":3}},"line":26},"2":{"name":"exists","decl":{"start":{"line":34,"column":2},"end":{"line":41,"column":3}},"loc":{"start":{"line":34,"column":2},"end":{"line":41,"column":3}},"line":34},"3":{"name":"createStorage","decl":{"start":{"line":44,"column":7},"end":{"line":46,"column":1}},"loc":{"start":{"line":44,"column":7},"end":{"line":46,"column":1}},"line":44}},"f":{"0":6,"1":9,"2":6,"3":6}}
,"/Users/irfandi/.local/share/opencode/worktree/d686a6dfff4eca54f64908f2ecb63fded89b9888/silent-river/packages/channels/src/types.ts": {"path":"/Users/irfandi/.local/share/opencode/worktree/d686a6dfff4eca54f64908f2ecb63fded89b9888/silent-river/packages/channels/src/types.ts","all":false,"statementMap":{"0":{"start":{"line":1,"column":0},"end":{"line":1,"column":24}},"2":{"start":{"line":3,"column":0},"end":{"line":3,"column":100}},"4":{"start":{"line":5,"column":0},"end":{"line":5,"column":47}},"5":{"start":{"line":6,"column":0},"end":{"line":6,"column":60}},"6":{"start":{"line":7,"column":0},"end":{"line":7,"column":58}},"7":{"start":{"line":8,"column":0},"end":{"line":8,"column":57}},"8":{"start":{"line":9,"column":0},"end":{"line":9,"column":3}},"10":{"start":{"line":11,"column":0},"end":{"line":11,"column":46}},"11":{"start":{"line":12,"column":0},"end":{"line":12,"column":30}},"12":{"start":{"line":13,"column":0},"end":{"line":13,"column":32}},"13":{"start":{"line":14,"column":0},"end":{"line":14,"column":67}},"14":{"start":{"line":15,"column":0},"end":{"line":15,"column":46}},"15":{"start":{"line":16,"column":0},"end":{"line":16,"column":3}},"17":{"start":{"line":18,"column":0},"end":{"line":18,"column":45}},"18":{"start":{"line":19,"column":0},"end":{"line":19,"column":30}},"19":{"start":{"line":20,"column":0},"end":{"line":20,"column":35}},"20":{"start":{"line":21,"column":0},"end":{"line":21,"column":33}},"21":{"start":{"line":22,"column":0},"end":{"line":22,"column":35}},"22":{"start":{"line":23,"column":0},"end":{"line":23,"column":43}},"23":{"start":{"line":24,"column":0},"end":{"line":24,"column":3}},"25":{"start":{"line":26,"column":0},"end":{"line":26,"column":43}},"26":{"start":{"line":27,"column":0},"end":{"line":27,"column":30}},"27":{"start":{"line":28,"column":0},"end":{"line":28,"column":34}},"28":{"start":{"line":29,"column":0},"end":{"line":29,"column":39}},"29":{"start":{"line":30,"column":0},"end":{"line":30,"column":35}},"30":{"start":{"line":31,"column":0},"end":{"line":31,"column":41}},"31":{"start":{"line":32,"column":0},"end":{"line":32,"column":3}},"33":{"start":{"line":34,"column":0},"end":{"line":34,"column":49}},"34":{"start":{"line":35,"column":0},"end":{"line":35,"column":26}},"35":{"start":{"line":36,"column":0},"end":{"line":36,"column":36}},"36":{"start":{"line":37,"column":0},"end":{"line":37,"column":22}},"37":{"start":{"line":38,"column":0},"end":{"line":38,"column":30}},"38":{"start":{"line":39,"column":0},"end":{"line":39,"column":30}},"39":{"start":{"line":40,"column":0},"end":{"line":40,"column":3}},"41":{"start":{"line":42,"column":0},"end":{"line":42,"column":43}},"42":{"start":{"line":43,"column":0},"end":{"line":43,"column":43}},"43":{"start":{"line":44,"column":0},"end":{"line":44,"column":43}},"44":{"start":{"line":45,"column":0},"end":{"line":45,"column":60}},"45":{"start":{"line":46,"column":0},"end":{"line":46,"column":40}},"46":{"start":{"line":47,"column":0},"end":{"line":47,"column":3}},"48":{"start":{"line":49,"column":0},"end":{"line":49,"column":46}},"49":{"start":{"line":50,"column":0},"end":{"line":50,"column":33}},"50":{"start":{"line":51,"column":0},"end":{"line":51,"column":37}},"51":{"start":{"line":52,"column":0},"end":{"line":52,"column":56}},"52":{"start":{"line":53,"column":0},"end":{"line":53,"column":42}},"53":{"start":{"line":54,"column":0},"end":{"line":54,"column":3}},"55":{"start":{"line":56,"column":0},"end":{"line":56,"column":43}},"56":{"start":{"line":57,"column":0},"end":{"line":57,"column":47}},"57":{"start":{"line":58,"column":0},"end":{"line":58,"column":31}},"58":{"start":{"line":59,"column":0},"end":{"line":59,"column":34}},"59":{"start":{"line":60,"column":0},"end":{"line":60,"column":34}},"60":{"start":{"line":61,"column":0},"end":{"line":61,"column":3}},"62":{"start":{"line":63,"column":0},"end":{"line":63,"column":50}},"63":{"start":{"line":64,"column":0},"end":{"line":64,"column":49}},"64":{"start":{"line":65,"column":0},"end":{"line":65,"column":55}},"65":{"start":{"line":66,"column":0},"end":{"line":66,"column":3}},"67":{"start":{"line":68,"column":0},"end":{"line":68,"column":45}},"68":{"start":{"line":69,"column":0},"end":{"line":69,"column":24}},"69":{"start":{"line":70,"column":0},"end":{"line":70,"column":67}},"70":{"start":{"line":71,"column":0},"end":{"line":71,"column":44}},"71":{"start":{"line":72,"column":0},"end":{"line":72,"column":37}},"72":{"start":{"line":73,"column":0},"end":{"line":73,"column":52}},"73":{"start":{"line":74,"column":0},"end":{"line":74,"column":3}},"75":{"start":{"line":76,"column":0},"end":{"line":76,"column":47}},"76":{"start":{"line":77,"column":0},"end":{"line":77,"column":43}},"77":{"start":{"line":78,"column":0},"end":{"line":78,"column":40}},"78":{"start":{"line":79,"column":0},"end":{"line":79,"column":50}},"79":{"start":{"line":80,"column":0},"end":{"line":80,"column":48}},"80":{"start":{"line":81,"column":0},"end":{"line":81,"column":48}},"81":{"start":{"line":82,"column":0},"end":{"line":82,"column":46}},"82":{"start":{"line":83,"column":0},"end":{"line":83,"column":3}},"84":{"start":{"line":85,"column":0},"end":{"line":85,"column":47}},"85":{"start":{"line":86,"column":0},"end":{"line":86,"column":24}},"86":{"start":{"line":87,"column":0},"end":{"line":87,"column":32}},"87":{"start":{"line":88,"column":0},"end":{"line":88,"column":38}},"88":{"start":{"line":89,"column":0},"end":{"line":89,"column":3}},"90":{"start":{"line":91,"column":0},"end":{"line":91,"column":48}},"91":{"start":{"line":92,"column":0},"end":{"line":92,"column":25}},"92":{"start":{"line":93,"column":0},"end":{"line":93,"column":50}},"93":{"start":{"line":94,"column":0},"end":{"line":94,"column":35}},"94":{"start":{"line":95,"column":0},"end":{"line":95,"column":49}},"95":{"start":{"line":96,"column":0},"end":{"line":96,"column":51}},"96":{"start":{"line":97,"column":0},"end":{"line":97,"column":3}},"98":{"start":{"line":99,"column":0},"end":{"line":99,"column":45}},"99":{"start":{"line":100,"column":0},"end":{"line":100,"column":55}},"100":{"start":{"line":101,"column":0},"end":{"line":101,"column":35}},"101":{"start":{"line":102,"column":0},"end":{"line":102,"column":20}},"102":{"start":{"line":103,"column":0},"end":{"line":103,"column":37}},"103":{"start":{"line":104,"column":0},"end":{"line":104,"column":19}},"104":{"start":{"line":105,"column":0},"end":{"line":105,"column":25}},"105":{"start":{"line":106,"column":0},"end":{"line":106,"column":24}},"106":{"start":{"line":107,"column":0},"end":{"line":107,"column":22}},"107":{"start":{"line":108,"column":0},"end":{"line":108,"column":22}},"108":{"start":{"line":109,"column":0},"end":{"line":109,"column":25}},"109":{"start":{"line":110,"column":0},"end":{"line":110,"column":24}},"110":{"start":{"line":111,"column":0},"end":{"line":111,"column":5}},"111":{"start":{"line":112,"column":0},"end":{"line":112,"column":46}},"112":{"start":{"line":113,"column":0},"end":{"line":113,"column":44}},"113":{"start":{"line":114,"column":0},"end":{"line":114,"column":44}},"114":{"start":{"line":115,"column":0},"end":{"line":115,"column":3}},"116":{"start":{"line":117,"column":0},"end":{"line":117,"column":46}},"117":{"start":{"line":118,"column":0},"end":{"line":118,"column":39}},"118":{"start":{"line":119,"column":0},"end":{"line":119,"column":41}},"119":{"start":{"line":120,"column":0},"end":{"line":120,"column":3}},"121":{"start":{"line":122,"column":0},"end":{"line":122,"column":48}},"122":{"start":{"line":123,"column":0},"end":{"line":123,"column":21}},"123":{"start":{"line":124,"column":0},"end":{"line":124,"column":30}},"124":{"start":{"line":125,"column":0},"end":{"line":125,"column":3}},"126":{"start":{"line":127,"column":0},"end":{"line":127,"column":52}},"127":{"start":{"line":128,"column":0},"end":{"line":128,"column":23}},"128":{"start":{"line":129,"column":0},"end":{"line":129,"column":33}},"129":{"start":{"line":130,"column":0},"end":{"line":130,"column":31}},"130":{"start":{"line":131,"column":0},"end":{"line":131,"column":3}},"151":{"start":{"line":152,"column":0},"end":{"line":152,"column":41}},"152":{"start":{"line":153,"column":0},"end":{"line":153,"column":32}},"153":{"start":{"line":154,"column":0},"end":{"line":154,"column":19}},"154":{"start":{"line":155,"column":0},"end":{"line":155,"column":31}},"155":{"start":{"line":156,"column":0},"end":{"line":156,"column":3}},"156":{"start":{"line":157,"column":0},"end":{"line":157,"column":1}},"158":{"start":{"line":159,"column":0},"end":{"line":159,"column":56}},"159":{"start":{"line":160,"column":0},"end":{"line":160,"column":27}},"160":{"start":{"line":161,"column":0},"end":{"line":161,"column":38}},"161":{"start":{"line":162,"column":0},"end":{"line":162,"column":39}},"162":{"start":{"line":163,"column":0},"end":{"line":163,"column":3}},"163":{"start":{"line":164,"column":0},"end":{"line":164,"column":1}},"165":{"start":{"line":166,"column":0},"end":{"line":166,"column":58}},"166":{"start":{"line":167,"column":0},"end":{"line":167,"column":40}},"167":{"start":{"line":168,"column":0},"end":{"line":168,"column":53}},"168":{"start":{"line":169,"column":0},"end":{"line":169,"column":41}},"169":{"start":{"line":170,"column":0},"end":{"line":170,"column":3}},"170":{"start":{"line":171,"column":0},"end":{"line":171,"column":1}},"172":{"start":{"line":173,"column":0},"end":{"line":173,"column":61}},"173":{"start":{"line":174,"column":0},"end":{"line":174,"column":27}},"174":{"start":{"line":175,"column":0},"end":{"line":175,"column":43}},"175":{"start":{"line":176,"column":0},"end":{"line":176,"column":44}},"176":{"start":{"line":177,"column":0},"end":{"line":177,"column":3}},"177":{"start":{"line":178,"column":0},"end":{"line":178,"column":1}},"179":{"start":{"line":180,"column":0},"end":{"line":180,"column":33}}},"s":{"0":1,"2":1,"4":1,"5":1,"6":1,"7":1,"8":1,"10":1,"11":1,"12":1,"13":1,"14":1,"15":1,"17":1,"18":1,"19":1,"20":1,"21":1,"22":1,"23":1,"25":1,"26":1,"27":1,"28":1,"29":1,"30":1,"31":1,"33":1,"34":1,"35":1,"36":1,"37":1,"38":1,"39":1,"41":1,"42":1,"43":1,"44":1,"45":1,"46":1,"48":1,"49":1,"50":1,"51":1,"52":1,"53":1,"55":1,"56":1,"57":1,"58":1,"59":1,"60":1,"62":1,"63":1,"64":1,"65":1,"67":1,"68":1,"69":1,"70":1,"71":1,"72":1,"73":1,"75":1,"76":1,"77":1,"78":1,"79":1,"80":1,"81":1,"82":1,"84":1,"85":1,"86":1,"87":1,"88":1,"90":1,"91":1,"92":1,"93":1,"94":1,"95":1,"96":1,"98":1,"99":1,"100":1,"101":1,"102":1,"103":1,"104":1,"105":1,"106":1,"107":1,"108":1,"109":1,"110":1,"111":1,"112":1,"113":1,"114":1,"116":1,"117":1,"118":1,"119":1,"121":1,"122":1,"123":1,"124":1,"126":1,"127":1,"128":1,"129":1,"130":1,"151":1,"152":1,"153":7,"154":7,"155":7,"156":1,"158":1,"159":1,"160":3,"161":3,"162":3,"163":1,"165":1,"166":1,"167":3,"168":3,"169":3,"170":1,"172":1,"173":1,"174":1,"175":1,"176":1,"177":1,"179":1},"branchMap":{"0":{"type":"branch","line":153,"loc":{"start":{"line":153,"column":2},"end":{"line":156,"column":3}},"locations":[{"start":{"line":153,"column":2},"end":{"line":156,"column":3}}]},"1":{"type":"branch","line":160,"loc":{"start":{"line":160,"column":2},"end":{"line":163,"column":3}},"locations":[{"start":{"line":160,"column":2},"end":{"line":163,"column":3}}]},"2":{"type":"branch","line":167,"loc":{"start":{"line":167,"column":2},"end":{"line":170,"column":3}},"locations":[{"start":{"line":167,"column":2},"end":{"line":170,"column":3}}]},"3":{"type":"branch","line":174,"loc":{"start":{"line":174,"column":2},"end":{"line":177,"column":3}},"locations":[{"start":{"line":174,"column":2},"end":{"line":177,"column":3}}]}},"b":{"0":[7],"1":[3],"2":[3],"3":[1]},"fnMap":{"0":{"name":"ChannelError","decl":{"start":{"line":153,"column":2},"end":{"line":156,"column":3}},"loc":{"start":{"line":153,"column":2},"end":{"line":156,"column":3}},"line":153},"1":{"name":"ChannelNotFoundError","decl":{"start":{"line":160,"column":2},"end":{"line":163,"column":3}},"loc":{"start":{"line":160,"column":2},"end":{"line":163,"column":3}},"line":160},"2":{"name":"ChannelValidationError","decl":{"start":{"line":167,"column":2},"end":{"line":170,"column":3}},"loc":{"start":{"line":167,"column":2},"end":{"line":170,"column":3}},"line":167},"3":{"name":"ChannelAlreadyExistsError","decl":{"start":{"line":174,"column":2},"end":{"line":177,"column":3}},"loc":{"start":{"line":174,"column":2},"end":{"line":177,"column":3}},"line":174}},"f":{"0":7,"1":3,"2":3,"3":1}}
,"/Users/irfandi/.local/share/opencode/worktree/d686a6dfff4eca54f64908f2ecb63fded89b9888/silent-river/packages/channels/src/validation.ts": {"path":"/Users/irfandi/.local/share/opencode/worktree/d686a6dfff4eca54f64908f2ecb63fded89b9888/silent-river/packages/channels/src/validation.ts","all":false,"statementMap":{"0":{"start":{"line":1,"column":0},"end":{"line":1,"column":8}},"8":{"start":{"line":9,"column":0},"end":{"line":9,"column":74}},"9":{"start":{"line":10,"column":0},"end":{"line":10,"column":55}},"11":{"start":{"line":12,"column":0},"end":{"line":12,"column":23}},"12":{"start":{"line":13,"column":0},"end":{"line":13,"column":32}},"13":{"start":{"line":14,"column":0},"end":{"line":14,"column":34}},"15":{"start":{"line":16,"column":0},"end":{"line":16,"column":63}},"16":{"start":{"line":17,"column":0},"end":{"line":17,"column":65}},"17":{"start":{"line":18,"column":0},"end":{"line":18,"column":5}},"19":{"start":{"line":20,"column":0},"end":{"line":20,"column":12}},"20":{"start":{"line":21,"column":0},"end":{"line":21,"column":33}},"21":{"start":{"line":22,"column":0},"end":{"line":22,"column":13}},"22":{"start":{"line":23,"column":0},"end":{"line":23,"column":6}},"23":{"start":{"line":24,"column":0},"end":{"line":24,"column":3}},"25":{"start":{"line":26,"column":0},"end":{"line":26,"column":10}},"26":{"start":{"line":27,"column":0},"end":{"line":27,"column":17}},"27":{"start":{"line":28,"column":0},"end":{"line":28,"column":80}},"28":{"start":{"line":29,"column":0},"end":{"line":29,"column":4}},"29":{"start":{"line":30,"column":0},"end":{"line":30,"column":1}},"31":{"start":{"line":32,"column":0},"end":{"line":32,"column":74}},"32":{"start":{"line":33,"column":0},"end":{"line":33,"column":47}},"34":{"start":{"line":35,"column":0},"end":{"line":35,"column":22}},"35":{"start":{"line":36,"column":0},"end":{"line":36,"column":52}},"36":{"start":{"line":37,"column":0},"end":{"line":37,"column":3}},"38":{"start":{"line":39,"column":0},"end":{"line":39,"column":33}},"39":{"start":{"line":40,"column":0},"end":{"line":40,"column":1}},"41":{"start":{"line":42,"column":0},"end":{"line":42,"column":55}},"42":{"start":{"line":43,"column":0},"end":{"line":43,"column":71}},"43":{"start":{"line":44,"column":0},"end":{"line":44,"column":1}},"45":{"start":{"line":46,"column":0},"end":{"line":46,"column":71}},"46":{"start":{"line":47,"column":0},"end":{"line":47,"column":89}},"47":{"start":{"line":48,"column":0},"end":{"line":48,"column":1}},"49":{"start":{"line":50,"column":0},"end":{"line":50,"column":85}},"50":{"start":{"line":51,"column":0},"end":{"line":51,"column":41}},"52":{"start":{"line":53,"column":0},"end":{"line":53,"column":37}},"53":{"start":{"line":54,"column":0},"end":{"line":54,"column":9}},"54":{"start":{"line":55,"column":0},"end":{"line":55,"column":45}},"55":{"start":{"line":56,"column":0},"end":{"line":56,"column":33}},"56":{"start":{"line":57,"column":0},"end":{"line":57,"column":13}},"57":{"start":{"line":58,"column":0},"end":{"line":58,"column":67}},"58":{"start":{"line":59,"column":0},"end":{"line":59,"column":5}},"59":{"start":{"line":60,"column":0},"end":{"line":60,"column":5}},"60":{"start":{"line":61,"column":0},"end":{"line":61,"column":1}},"62":{"start":{"line":63,"column":0},"end":{"line":63,"column":102}},"63":{"start":{"line":64,"column":0},"end":{"line":64,"column":37}},"64":{"start":{"line":65,"column":0},"end":{"line":65,"column":17}},"65":{"start":{"line":66,"column":0},"end":{"line":66,"column":3}},"67":{"start":{"line":68,"column":0},"end":{"line":68,"column":64}},"68":{"start":{"line":69,"column":0},"end":{"line":69,"column":17}},"69":{"start":{"line":70,"column":0},"end":{"line":70,"column":3}},"71":{"start":{"line":72,"column":0},"end":{"line":72,"column":14}},"72":{"start":{"line":73,"column":0},"end":{"line":73,"column":1}}},"s":{"0":1,"8":1,"9":75,"11":75,"12":69,"13":69,"15":69,"16":0,"17":0,"19":69,"20":69,"21":69,"22":69,"23":69,"25":6,"26":6,"27":6,"28":6,"29":6,"31":1,"32":63,"34":63,"35":2,"36":2,"38":61,"39":61,"41":1,"42":7,"43":7,"45":1,"46":9,"47":9,"49":1,"50":7,"52":6,"53":7,"54":7,"55":7,"56":7,"57":1,"58":1,"59":6,"60":6,"62":1,"63":5,"64":2,"65":2,"67":5,"68":1,"69":1,"71":2,"72":2},"branchMap":{"0":{"type":"branch","line":9,"loc":{"start":{"line":9,"column":7},"end":{"line":30,"column":1}},"locations":[{"start":{"line":9,"column":7},"end":{"line":30,"column":1}}]},"1":{"type":"branch","line":12,"loc":{"start":{"line":12,"column":22},"end":{"line":24,"column":3}},"locations":[{"start":{"line":12,"column":22},"end":{"line":24,"column":3}}]},"2":{"type":"branch","line":16,"loc":{"start":{"line":16,"column":18},"end":{"line":16,"column":38}},"locations":[{"start":{"line":16,"column":18},"end":{"line":16,"column":38}}]},"3":{"type":"branch","line":16,"loc":{"start":{"line":16,"column":27},"end":{"line":16,"column":62}},"locations":[{"start":{"line":16,"column":27},"end":{"line":16,"column":62}}]},"4":{"type":"branch","line":16,"loc":{"start":{"line":16,"column":62},"end":{"line":18,"column":5}},"locations":[{"start":{"line":16,"column":62},"end":{"line":18,"column":5}}]},"5":{"type":"branch","line":24,"loc":{"start":{"line":24,"column":2},"end":{"line":30,"column":1}},"locations":[{"start":{"line":24,"column":2},"end":{"line":30,"column":1}}]},"6":{"type":"branch","line":28,"loc":{"start":{"line":28,"column":36},"end":{"line":28,"column":78}},"locations":[{"start":{"line":28,"column":36},"end":{"line":28,"column":78}}]},"7":{"type":"branch","line":32,"loc":{"start":{"line":32,"column":7},"end":{"line":40,"column":1}},"locations":[{"start":{"line":32,"column":7},"end":{"line":40,"column":1}}]},"8":{"type":"branch","line":35,"loc":{"start":{"line":35,"column":21},"end":{"line":40,"column":1}},"locations":[{"start":{"line":35,"column":21},"end":{"line":40,"column":1}}]},"9":{"type":"branch","line":35,"loc":{"start":{"line":35,"column":21},"end":{"line":37,"column":3}},"locations":[{"start":{"line":35,"column":21},"end":{"line":37,"column":3}}]},"10":{"type":"branch","line":37,"loc":{"start":{"line":37,"column":2},"end":{"line":40,"column":1}},"locations":[{"start":{"line":37,"column":2},"end":{"line":40,"column":1}}]},"11":{"type":"branch","line":42,"loc":{"start":{"line":42,"column":7},"end":{"line":44,"column":1}},"locations":[{"start":{"line":42,"column":7},"end":{"line":44,"column":1}}]},"12":{"type":"branch","line":43,"loc":{"start":{"line":43,"column":32},"end":{"line":43,"column":55}},"locations":[{"start":{"line":43,"column":32},"end":{"line":43,"column":55}}]},"13":{"type":"branch","line":43,"loc":{"start":{"line":43,"column":50},"end":{"line":43,"column":71}},"locations":[{"start":{"line":43,"column":50},"end":{"line":43,"column":71}}]},"14":{"type":"branch","line":46,"loc":{"start":{"line":46,"column":7},"end":{"line":48,"column":1}},"locations":[{"start":{"line":46,"column":7},"end":{"line":48,"column":1}}]},"15":{"type":"branch","line":50,"loc":{"start":{"line":50,"column":7},"end":{"line":61,"column":1}},"locations":[{"start":{"line":50,"column":7},"end":{"line":61,"column":1}}]},"16":{"type":"branch","line":51,"loc":{"start":{"line":51,"column":29},"end":{"line":51,"column":41}},"locations":[{"start":{"line":51,"column":29},"end":{"line":51,"column":41}}]},"17":{"type":"branch","line":51,"loc":{"start":{"line":51,"column":36},"end":{"line":61,"column":1}},"locations":[{"start":{"line":51,"column":36},"end":{"line":61,"column":1}}]},"18":{"type":"branch","line":53,"loc":{"start":{"line":53,"column":23},"end":{"line":60,"column":3}},"locations":[{"start":{"line":53,"column":23},"end":{"line":60,"column":3}}]},"19":{"type":"branch","line":57,"loc":{"start":{"line":57,"column":4},"end":{"line":59,"column":5}},"locations":[{"start":{"line":57,"column":4},"end":{"line":59,"column":5}}]},"20":{"type":"branch","line":63,"loc":{"start":{"line":63,"column":7},"end":{"line":73,"column":1}},"locations":[{"start":{"line":63,"column":7},"end":{"line":73,"column":1}}]},"21":{"type":"branch","line":64,"loc":{"start":{"line":64,"column":36},"end":{"line":66,"column":3}},"locations":[{"start":{"line":64,"column":36},"end":{"line":66,"column":3}}]},"22":{"type":"branch","line":66,"loc":{"start":{"line":66,"column":2},"end":{"line":68,"column":32}},"locations":[{"start":{"line":66,"column":2},"end":{"line":68,"column":32}}]},"23":{"type":"branch","line":68,"loc":{"start":{"line":68,"column":27},"end":{"line":68,"column":63}},"locations":[{"start":{"line":68,"column":27},"end":{"line":68,"column":63}}]},"24":{"type":"branch","line":68,"loc":{"start":{"line":68,"column":63},"end":{"line":70,"column":3}},"locations":[{"start":{"line":68,"column":63},"end":{"line":70,"column":3}}]},"25":{"type":"branch","line":70,"loc":{"start":{"line":70,"column":2},"end":{"line":73,"column":1}},"locations":[{"start":{"line":70,"column":2},"end":{"line":73,"column":1}}]}},"b":{"0":[75],"1":[69],"2":[0],"3":[0],"4":[0],"5":[6],"6":[7],"7":[63],"8":[62],"9":[2],"10":[61],"11":[7],"12":[4],"13":[4],"14":[9],"15":[7],"16":[1],"17":[6],"18":[7],"19":[1],"20":[5],"21":[2],"22":[3],"23":[2],"24":[1],"25":[2]},"fnMap":{"0":{"name":"validateChannelConfig","decl":{"start":{"line":9,"column":7},"end":{"line":30,"column":1}},"loc":{"start":{"line":9,"column":7},"end":{"line":30,"column":1}},"line":9},"1":{"name":"assertValidChannelConfig","decl":{"start":{"line":32,"column":7},"end":{"line":40,"column":1}},"loc":{"start":{"line":32,"column":7},"end":{"line":40,"column":1}},"line":32},"2":{"name":"isValidChannelId","decl":{"start":{"line":42,"column":7},"end":{"line":44,"column":1}},"loc":{"start":{"line":42,"column":7},"end":{"line":44,"column":1}},"line":42},"3":{"name":"isValidChannelType","decl":{"start":{"line":46,"column":7},"end":{"line":48,"column":1}},"loc":{"start":{"line":46,"column":7},"end":{"line":48,"column":1}},"line":46},"4":{"name":"matchesFilterPatterns","decl":{"start":{"line":50,"column":7},"end":{"line":61,"column":1}},"loc":{"start":{"line":50,"column":7},"end":{"line":61,"column":1}},"line":50},"5":{"name":"isUserAllowed","decl":{"start":{"line":63,"column":7},"end":{"line":73,"column":1}},"loc":{"start":{"line":63,"column":7},"end":{"line":73,"column":1}},"line":63}},"f":{"0":75,"1":63,"2":7,"3":9,"4":7,"5":5}}
}
