{"/Users/irfandi/.local/share/opencode/worktree/d686a6dfff4eca54f64908f2ecb63fded89b9888/silent-river/packages/vault/src/crypto.ts": {"path":"/Users/irfandi/.local/share/opencode/worktree/d686a6dfff4eca54f64908f2ecb63fded89b9888/silent-river/packages/vault/src/crypto.ts","all":false,"statementMap":{"0":{"start":{"line":1,"column":0},"end":{"line":1,"column":88}},"11":{"start":{"line":12,"column":0},"end":{"line":12,"column":36}},"13":{"start":{"line":14,"column":0},"end":{"line":14,"column":126}},"14":{"start":{"line":15,"column":0},"end":{"line":15,"column":40}},"15":{"start":{"line":16,"column":0},"end":{"line":16,"column":42}},"16":{"start":{"line":17,"column":0},"end":{"line":17,"column":52}},"17":{"start":{"line":18,"column":0},"end":{"line":18,"column":28}},"18":{"start":{"line":19,"column":0},"end":{"line":19,"column":11}},"19":{"start":{"line":20,"column":0},"end":{"line":20,"column":36}},"20":{"start":{"line":21,"column":0},"end":{"line":21,"column":32}},"21":{"start":{"line":22,"column":0},"end":{"line":22,"column":38}},"22":{"start":{"line":23,"column":0},"end":{"line":23,"column":35}},"23":{"start":{"line":24,"column":0},"end":{"line":24,"column":16}},"24":{"start":{"line":25,"column":0},"end":{"line":25,"column":7}},"25":{"start":{"line":26,"column":0},"end":{"line":26,"column":22}},"26":{"start":{"line":27,"column":0},"end":{"line":27,"column":3}},"28":{"start":{"line":29,"column":0},"end":{"line":29,"column":64}},"29":{"start":{"line":30,"column":0},"end":{"line":30,"column":1}},"31":{"start":{"line":32,"column":0},"end":{"line":32,"column":88}},"32":{"start":{"line":33,"column":0},"end":{"line":33,"column":29}},"33":{"start":{"line":34,"column":0},"end":{"line":34,"column":1}},"35":{"start":{"line":36,"column":0},"end":{"line":36,"column":72}},"36":{"start":{"line":37,"column":0},"end":{"line":37,"column":29}},"37":{"start":{"line":38,"column":0},"end":{"line":38,"column":1}},"39":{"start":{"line":40,"column":0},"end":{"line":40,"column":106}},"40":{"start":{"line":41,"column":0},"end":{"line":41,"column":26}},"41":{"start":{"line":42,"column":0},"end":{"line":42,"column":77}},"42":{"start":{"line":43,"column":0},"end":{"line":43,"column":3}},"44":{"start":{"line":45,"column":0},"end":{"line":45,"column":40}},"45":{"start":{"line":46,"column":0},"end":{"line":46,"column":93}},"46":{"start":{"line":47,"column":0},"end":{"line":47,"column":3}},"48":{"start":{"line":49,"column":0},"end":{"line":49,"column":56}},"49":{"start":{"line":50,"column":0},"end":{"line":50,"column":79}},"50":{"start":{"line":51,"column":0},"end":{"line":51,"column":34}},"52":{"start":{"line":53,"column":0},"end":{"line":53,"column":29}},"53":{"start":{"line":54,"column":0},"end":{"line":54,"column":1}},"55":{"start":{"line":56,"column":0},"end":{"line":56,"column":91}},"56":{"start":{"line":57,"column":0},"end":{"line":57,"column":26}},"57":{"start":{"line":58,"column":0},"end":{"line":58,"column":67}},"58":{"start":{"line":59,"column":0},"end":{"line":59,"column":3}},"60":{"start":{"line":61,"column":0},"end":{"line":61,"column":40}},"61":{"start":{"line":62,"column":0},"end":{"line":62,"column":65}},"62":{"start":{"line":63,"column":0},"end":{"line":63,"column":3}},"64":{"start":{"line":65,"column":0},"end":{"line":65,"column":42}},"65":{"start":{"line":66,"column":0},"end":{"line":66,"column":67}},"66":{"start":{"line":67,"column":0},"end":{"line":67,"column":3}},"68":{"start":{"line":69,"column":0},"end":{"line":69,"column":7}},"69":{"start":{"line":70,"column":0},"end":{"line":70,"column":62}},"70":{"start":{"line":71,"column":0},"end":{"line":71,"column":29}},"71":{"start":{"line":72,"column":0},"end":{"line":72,"column":85}},"72":{"start":{"line":73,"column":0},"end":{"line":73,"column":21}},"73":{"start":{"line":74,"column":0},"end":{"line":74,"column":19}},"74":{"start":{"line":75,"column":0},"end":{"line":75,"column":99}},"75":{"start":{"line":76,"column":0},"end":{"line":76,"column":3}},"76":{"start":{"line":77,"column":0},"end":{"line":77,"column":1}},"78":{"start":{"line":79,"column":0},"end":{"line":79,"column":51}},"79":{"start":{"line":80,"column":0},"end":{"line":80,"column":17}},"80":{"start":{"line":81,"column":0},"end":{"line":81,"column":1}},"82":{"start":{"line":83,"column":0},"end":{"line":83,"column":62}},"83":{"start":{"line":84,"column":0},"end":{"line":84,"column":30}},"84":{"start":{"line":85,"column":0},"end":{"line":85,"column":17}},"85":{"start":{"line":86,"column":0},"end":{"line":86,"column":3}},"86":{"start":{"line":87,"column":0},"end":{"line":87,"column":31}},"87":{"start":{"line":88,"column":0},"end":{"line":88,"column":1}},"89":{"start":{"line":90,"column":0},"end":{"line":90,"column":86}},"90":{"start":{"line":91,"column":0},"end":{"line":91,"column":10}},"91":{"start":{"line":92,"column":0},"end":{"line":92,"column":51}},"92":{"start":{"line":93,"column":0},"end":{"line":93,"column":35}},"93":{"start":{"line":94,"column":0},"end":{"line":94,"column":39}},"94":{"start":{"line":95,"column":0},"end":{"line":95,"column":37}},"95":{"start":{"line":96,"column":0},"end":{"line":96,"column":26}},"96":{"start":{"line":97,"column":0},"end":{"line":97,"column":4}},"97":{"start":{"line":98,"column":0},"end":{"line":98,"column":1}},"99":{"start":{"line":100,"column":0},"end":{"line":100,"column":88}},"100":{"start":{"line":101,"column":0},"end":{"line":101,"column":10}},"101":{"start":{"line":102,"column":0},"end":{"line":102,"column":55}},"102":{"start":{"line":103,"column":0},"end":{"line":103,"column":39}},"103":{"start":{"line":104,"column":0},"end":{"line":104,"column":43}},"104":{"start":{"line":105,"column":0},"end":{"line":105,"column":41}},"105":{"start":{"line":106,"column":0},"end":{"line":106,"column":26}},"106":{"start":{"line":107,"column":0},"end":{"line":107,"column":4}},"107":{"start":{"line":108,"column":0},"end":{"line":108,"column":1}}},"s":{"0":1,"11":1,"13":59,"14":59,"15":58,"16":58,"17":58,"18":58,"19":58,"20":58,"21":58,"22":58,"23":58,"24":58,"25":58,"26":58,"28":1,"29":1,"31":1,"32":49,"33":49,"35":1,"36":149,"37":149,"39":1,"40":146,"41":1,"42":1,"44":146,"45":1,"46":1,"48":144,"49":144,"50":144,"52":144,"53":144,"55":1,"56":138,"57":1,"58":1,"60":138,"61":0,"62":0,"64":138,"65":0,"66":0,"68":137,"69":137,"70":137,"71":137,"72":137,"73":138,"74":7,"75":7,"76":138,"78":1,"79":173,"80":173,"82":1,"83":127,"84":1,"85":1,"86":126,"87":126,"89":1,"90":2,"91":2,"92":2,"93":2,"94":2,"95":2,"96":2,"97":2,"99":1,"100":1,"101":1,"102":1,"103":1,"104":1,"105":1,"106":1,"107":1},"branchMap":{"0":{"type":"branch","line":14,"loc":{"start":{"line":14,"column":0},"end":{"line":30,"column":1}},"locations":[{"start":{"line":14,"column":0},"end":{"line":30,"column":1}}]},"1":{"type":"branch","line":15,"loc":{"start":{"line":15,"column":39},"end":{"line":27,"column":3}},"locations":[{"start":{"line":15,"column":39},"end":{"line":27,"column":3}}]},"2":{"type":"branch","line":27,"loc":{"start":{"line":27,"column":2},"end":{"line":30,"column":1}},"locations":[{"start":{"line":27,"column":2},"end":{"line":30,"column":1}}]},"3":{"type":"branch","line":32,"loc":{"start":{"line":32,"column":7},"end":{"line":34,"column":1}},"locations":[{"start":{"line":32,"column":7},"end":{"line":34,"column":1}}]},"4":{"type":"branch","line":36,"loc":{"start":{"line":36,"column":7},"end":{"line":38,"column":1}},"locations":[{"start":{"line":36,"column":7},"end":{"line":38,"column":1}}]},"5":{"type":"branch","line":40,"loc":{"start":{"line":40,"column":7},"end":{"line":54,"column":1}},"locations":[{"start":{"line":40,"column":7},"end":{"line":54,"column":1}}]},"6":{"type":"branch","line":41,"loc":{"start":{"line":41,"column":25},"end":{"line":43,"column":3}},"locations":[{"start":{"line":41,"column":25},"end":{"line":43,"column":3}}]},"7":{"type":"branch","line":43,"loc":{"start":{"line":43,"column":2},"end":{"line":45,"column":39}},"locations":[{"start":{"line":43,"column":2},"end":{"line":45,"column":39}}]},"8":{"type":"branch","line":45,"loc":{"start":{"line":45,"column":39},"end":{"line":47,"column":3}},"locations":[{"start":{"line":45,"column":39},"end":{"line":47,"column":3}}]},"9":{"type":"branch","line":47,"loc":{"start":{"line":47,"column":2},"end":{"line":54,"column":1}},"locations":[{"start":{"line":47,"column":2},"end":{"line":54,"column":1}}]},"10":{"type":"branch","line":56,"loc":{"start":{"line":56,"column":7},"end":{"line":77,"column":1}},"locations":[{"start":{"line":56,"column":7},"end":{"line":77,"column":1}}]},"11":{"type":"branch","line":57,"loc":{"start":{"line":57,"column":25},"end":{"line":59,"column":3}},"locations":[{"start":{"line":57,"column":25},"end":{"line":59,"column":3}}]},"12":{"type":"branch","line":59,"loc":{"start":{"line":59,"column":2},"end":{"line":61,"column":39}},"locations":[{"start":{"line":59,"column":2},"end":{"line":61,"column":39}}]},"13":{"type":"branch","line":61,"loc":{"start":{"line":61,"column":39},"end":{"line":63,"column":3}},"locations":[{"start":{"line":61,"column":39},"end":{"line":63,"column":3}}]},"14":{"type":"branch","line":63,"loc":{"start":{"line":63,"column":2},"end":{"line":65,"column":41}},"locations":[{"start":{"line":63,"column":2},"end":{"line":65,"column":41}}]},"15":{"type":"branch","line":65,"loc":{"start":{"line":65,"column":41},"end":{"line":67,"column":3}},"locations":[{"start":{"line":65,"column":41},"end":{"line":67,"column":3}}]},"16":{"type":"branch","line":67,"loc":{"start":{"line":67,"column":2},"end":{"line":74,"column":11}},"locations":[{"start":{"line":67,"column":2},"end":{"line":74,"column":11}}]},"17":{"type":"branch","line":74,"loc":{"start":{"line":74,"column":2},"end":{"line":76,"column":3}},"locations":[{"start":{"line":74,"column":2},"end":{"line":76,"column":3}}]},"18":{"type":"branch","line":79,"loc":{"start":{"line":79,"column":7},"end":{"line":81,"column":1}},"locations":[{"start":{"line":79,"column":7},"end":{"line":81,"column":1}}]},"19":{"type":"branch","line":83,"loc":{"start":{"line":83,"column":7},"end":{"line":88,"column":1}},"locations":[{"start":{"line":83,"column":7},"end":{"line":88,"column":1}}]},"20":{"type":"branch","line":84,"loc":{"start":{"line":84,"column":29},"end":{"line":86,"column":3}},"locations":[{"start":{"line":84,"column":29},"end":{"line":86,"column":3}}]},"21":{"type":"branch","line":86,"loc":{"start":{"line":86,"column":2},"end":{"line":88,"column":1}},"locations":[{"start":{"line":86,"column":2},"end":{"line":88,"column":1}}]},"22":{"type":"branch","line":90,"loc":{"start":{"line":90,"column":7},"end":{"line":98,"column":1}},"locations":[{"start":{"line":90,"column":7},"end":{"line":98,"column":1}}]},"23":{"type":"branch","line":100,"loc":{"start":{"line":100,"column":7},"end":{"line":108,"column":1}},"locations":[{"start":{"line":100,"column":7},"end":{"line":108,"column":1}}]}},"b":{"0":[59],"1":[58],"2":[1],"3":[49],"4":[149],"5":[146],"6":[1],"7":[145],"8":[1],"9":[144],"10":[138],"11":[1],"12":[137],"13":[0],"14":[137],"15":[0],"16":[137],"17":[7],"18":[173],"19":[127],"20":[1],"21":[126],"22":[2],"23":[1]},"fnMap":{"0":{"name":"deriveKey","decl":{"start":{"line":14,"column":0},"end":{"line":30,"column":1}},"loc":{"start":{"line":14,"column":0},"end":{"line":30,"column":1}},"line":14},"1":{"name":"generateSalt","decl":{"start":{"line":32,"column":7},"end":{"line":34,"column":1}},"loc":{"start":{"line":32,"column":7},"end":{"line":34,"column":1}},"line":32},"2":{"name":"generateIV","decl":{"start":{"line":36,"column":7},"end":{"line":38,"column":1}},"loc":{"start":{"line":36,"column":7},"end":{"line":38,"column":1}},"line":36},"3":{"name":"encrypt","decl":{"start":{"line":40,"column":7},"end":{"line":54,"column":1}},"loc":{"start":{"line":40,"column":7},"end":{"line":54,"column":1}},"line":40},"4":{"name":"decrypt","decl":{"start":{"line":56,"column":7},"end":{"line":77,"column":1}},"loc":{"start":{"line":56,"column":7},"end":{"line":77,"column":1}},"line":56},"5":{"name":"secureClear","decl":{"start":{"line":79,"column":7},"end":{"line":81,"column":1}},"loc":{"start":{"line":79,"column":7},"end":{"line":81,"column":1}},"line":79},"6":{"name":"secureCompare","decl":{"start":{"line":83,"column":7},"end":{"line":88,"column":1}},"loc":{"start":{"line":83,"column":7},"end":{"line":88,"column":1}},"line":83},"7":{"name":"serializeEncryptedData","decl":{"start":{"line":90,"column":7},"end":{"line":98,"column":1}},"loc":{"start":{"line":90,"column":7},"end":{"line":98,"column":1}},"line":90},"8":{"name":"deserializeEncryptedData","decl":{"start":{"line":100,"column":7},"end":{"line":108,"column":1}},"loc":{"start":{"line":100,"column":7},"end":{"line":108,"column":1}},"line":100}},"f":{"0":59,"1":49,"2":149,"3":146,"4":138,"5":173,"6":127,"7":2,"8":1}}
,"/Users/irfandi/.local/share/opencode/worktree/d686a6dfff4eca54f64908f2ecb63fded89b9888/silent-river/packages/vault/src/index.ts": {"path":"/Users/irfandi/.local/share/opencode/worktree/d686a6dfff4eca54f64908f2ecb63fded89b9888/silent-river/packages/vault/src/index.ts","all":true,"statementMap":{"0":{"start":{"line":1,"column":0},"end":{"line":1,"column":8}}},"s":{"0":0},"branchMap":{"0":{"type":"branch","line":1,"loc":{"start":{"line":1,"column":537},"end":{"line":32,"column":20}},"locations":[{"start":{"line":1,"column":537},"end":{"line":32,"column":20}}]}},"b":{"0":[0]},"fnMap":{"0":{"name":"(empty-report)","decl":{"start":{"line":1,"column":537},"end":{"line":32,"column":20}},"loc":{"start":{"line":1,"column":537},"end":{"line":32,"column":20}},"line":1}},"f":{"0":0}}
,"/Users/irfandi/.local/share/opencode/worktree/d686a6dfff4eca54f64908f2ecb63fded89b9888/silent-river/packages/vault/src/types.ts": {"path":"/Users/irfandi/.local/share/opencode/worktree/d686a6dfff4eca54f64908f2ecb63fded89b9888/silent-river/packages/vault/src/types.ts","all":false,"statementMap":{"25":{"start":{"line":26,"column":0},"end":{"line":26,"column":50}},"26":{"start":{"line":27,"column":0},"end":{"line":27,"column":24}},"27":{"start":{"line":28,"column":0},"end":{"line":28,"column":20}},"28":{"start":{"line":29,"column":0},"end":{"line":29,"column":14}},"29":{"start":{"line":30,"column":0},"end":{"line":30,"column":17}},"30":{"start":{"line":31,"column":0},"end":{"line":31,"column":17}},"31":{"start":{"line":32,"column":0},"end":{"line":32,"column":16}},"32":{"start":{"line":33,"column":0},"end":{"line":33,"column":2}},"34":{"start":{"line":35,"column":0},"end":{"line":35,"column":36}},"35":{"start":{"line":36,"column":0},"end":{"line":36,"column":37}},"36":{"start":{"line":37,"column":0},"end":{"line":37,"column":33}},"38":{"start":{"line":39,"column":0},"end":{"line":39,"column":39}},"39":{"start":{"line":40,"column":0},"end":{"line":40,"column":32}},"40":{"start":{"line":41,"column":0},"end":{"line":41,"column":19}},"41":{"start":{"line":42,"column":0},"end":{"line":42,"column":29}},"42":{"start":{"line":43,"column":0},"end":{"line":43,"column":3}},"43":{"start":{"line":44,"column":0},"end":{"line":44,"column":1}},"45":{"start":{"line":46,"column":0},"end":{"line":46,"column":54}},"46":{"start":{"line":47,"column":0},"end":{"line":47,"column":17}},"47":{"start":{"line":48,"column":0},"end":{"line":48,"column":39}},"48":{"start":{"line":49,"column":0},"end":{"line":49,"column":39}},"49":{"start":{"line":50,"column":0},"end":{"line":50,"column":3}},"50":{"start":{"line":51,"column":0},"end":{"line":51,"column":1}},"52":{"start":{"line":53,"column":0},"end":{"line":53,"column":52}},"53":{"start":{"line":54,"column":0},"end":{"line":54,"column":65}},"54":{"start":{"line":55,"column":0},"end":{"line":55,"column":19}},"55":{"start":{"line":56,"column":0},"end":{"line":56,"column":37}},"56":{"start":{"line":57,"column":0},"end":{"line":57,"column":3}},"57":{"start":{"line":58,"column":0},"end":{"line":58,"column":1}},"59":{"start":{"line":60,"column":0},"end":{"line":60,"column":49}},"60":{"start":{"line":61,"column":0},"end":{"line":61,"column":54}},"61":{"start":{"line":62,"column":0},"end":{"line":62,"column":19}},"62":{"start":{"line":63,"column":0},"end":{"line":63,"column":34}},"63":{"start":{"line":64,"column":0},"end":{"line":64,"column":3}},"64":{"start":{"line":65,"column":0},"end":{"line":65,"column":1}}},"s":{"25":1,"26":1,"27":1,"28":1,"29":1,"30":1,"31":1,"32":1,"34":1,"35":1,"36":1,"38":1,"39":1,"40":20,"41":20,"42":20,"43":1,"45":1,"46":1,"47":1,"48":1,"49":1,"50":1,"52":1,"53":1,"54":2,"55":2,"56":2,"57":1,"59":1,"60":1,"61":13,"62":13,"63":13,"64":1},"branchMap":{"0":{"type":"branch","line":40,"loc":{"start":{"line":40,"column":2},"end":{"line":43,"column":3}},"locations":[{"start":{"line":40,"column":2},"end":{"line":43,"column":3}}]},"1":{"type":"branch","line":47,"loc":{"start":{"line":47,"column":2},"end":{"line":50,"column":3}},"locations":[{"start":{"line":47,"column":2},"end":{"line":50,"column":3}}]},"2":{"type":"branch","line":54,"loc":{"start":{"line":54,"column":2},"end":{"line":57,"column":3}},"locations":[{"start":{"line":54,"column":2},"end":{"line":57,"column":3}}]},"3":{"type":"branch","line":61,"loc":{"start":{"line":61,"column":2},"end":{"line":64,"column":3}},"locations":[{"start":{"line":61,"column":2},"end":{"line":64,"column":3}}]}},"b":{"0":[20],"1":[1],"2":[2],"3":[13]},"fnMap":{"0":{"name":"VaultError","decl":{"start":{"line":40,"column":2},"end":{"line":43,"column":3}},"loc":{"start":{"line":40,"column":2},"end":{"line":43,"column":3}},"line":40},"1":{"name":"InvalidPasswordError","decl":{"start":{"line":47,"column":2},"end":{"line":50,"column":3}},"loc":{"start":{"line":47,"column":2},"end":{"line":50,"column":3}},"line":47},"2":{"name":"CorruptedDataError","decl":{"start":{"line":54,"column":2},"end":{"line":57,"column":3}},"loc":{"start":{"line":54,"column":2},"end":{"line":57,"column":3}},"line":54},"3":{"name":"DecryptionError","decl":{"start":{"line":61,"column":2},"end":{"line":64,"column":3}},"loc":{"start":{"line":61,"column":2},"end":{"line":64,"column":3}},"line":61}},"f":{"0":20,"1":1,"2":2,"3":13}}
,"/Users/irfandi/.local/share/opencode/worktree/d686a6dfff4eca54f64908f2ecb63fded89b9888/silent-river/packages/vault/src/vault.ts": {"path":"/Users/irfandi/.local/share/opencode/worktree/d686a6dfff4eca54f64908f2ecb63fded89b9888/silent-river/packages/vault/src/vault.ts","all":false,"statementMap":{"0":{"start":{"line":1,"column":0},"end":{"line":1,"column":8}},"18":{"start":{"line":19,"column":0},"end":{"line":19,"column":20}},"19":{"start":{"line":20,"column":0},"end":{"line":20,"column":31}},"20":{"start":{"line":21,"column":0},"end":{"line":21,"column":37}},"21":{"start":{"line":22,"column":0},"end":{"line":22,"column":38}},"22":{"start":{"line":23,"column":0},"end":{"line":23,"column":31}},"24":{"start":{"line":25,"column":0},"end":{"line":25,"column":50}},"25":{"start":{"line":26,"column":0},"end":{"line":26,"column":58}},"26":{"start":{"line":27,"column":0},"end":{"line":27,"column":3}},"28":{"start":{"line":29,"column":0},"end":{"line":29,"column":53}},"29":{"start":{"line":30,"column":0},"end":{"line":30,"column":28}},"30":{"start":{"line":31,"column":0},"end":{"line":31,"column":59}},"31":{"start":{"line":32,"column":0},"end":{"line":32,"column":5}},"33":{"start":{"line":34,"column":0},"end":{"line":34,"column":55}},"34":{"start":{"line":35,"column":0},"end":{"line":35,"column":68}},"35":{"start":{"line":36,"column":0},"end":{"line":36,"column":29}},"36":{"start":{"line":37,"column":0},"end":{"line":37,"column":3}},"38":{"start":{"line":39,"column":0},"end":{"line":39,"column":68}},"39":{"start":{"line":40,"column":0},"end":{"line":40,"column":51}},"40":{"start":{"line":41,"column":0},"end":{"line":41,"column":3}},"42":{"start":{"line":43,"column":0},"end":{"line":43,"column":60}},"43":{"start":{"line":44,"column":0},"end":{"line":44,"column":30}},"45":{"start":{"line":46,"column":0},"end":{"line":46,"column":28}},"46":{"start":{"line":47,"column":0},"end":{"line":47,"column":67}},"48":{"start":{"line":49,"column":0},"end":{"line":49,"column":12}},"49":{"start":{"line":50,"column":0},"end":{"line":50,"column":17}},"50":{"start":{"line":51,"column":0},"end":{"line":51,"column":9}},"51":{"start":{"line":52,"column":0},"end":{"line":52,"column":37}},"52":{"start":{"line":53,"column":0},"end":{"line":53,"column":10}},"53":{"start":{"line":54,"column":0},"end":{"line":54,"column":31}},"54":{"start":{"line":55,"column":0},"end":{"line":55,"column":6}},"55":{"start":{"line":56,"column":0},"end":{"line":56,"column":3}},"57":{"start":{"line":58,"column":0},"end":{"line":58,"column":79}},"58":{"start":{"line":59,"column":0},"end":{"line":59,"column":48}},"59":{"start":{"line":60,"column":0},"end":{"line":60,"column":77}},"60":{"start":{"line":61,"column":0},"end":{"line":61,"column":5}},"62":{"start":{"line":63,"column":0},"end":{"line":63,"column":20}},"64":{"start":{"line":65,"column":0},"end":{"line":65,"column":19}},"65":{"start":{"line":66,"column":0},"end":{"line":66,"column":59}},"66":{"start":{"line":67,"column":0},"end":{"line":67,"column":62}},"67":{"start":{"line":68,"column":0},"end":{"line":68,"column":55}},"68":{"start":{"line":69,"column":0},"end":{"line":69,"column":81}},"69":{"start":{"line":70,"column":0},"end":{"line":70,"column":7}},"70":{"start":{"line":71,"column":0},"end":{"line":71,"column":35}},"71":{"start":{"line":72,"column":0},"end":{"line":72,"column":12}},"72":{"start":{"line":73,"column":0},"end":{"line":73,"column":77}},"73":{"start":{"line":74,"column":0},"end":{"line":74,"column":5}},"75":{"start":{"line":76,"column":0},"end":{"line":76,"column":9}},"76":{"start":{"line":77,"column":0},"end":{"line":77,"column":77}},"77":{"start":{"line":78,"column":0},"end":{"line":78,"column":15}},"78":{"start":{"line":79,"column":0},"end":{"line":79,"column":23}},"79":{"start":{"line":80,"column":0},"end":{"line":80,"column":5}},"80":{"start":{"line":81,"column":0},"end":{"line":81,"column":3}},"82":{"start":{"line":83,"column":0},"end":{"line":83,"column":35}},"83":{"start":{"line":84,"column":0},"end":{"line":84,"column":22}},"84":{"start":{"line":85,"column":0},"end":{"line":85,"column":3}},"86":{"start":{"line":87,"column":0},"end":{"line":87,"column":20}},"87":{"start":{"line":88,"column":0},"end":{"line":88,"column":20}},"88":{"start":{"line":89,"column":0},"end":{"line":89,"column":29}},"89":{"start":{"line":90,"column":0},"end":{"line":90,"column":23}},"90":{"start":{"line":91,"column":0},"end":{"line":91,"column":5}},"91":{"start":{"line":92,"column":0},"end":{"line":92,"column":21}},"92":{"start":{"line":93,"column":0},"end":{"line":93,"column":30}},"93":{"start":{"line":94,"column":0},"end":{"line":94,"column":24}},"94":{"start":{"line":95,"column":0},"end":{"line":95,"column":5}},"95":{"start":{"line":96,"column":0},"end":{"line":96,"column":30}},"96":{"start":{"line":97,"column":0},"end":{"line":97,"column":3}},"98":{"start":{"line":99,"column":0},"end":{"line":99,"column":32}},"99":{"start":{"line":100,"column":0},"end":{"line":100,"column":29}},"100":{"start":{"line":101,"column":0},"end":{"line":101,"column":3}},"102":{"start":{"line":103,"column":0},"end":{"line":103,"column":29}},"103":{"start":{"line":104,"column":0},"end":{"line":104,"column":55}},"104":{"start":{"line":105,"column":0},"end":{"line":105,"column":3}},"106":{"start":{"line":107,"column":0},"end":{"line":107,"column":28}},"107":{"start":{"line":108,"column":0},"end":{"line":108,"column":31}},"108":{"start":{"line":109,"column":0},"end":{"line":109,"column":3}},"110":{"start":{"line":111,"column":0},"end":{"line":111,"column":38}},"111":{"start":{"line":112,"column":0},"end":{"line":112,"column":43}},"112":{"start":{"line":113,"column":0},"end":{"line":113,"column":81}},"113":{"start":{"line":114,"column":0},"end":{"line":114,"column":5}},"114":{"start":{"line":115,"column":0},"end":{"line":115,"column":3}},"115":{"start":{"line":116,"column":0},"end":{"line":116,"column":1}},"117":{"start":{"line":118,"column":0},"end":{"line":118,"column":100}},"118":{"start":{"line":119,"column":0},"end":{"line":119,"column":34}},"119":{"start":{"line":120,"column":0},"end":{"line":120,"column":35}},"120":{"start":{"line":121,"column":0},"end":{"line":121,"column":15}},"121":{"start":{"line":122,"column":0},"end":{"line":122,"column":1}},"123":{"start":{"line":124,"column":0},"end":{"line":124,"column":42}},"124":{"start":{"line":125,"column":0},"end":{"line":125,"column":20}},"125":{"start":{"line":126,"column":0},"end":{"line":126,"column":19}},"126":{"start":{"line":127,"column":0},"end":{"line":127,"column":31}},"127":{"start":{"line":128,"column":0},"end":{"line":128,"column":27}},"128":{"start":{"line":129,"column":0},"end":{"line":129,"column":52}},"129":{"start":{"line":130,"column":0},"end":{"line":130,"column":7}},"130":{"start":{"line":131,"column":0},"end":{"line":131,"column":42}},"131":{"start":{"line":132,"column":0},"end":{"line":132,"column":13}},"132":{"start":{"line":133,"column":0},"end":{"line":133,"column":21}},"133":{"start":{"line":134,"column":0},"end":{"line":134,"column":3}},"134":{"start":{"line":135,"column":0},"end":{"line":135,"column":1}},"136":{"start":{"line":137,"column":0},"end":{"line":137,"column":42}},"137":{"start":{"line":138,"column":0},"end":{"line":138,"column":27}},"138":{"start":{"line":139,"column":0},"end":{"line":139,"column":19}},"139":{"start":{"line":140,"column":0},"end":{"line":140,"column":31}},"140":{"start":{"line":141,"column":0},"end":{"line":141,"column":20}},"141":{"start":{"line":142,"column":0},"end":{"line":142,"column":34}},"142":{"start":{"line":143,"column":0},"end":{"line":143,"column":62}},"143":{"start":{"line":144,"column":0},"end":{"line":144,"column":7}},"144":{"start":{"line":145,"column":0},"end":{"line":145,"column":75}},"145":{"start":{"line":146,"column":0},"end":{"line":146,"column":13}},"146":{"start":{"line":147,"column":0},"end":{"line":147,"column":21}},"147":{"start":{"line":148,"column":0},"end":{"line":148,"column":3}},"148":{"start":{"line":149,"column":0},"end":{"line":149,"column":1}}},"s":{"0":1,"18":1,"19":1,"20":57,"21":57,"22":57,"24":1,"25":57,"26":57,"28":1,"29":39,"30":1,"31":1,"33":38,"34":38,"35":38,"36":39,"38":1,"39":12,"40":12,"42":1,"43":140,"45":140,"46":140,"48":140,"49":140,"50":140,"51":140,"52":140,"53":140,"54":140,"55":140,"57":1,"58":126,"59":1,"60":1,"62":125,"64":126,"65":0,"66":126,"67":124,"68":2,"69":2,"70":122,"71":125,"72":1,"73":1,"75":122,"76":122,"77":122,"78":122,"79":122,"80":126,"82":1,"83":1,"84":1,"86":1,"87":19,"88":19,"89":19,"90":19,"91":19,"92":19,"93":19,"94":19,"95":19,"96":19,"98":1,"99":7,"100":7,"102":1,"103":2,"104":2,"106":1,"107":1,"108":1,"110":1,"111":140,"112":1,"113":1,"114":140,"115":1,"117":10,"118":10,"119":10,"120":10,"121":10,"123":9,"124":9,"125":9,"126":9,"127":9,"128":9,"129":9,"130":9,"131":9,"132":9,"133":9,"134":9,"136":11,"137":11,"138":11,"139":11,"140":11,"141":11,"142":11,"143":11,"144":11,"145":11,"146":11,"147":11,"148":11},"branchMap":{"0":{"type":"branch","line":20,"loc":{"start":{"line":20,"column":10},"end":{"line":23,"column":31}},"locations":[{"start":{"line":20,"column":10},"end":{"line":23,"column":31}}]},"1":{"type":"branch","line":25,"loc":{"start":{"line":25,"column":2},"end":{"line":27,"column":3}},"locations":[{"start":{"line":25,"column":2},"end":{"line":27,"column":3}}]},"2":{"type":"branch","line":29,"loc":{"start":{"line":29,"column":2},"end":{"line":37,"column":3}},"locations":[{"start":{"line":29,"column":2},"end":{"line":37,"column":3}}]},"3":{"type":"branch","line":30,"loc":{"start":{"line":30,"column":27},"end":{"line":32,"column":5}},"locations":[{"start":{"line":30,"column":27},"end":{"line":32,"column":5}}]},"4":{"type":"branch","line":32,"loc":{"start":{"line":32,"column":4},"end":{"line":36,"column":29}},"locations":[{"start":{"line":32,"column":4},"end":{"line":36,"column":29}}]},"5":{"type":"branch","line":39,"loc":{"start":{"line":39,"column":2},"end":{"line":41,"column":3}},"locations":[{"start":{"line":39,"column":2},"end":{"line":41,"column":3}}]},"6":{"type":"branch","line":43,"loc":{"start":{"line":43,"column":2},"end":{"line":56,"column":3}},"locations":[{"start":{"line":43,"column":2},"end":{"line":56,"column":3}}]},"7":{"type":"branch","line":58,"loc":{"start":{"line":58,"column":2},"end":{"line":81,"column":3}},"locations":[{"start":{"line":58,"column":2},"end":{"line":81,"column":3}}]},"8":{"type":"branch","line":59,"loc":{"start":{"line":59,"column":47},"end":{"line":61,"column":5}},"locations":[{"start":{"line":59,"column":47},"end":{"line":61,"column":5}}]},"9":{"type":"branch","line":61,"loc":{"start":{"line":61,"column":4},"end":{"line":65,"column":18}},"locations":[{"start":{"line":61,"column":4},"end":{"line":65,"column":18}}]},"10":{"type":"branch","line":65,"loc":{"start":{"line":65,"column":18},"end":{"line":67,"column":15}},"locations":[{"start":{"line":65,"column":18},"end":{"line":67,"column":15}}]},"11":{"type":"branch","line":67,"loc":{"start":{"line":67,"column":4},"end":{"line":74,"column":5}},"locations":[{"start":{"line":67,"column":4},"end":{"line":74,"column":5}}]},"12":{"type":"branch","line":67,"loc":{"start":{"line":67,"column":20},"end":{"line":67,"column":49}},"locations":[{"start":{"line":67,"column":20},"end":{"line":67,"column":49}}]},"13":{"type":"branch","line":67,"loc":{"start":{"line":67,"column":41},"end":{"line":67,"column":61}},"locations":[{"start":{"line":67,"column":41},"end":{"line":67,"column":61}}]},"14":{"type":"branch","line":67,"loc":{"start":{"line":67,"column":61},"end":{"line":72,"column":11}},"locations":[{"start":{"line":67,"column":61},"end":{"line":72,"column":11}}]},"15":{"type":"branch","line":68,"loc":{"start":{"line":68,"column":54},"end":{"line":70,"column":7}},"locations":[{"start":{"line":68,"column":54},"end":{"line":70,"column":7}}]},"16":{"type":"branch","line":70,"loc":{"start":{"line":70,"column":6},"end":{"line":72,"column":11}},"locations":[{"start":{"line":70,"column":6},"end":{"line":72,"column":11}}]},"17":{"type":"branch","line":72,"loc":{"start":{"line":72,"column":4},"end":{"line":74,"column":5}},"locations":[{"start":{"line":72,"column":4},"end":{"line":74,"column":5}}]},"18":{"type":"branch","line":74,"loc":{"start":{"line":74,"column":4},"end":{"line":80,"column":5}},"locations":[{"start":{"line":74,"column":4},"end":{"line":80,"column":5}}]},"19":{"type":"branch","line":83,"loc":{"start":{"line":83,"column":2},"end":{"line":85,"column":3}},"locations":[{"start":{"line":83,"column":2},"end":{"line":85,"column":3}}]},"20":{"type":"branch","line":87,"loc":{"start":{"line":87,"column":2},"end":{"line":97,"column":3}},"locations":[{"start":{"line":87,"column":2},"end":{"line":97,"column":3}}]},"21":{"type":"branch","line":99,"loc":{"start":{"line":99,"column":2},"end":{"line":101,"column":3}},"locations":[{"start":{"line":99,"column":2},"end":{"line":101,"column":3}}]},"22":{"type":"branch","line":103,"loc":{"start":{"line":103,"column":2},"end":{"line":105,"column":3}},"locations":[{"start":{"line":103,"column":2},"end":{"line":105,"column":3}}]},"23":{"type":"branch","line":104,"loc":{"start":{"line":104,"column":46},"end":{"line":104,"column":55}},"locations":[{"start":{"line":104,"column":46},"end":{"line":104,"column":55}}]},"24":{"type":"branch","line":107,"loc":{"start":{"line":107,"column":2},"end":{"line":109,"column":3}},"locations":[{"start":{"line":107,"column":2},"end":{"line":109,"column":3}}]},"25":{"type":"branch","line":111,"loc":{"start":{"line":111,"column":10},"end":{"line":115,"column":3}},"locations":[{"start":{"line":111,"column":10},"end":{"line":115,"column":3}}]},"26":{"type":"branch","line":112,"loc":{"start":{"line":112,"column":14},"end":{"line":112,"column":42}},"locations":[{"start":{"line":112,"column":14},"end":{"line":112,"column":42}}]},"27":{"type":"branch","line":112,"loc":{"start":{"line":112,"column":42},"end":{"line":114,"column":5}},"locations":[{"start":{"line":112,"column":42},"end":{"line":114,"column":5}}]},"28":{"type":"branch","line":118,"loc":{"start":{"line":118,"column":0},"end":{"line":122,"column":1}},"locations":[{"start":{"line":118,"column":0},"end":{"line":122,"column":1}}]},"29":{"type":"branch","line":124,"loc":{"start":{"line":124,"column":0},"end":{"line":135,"column":1}},"locations":[{"start":{"line":124,"column":0},"end":{"line":135,"column":1}}]},"30":{"type":"branch","line":137,"loc":{"start":{"line":137,"column":0},"end":{"line":149,"column":1}},"locations":[{"start":{"line":137,"column":0},"end":{"line":149,"column":1}}]}},"b":{"0":[57],"1":[57],"2":[39],"3":[1],"4":[38],"5":[12],"6":[140],"7":[126],"8":[1],"9":[125],"10":[0],"11":[125],"12":[124],"13":[124],"14":[124],"15":[2],"16":[122],"17":[1],"18":[122],"19":[1],"20":[19],"21":[7],"22":[2],"23":[0],"24":[1],"25":[140],"26":[139],"27":[1],"28":[10],"29":[9],"30":[11]},"fnMap":{"0":{"name":"<instance_members_initializer>","decl":{"start":{"line":20,"column":10},"end":{"line":23,"column":31}},"loc":{"start":{"line":20,"column":10},"end":{"line":23,"column":31}},"line":20},"1":{"name":"Vault","decl":{"start":{"line":25,"column":2},"end":{"line":27,"column":3}},"loc":{"start":{"line":25,"column":2},"end":{"line":27,"column":3}},"line":25},"2":{"name":"initialize","decl":{"start":{"line":29,"column":2},"end":{"line":37,"column":3}},"loc":{"start":{"line":29,"column":2},"end":{"line":37,"column":3}},"line":29},"3":{"name":"deriveKey","decl":{"start":{"line":39,"column":2},"end":{"line":41,"column":3}},"loc":{"start":{"line":39,"column":2},"end":{"line":41,"column":3}},"line":39},"4":{"name":"encrypt","decl":{"start":{"line":43,"column":2},"end":{"line":56,"column":3}},"loc":{"start":{"line":43,"column":2},"end":{"line":56,"column":3}},"line":43},"5":{"name":"decrypt","decl":{"start":{"line":58,"column":2},"end":{"line":81,"column":3}},"loc":{"start":{"line":58,"column":2},"end":{"line":81,"column":3}},"line":58},"6":{"name":"secureClear","decl":{"start":{"line":83,"column":2},"end":{"line":85,"column":3}},"loc":{"start":{"line":83,"column":2},"end":{"line":85,"column":3}},"line":83},"7":{"name":"clearKey","decl":{"start":{"line":87,"column":2},"end":{"line":97,"column":3}},"loc":{"start":{"line":87,"column":2},"end":{"line":97,"column":3}},"line":87},"8":{"name":"get isInitialized","decl":{"start":{"line":99,"column":2},"end":{"line":101,"column":3}},"loc":{"start":{"line":99,"column":2},"end":{"line":101,"column":3}},"line":99},"9":{"name":"get salt","decl":{"start":{"line":103,"column":2},"end":{"line":105,"column":3}},"loc":{"start":{"line":103,"column":2},"end":{"line":105,"column":3}},"line":103},"10":{"name":"getConfig","decl":{"start":{"line":107,"column":2},"end":{"line":109,"column":3}},"loc":{"start":{"line":107,"column":2},"end":{"line":109,"column":3}},"line":107},"11":{"name":"_ensureInitialized","decl":{"start":{"line":111,"column":10},"end":{"line":115,"column":3}},"loc":{"start":{"line":111,"column":10},"end":{"line":115,"column":3}},"line":111},"12":{"name":"createVault","decl":{"start":{"line":118,"column":0},"end":{"line":122,"column":1}},"loc":{"start":{"line":118,"column":0},"end":{"line":122,"column":1}},"line":118},"13":{"name":"encryptWithPassword","decl":{"start":{"line":124,"column":0},"end":{"line":135,"column":1}},"loc":{"start":{"line":124,"column":0},"end":{"line":135,"column":1}},"line":124},"14":{"name":"decryptWithPassword","decl":{"start":{"line":137,"column":0},"end":{"line":149,"column":1}},"loc":{"start":{"line":137,"column":0},"end":{"line":149,"column":1}},"line":137}},"f":{"0":57,"1":57,"2":39,"3":12,"4":140,"5":126,"6":1,"7":19,"8":7,"9":2,"10":1,"11":140,"12":10,"13":9,"14":11}}
}
