{"/Users/irfandi/.local/share/opencode/worktree/d686a6dfff4eca54f64908f2ecb63fded89b9888/silent-river/packages/providers/src/index.ts": {"path":"/Users/irfandi/.local/share/opencode/worktree/d686a6dfff4eca54f64908f2ecb63fded89b9888/silent-river/packages/providers/src/index.ts","all":false,"statementMap":{"0":{"start":{"line":1,"column":0},"end":{"line":1,"column":8}}},"s":{"0":1},"branchMap":{},"b":{},"fnMap":{},"f":{}}
,"/Users/irfandi/.local/share/opencode/worktree/d686a6dfff4eca54f64908f2ecb63fded89b9888/silent-river/packages/providers/src/presets.ts": {"path":"/Users/irfandi/.local/share/opencode/worktree/d686a6dfff4eca54f64908f2ecb63fded89b9888/silent-river/packages/providers/src/presets.ts","all":false,"statementMap":{"2":{"start":{"line":3,"column":0},"end":{"line":3,"column":45}},"3":{"start":{"line":4,"column":0},"end":{"line":4,"column":3}},"4":{"start":{"line":5,"column":0},"end":{"line":5,"column":17}},"5":{"start":{"line":6,"column":0},"end":{"line":6,"column":19}},"6":{"start":{"line":7,"column":0},"end":{"line":7,"column":22}},"7":{"start":{"line":8,"column":0},"end":{"line":8,"column":28}},"8":{"start":{"line":9,"column":0},"end":{"line":9,"column":25}},"9":{"start":{"line":10,"column":0},"end":{"line":10,"column":24}},"10":{"start":{"line":11,"column":0},"end":{"line":11,"column":26}},"11":{"start":{"line":12,"column":0},"end":{"line":12,"column":27}},"12":{"start":{"line":13,"column":0},"end":{"line":13,"column":4}},"13":{"start":{"line":14,"column":0},"end":{"line":14,"column":3}},"14":{"start":{"line":15,"column":0},"end":{"line":15,"column":22}},"15":{"start":{"line":16,"column":0},"end":{"line":16,"column":24}},"16":{"start":{"line":17,"column":0},"end":{"line":17,"column":22}},"17":{"start":{"line":18,"column":0},"end":{"line":18,"column":28}},"18":{"start":{"line":19,"column":0},"end":{"line":19,"column":25}},"19":{"start":{"line":20,"column":0},"end":{"line":20,"column":24}},"20":{"start":{"line":21,"column":0},"end":{"line":21,"column":28}},"21":{"start":{"line":22,"column":0},"end":{"line":22,"column":28}},"22":{"start":{"line":23,"column":0},"end":{"line":23,"column":4}},"23":{"start":{"line":24,"column":0},"end":{"line":24,"column":3}},"24":{"start":{"line":25,"column":0},"end":{"line":25,"column":22}},"25":{"start":{"line":26,"column":0},"end":{"line":26,"column":24}},"26":{"start":{"line":27,"column":0},"end":{"line":27,"column":22}},"27":{"start":{"line":28,"column":0},"end":{"line":28,"column":28}},"28":{"start":{"line":29,"column":0},"end":{"line":29,"column":25}},"29":{"start":{"line":30,"column":0},"end":{"line":30,"column":24}},"30":{"start":{"line":31,"column":0},"end":{"line":31,"column":25}},"31":{"start":{"line":32,"column":0},"end":{"line":32,"column":26}},"32":{"start":{"line":33,"column":0},"end":{"line":33,"column":4}},"33":{"start":{"line":34,"column":0},"end":{"line":34,"column":3}},"34":{"start":{"line":35,"column":0},"end":{"line":35,"column":24}},"35":{"start":{"line":36,"column":0},"end":{"line":36,"column":26}},"36":{"start":{"line":37,"column":0},"end":{"line":37,"column":21}},"37":{"start":{"line":38,"column":0},"end":{"line":38,"column":28}},"38":{"start":{"line":39,"column":0},"end":{"line":39,"column":26}},"39":{"start":{"line":40,"column":0},"end":{"line":40,"column":24}},"40":{"start":{"line":41,"column":0},"end":{"line":41,"column":27}},"41":{"start":{"line":42,"column":0},"end":{"line":42,"column":28}},"42":{"start":{"line":43,"column":0},"end":{"line":43,"column":4}},"43":{"start":{"line":44,"column":0},"end":{"line":44,"column":2}},"45":{"start":{"line":46,"column":0},"end":{"line":46,"column":48}},"46":{"start":{"line":47,"column":0},"end":{"line":47,"column":3}},"47":{"start":{"line":48,"column":0},"end":{"line":48,"column":33}},"48":{"start":{"line":49,"column":0},"end":{"line":49,"column":26}},"49":{"start":{"line":50,"column":0},"end":{"line":50,"column":22}},"50":{"start":{"line":51,"column":0},"end":{"line":51,"column":28}},"51":{"start":{"line":52,"column":0},"end":{"line":52,"column":25}},"52":{"start":{"line":53,"column":0},"end":{"line":53,"column":24}},"53":{"start":{"line":54,"column":0},"end":{"line":54,"column":26}},"54":{"start":{"line":55,"column":0},"end":{"line":55,"column":27}},"55":{"start":{"line":56,"column":0},"end":{"line":56,"column":4}},"56":{"start":{"line":57,"column":0},"end":{"line":57,"column":3}},"57":{"start":{"line":58,"column":0},"end":{"line":58,"column":35}},"58":{"start":{"line":59,"column":0},"end":{"line":59,"column":28}},"59":{"start":{"line":60,"column":0},"end":{"line":60,"column":22}},"60":{"start":{"line":61,"column":0},"end":{"line":61,"column":28}},"61":{"start":{"line":62,"column":0},"end":{"line":62,"column":25}},"62":{"start":{"line":63,"column":0},"end":{"line":63,"column":24}},"63":{"start":{"line":64,"column":0},"end":{"line":64,"column":26}},"64":{"start":{"line":65,"column":0},"end":{"line":65,"column":27}},"65":{"start":{"line":66,"column":0},"end":{"line":66,"column":4}},"66":{"start":{"line":67,"column":0},"end":{"line":67,"column":3}},"67":{"start":{"line":68,"column":0},"end":{"line":68,"column":34}},"68":{"start":{"line":69,"column":0},"end":{"line":69,"column":27}},"69":{"start":{"line":70,"column":0},"end":{"line":70,"column":22}},"70":{"start":{"line":71,"column":0},"end":{"line":71,"column":28}},"71":{"start":{"line":72,"column":0},"end":{"line":72,"column":25}},"72":{"start":{"line":73,"column":0},"end":{"line":73,"column":24}},"73":{"start":{"line":74,"column":0},"end":{"line":74,"column":28}},"74":{"start":{"line":75,"column":0},"end":{"line":75,"column":29}},"75":{"start":{"line":76,"column":0},"end":{"line":76,"column":4}},"76":{"start":{"line":77,"column":0},"end":{"line":77,"column":2}},"78":{"start":{"line":79,"column":0},"end":{"line":79,"column":45}},"79":{"start":{"line":80,"column":0},"end":{"line":80,"column":3}},"80":{"start":{"line":81,"column":0},"end":{"line":81,"column":25}},"81":{"start":{"line":82,"column":0},"end":{"line":82,"column":27}},"82":{"start":{"line":83,"column":0},"end":{"line":83,"column":23}},"83":{"start":{"line":84,"column":0},"end":{"line":84,"column":28}},"84":{"start":{"line":85,"column":0},"end":{"line":85,"column":25}},"85":{"start":{"line":86,"column":0},"end":{"line":86,"column":24}},"86":{"start":{"line":87,"column":0},"end":{"line":87,"column":27}},"87":{"start":{"line":88,"column":0},"end":{"line":88,"column":28}},"88":{"start":{"line":89,"column":0},"end":{"line":89,"column":4}},"89":{"start":{"line":90,"column":0},"end":{"line":90,"column":3}},"90":{"start":{"line":91,"column":0},"end":{"line":91,"column":27}},"91":{"start":{"line":92,"column":0},"end":{"line":92,"column":29}},"92":{"start":{"line":93,"column":0},"end":{"line":93,"column":23}},"93":{"start":{"line":94,"column":0},"end":{"line":94,"column":28}},"94":{"start":{"line":95,"column":0},"end":{"line":95,"column":25}},"95":{"start":{"line":96,"column":0},"end":{"line":96,"column":24}},"96":{"start":{"line":97,"column":0},"end":{"line":97,"column":28}},"97":{"start":{"line":98,"column":0},"end":{"line":98,"column":29}},"98":{"start":{"line":99,"column":0},"end":{"line":99,"column":4}},"99":{"start":{"line":100,"column":0},"end":{"line":100,"column":2}},"101":{"start":{"line":102,"column":0},"end":{"line":102,"column":44}},"102":{"start":{"line":103,"column":0},"end":{"line":103,"column":3}},"103":{"start":{"line":104,"column":0},"end":{"line":104,"column":17}},"104":{"start":{"line":105,"column":0},"end":{"line":105,"column":20}},"105":{"start":{"line":106,"column":0},"end":{"line":106,"column":20}},"106":{"start":{"line":107,"column":0},"end":{"line":107,"column":28}},"107":{"start":{"line":108,"column":0},"end":{"line":108,"column":26}},"108":{"start":{"line":109,"column":0},"end":{"line":109,"column":25}},"109":{"start":{"line":110,"column":0},"end":{"line":110,"column":4}},"110":{"start":{"line":111,"column":0},"end":{"line":111,"column":3}},"111":{"start":{"line":112,"column":0},"end":{"line":112,"column":20}},"112":{"start":{"line":113,"column":0},"end":{"line":113,"column":22}},"113":{"start":{"line":114,"column":0},"end":{"line":114,"column":21}},"114":{"start":{"line":115,"column":0},"end":{"line":115,"column":28}},"115":{"start":{"line":116,"column":0},"end":{"line":116,"column":26}},"116":{"start":{"line":117,"column":0},"end":{"line":117,"column":25}},"117":{"start":{"line":118,"column":0},"end":{"line":118,"column":4}},"118":{"start":{"line":119,"column":0},"end":{"line":119,"column":3}},"119":{"start":{"line":120,"column":0},"end":{"line":120,"column":18}},"120":{"start":{"line":121,"column":0},"end":{"line":121,"column":20}},"121":{"start":{"line":122,"column":0},"end":{"line":122,"column":20}},"122":{"start":{"line":123,"column":0},"end":{"line":123,"column":28}},"123":{"start":{"line":124,"column":0},"end":{"line":124,"column":26}},"124":{"start":{"line":125,"column":0},"end":{"line":125,"column":25}},"125":{"start":{"line":126,"column":0},"end":{"line":126,"column":4}},"126":{"start":{"line":127,"column":0},"end":{"line":127,"column":2}},"128":{"start":{"line":129,"column":0},"end":{"line":129,"column":46}},"129":{"start":{"line":130,"column":0},"end":{"line":130,"column":15}},"130":{"start":{"line":131,"column":0},"end":{"line":131,"column":17}},"131":{"start":{"line":132,"column":0},"end":{"line":132,"column":17}},"132":{"start":{"line":133,"column":0},"end":{"line":133,"column":16}},"133":{"start":{"line":134,"column":0},"end":{"line":134,"column":25}},"134":{"start":{"line":135,"column":0},"end":{"line":135,"column":24}},"135":{"start":{"line":136,"column":0},"end":{"line":136,"column":17}},"136":{"start":{"line":137,"column":0},"end":{"line":137,"column":13}},"137":{"start":{"line":138,"column":0},"end":{"line":138,"column":2}},"139":{"start":{"line":140,"column":0},"end":{"line":140,"column":49}},"140":{"start":{"line":141,"column":0},"end":{"line":141,"column":18}},"141":{"start":{"line":142,"column":0},"end":{"line":142,"column":20}},"142":{"start":{"line":143,"column":0},"end":{"line":143,"column":20}},"143":{"start":{"line":144,"column":0},"end":{"line":144,"column":16}},"144":{"start":{"line":145,"column":0},"end":{"line":145,"column":43}},"145":{"start":{"line":146,"column":0},"end":{"line":146,"column":27}},"146":{"start":{"line":147,"column":0},"end":{"line":147,"column":17}},"147":{"start":{"line":148,"column":0},"end":{"line":148,"column":13}},"148":{"start":{"line":149,"column":0},"end":{"line":149,"column":2}},"150":{"start":{"line":151,"column":0},"end":{"line":151,"column":46}},"151":{"start":{"line":152,"column":0},"end":{"line":152,"column":15}},"152":{"start":{"line":153,"column":0},"end":{"line":153,"column":17}},"153":{"start":{"line":154,"column":0},"end":{"line":154,"column":17}},"154":{"start":{"line":155,"column":0},"end":{"line":155,"column":16}},"155":{"start":{"line":156,"column":0},"end":{"line":156,"column":33}},"156":{"start":{"line":157,"column":0},"end":{"line":157,"column":24}},"157":{"start":{"line":158,"column":0},"end":{"line":158,"column":17}},"158":{"start":{"line":159,"column":0},"end":{"line":159,"column":13}},"159":{"start":{"line":160,"column":0},"end":{"line":160,"column":2}},"161":{"start":{"line":162,"column":0},"end":{"line":162,"column":46}},"162":{"start":{"line":163,"column":0},"end":{"line":163,"column":15}},"163":{"start":{"line":164,"column":0},"end":{"line":164,"column":25}},"164":{"start":{"line":165,"column":0},"end":{"line":165,"column":16}},"165":{"start":{"line":166,"column":0},"end":{"line":166,"column":17}},"166":{"start":{"line":167,"column":0},"end":{"line":167,"column":25}},"167":{"start":{"line":168,"column":0},"end":{"line":168,"column":36}},"168":{"start":{"line":169,"column":0},"end":{"line":169,"column":23}},"169":{"start":{"line":170,"column":0},"end":{"line":170,"column":17}},"170":{"start":{"line":171,"column":0},"end":{"line":171,"column":13}},"171":{"start":{"line":172,"column":0},"end":{"line":172,"column":2}},"173":{"start":{"line":174,"column":0},"end":{"line":174,"column":48}},"174":{"start":{"line":175,"column":0},"end":{"line":175,"column":17}},"175":{"start":{"line":176,"column":0},"end":{"line":176,"column":28}},"176":{"start":{"line":177,"column":0},"end":{"line":177,"column":16}},"177":{"start":{"line":178,"column":0},"end":{"line":178,"column":17}},"178":{"start":{"line":179,"column":0},"end":{"line":179,"column":35}},"179":{"start":{"line":180,"column":0},"end":{"line":180,"column":23}},"180":{"start":{"line":181,"column":0},"end":{"line":181,"column":17}},"181":{"start":{"line":182,"column":0},"end":{"line":182,"column":13}},"182":{"start":{"line":183,"column":0},"end":{"line":183,"column":2}},"184":{"start":{"line":185,"column":0},"end":{"line":185,"column":50}},"185":{"start":{"line":186,"column":0},"end":{"line":186,"column":16}},"186":{"start":{"line":187,"column":0},"end":{"line":187,"column":19}},"187":{"start":{"line":188,"column":0},"end":{"line":188,"column":16}},"188":{"start":{"line":189,"column":0},"end":{"line":189,"column":16}},"189":{"start":{"line":190,"column":0},"end":{"line":190,"column":18}},"190":{"start":{"line":191,"column":0},"end":{"line":191,"column":2}},"192":{"start":{"line":193,"column":0},"end":{"line":193,"column":67}},"193":{"start":{"line":194,"column":0},"end":{"line":194,"column":50}},"194":{"start":{"line":195,"column":0},"end":{"line":195,"column":1}},"196":{"start":{"line":197,"column":0},"end":{"line":197,"column":51}},"197":{"start":{"line":198,"column":0},"end":{"line":198,"column":30}},"198":{"start":{"line":199,"column":0},"end":{"line":199,"column":1}},"200":{"start":{"line":201,"column":0},"end":{"line":201,"column":42}},"201":{"start":{"line":202,"column":0},"end":{"line":202,"column":42}},"202":{"start":{"line":203,"column":0},"end":{"line":203,"column":1}}},"s":{"2":1,"3":1,"4":1,"5":1,"6":1,"7":1,"8":1,"9":1,"10":1,"11":1,"12":1,"13":1,"14":1,"15":1,"16":1,"17":1,"18":1,"19":1,"20":1,"21":1,"22":1,"23":1,"24":1,"25":1,"26":1,"27":1,"28":1,"29":1,"30":1,"31":1,"32":1,"33":1,"34":1,"35":1,"36":1,"37":1,"38":1,"39":1,"40":1,"41":1,"42":1,"43":1,"45":1,"46":1,"47":1,"48":1,"49":1,"50":1,"51":1,"52":1,"53":1,"54":1,"55":1,"56":1,"57":1,"58":1,"59":1,"60":1,"61":1,"62":1,"63":1,"64":1,"65":1,"66":1,"67":1,"68":1,"69":1,"70":1,"71":1,"72":1,"73":1,"74":1,"75":1,"76":1,"78":1,"79":1,"80":1,"81":1,"82":1,"83":1,"84":1,"85":1,"86":1,"87":1,"88":1,"89":1,"90":1,"91":1,"92":1,"93":1,"94":1,"95":1,"96":1,"97":1,"98":1,"99":1,"101":1,"102":1,"103":1,"104":1,"105":1,"106":1,"107":1,"108":1,"109":1,"110":1,"111":1,"112":1,"113":1,"114":1,"115":1,"116":1,"117":1,"118":1,"119":1,"120":1,"121":1,"122":1,"123":1,"124":1,"125":1,"126":1,"128":1,"129":1,"130":1,"131":1,"132":1,"133":1,"134":1,"135":1,"136":1,"137":1,"139":1,"140":1,"141":1,"142":1,"143":1,"144":1,"145":1,"146":1,"147":1,"148":1,"150":1,"151":1,"152":1,"153":1,"154":1,"155":1,"156":1,"157":1,"158":1,"159":1,"161":1,"162":1,"163":1,"164":1,"165":1,"166":1,"167":1,"168":1,"169":1,"170":1,"171":1,"173":1,"174":1,"175":1,"176":1,"177":1,"178":1,"179":1,"180":1,"181":1,"182":1,"184":1,"185":1,"186":1,"187":1,"188":1,"189":1,"190":1,"192":1,"193":2,"194":2,"196":1,"197":1,"198":1,"200":1,"201":1,"202":1},"branchMap":{"0":{"type":"branch","line":193,"loc":{"start":{"line":193,"column":7},"end":{"line":195,"column":1}},"locations":[{"start":{"line":193,"column":7},"end":{"line":195,"column":1}}]},"1":{"type":"branch","line":194,"loc":{"start":{"line":194,"column":30},"end":{"line":194,"column":48}},"locations":[{"start":{"line":194,"column":30},"end":{"line":194,"column":48}}]},"2":{"type":"branch","line":197,"loc":{"start":{"line":197,"column":7},"end":{"line":199,"column":1}},"locations":[{"start":{"line":197,"column":7},"end":{"line":199,"column":1}}]},"3":{"type":"branch","line":201,"loc":{"start":{"line":201,"column":7},"end":{"line":203,"column":1}},"locations":[{"start":{"line":201,"column":7},"end":{"line":203,"column":1}}]},"4":{"type":"branch","line":202,"loc":{"start":{"line":202,"column":29},"end":{"line":202,"column":40}},"locations":[{"start":{"line":202,"column":29},"end":{"line":202,"column":40}}]}},"b":{"0":[2],"1":[6],"2":[1],"3":[1],"4":[5]},"fnMap":{"0":{"name":"getPreset","decl":{"start":{"line":193,"column":7},"end":{"line":195,"column":1}},"loc":{"start":{"line":193,"column":7},"end":{"line":195,"column":1}},"line":193},"1":{"name":"getAllPresets","decl":{"start":{"line":197,"column":7},"end":{"line":199,"column":1}},"loc":{"start":{"line":197,"column":7},"end":{"line":199,"column":1}},"line":197},"2":{"name":"getPresetIds","decl":{"start":{"line":201,"column":7},"end":{"line":203,"column":1}},"loc":{"start":{"line":201,"column":7},"end":{"line":203,"column":1}},"line":201}},"f":{"0":2,"1":1,"2":1}}
,"/Users/irfandi/.local/share/opencode/worktree/d686a6dfff4eca54f64908f2ecb63fded89b9888/silent-river/packages/providers/src/registry.ts": {"path":"/Users/irfandi/.local/share/opencode/worktree/d686a6dfff4eca54f64908f2ecb63fded89b9888/silent-river/packages/providers/src/registry.ts","all":false,"statementMap":{"0":{"start":{"line":1,"column":0},"end":{"line":1,"column":8}},"12":{"start":{"line":13,"column":0},"end":{"line":13,"column":31}},"13":{"start":{"line":14,"column":0},"end":{"line":14,"column":62}},"14":{"start":{"line":15,"column":0},"end":{"line":15,"column":49}},"15":{"start":{"line":16,"column":0},"end":{"line":16,"column":37}},"17":{"start":{"line":18,"column":0},"end":{"line":18,"column":17}},"18":{"start":{"line":19,"column":0},"end":{"line":19,"column":43}},"19":{"start":{"line":20,"column":0},"end":{"line":20,"column":52}},"20":{"start":{"line":21,"column":0},"end":{"line":21,"column":5}},"21":{"start":{"line":22,"column":0},"end":{"line":22,"column":3}},"23":{"start":{"line":24,"column":0},"end":{"line":24,"column":45}},"24":{"start":{"line":25,"column":0},"end":{"line":25,"column":41}},"25":{"start":{"line":26,"column":0},"end":{"line":26,"column":54}},"26":{"start":{"line":27,"column":0},"end":{"line":27,"column":5}},"28":{"start":{"line":29,"column":0},"end":{"line":29,"column":38}},"29":{"start":{"line":30,"column":0},"end":{"line":30,"column":50}},"30":{"start":{"line":31,"column":0},"end":{"line":31,"column":3}},"32":{"start":{"line":33,"column":0},"end":{"line":33,"column":80}},"33":{"start":{"line":34,"column":0},"end":{"line":34,"column":45}},"34":{"start":{"line":35,"column":0},"end":{"line":35,"column":20}},"35":{"start":{"line":36,"column":0},"end":{"line":36,"column":42}},"36":{"start":{"line":37,"column":0},"end":{"line":37,"column":5}},"38":{"start":{"line":39,"column":0},"end":{"line":39,"column":48}},"39":{"start":{"line":40,"column":0},"end":{"line":40,"column":39}},"40":{"start":{"line":41,"column":0},"end":{"line":41,"column":37}},"42":{"start":{"line":43,"column":0},"end":{"line":43,"column":19}},"43":{"start":{"line":44,"column":0},"end":{"line":44,"column":3}},"45":{"start":{"line":46,"column":0},"end":{"line":46,"column":36}},"46":{"start":{"line":47,"column":0},"end":{"line":47,"column":35}},"47":{"start":{"line":48,"column":0},"end":{"line":48,"column":42}},"48":{"start":{"line":49,"column":0},"end":{"line":49,"column":5}},"50":{"start":{"line":51,"column":0},"end":{"line":51,"column":31}},"52":{"start":{"line":53,"column":0},"end":{"line":53,"column":39}},"53":{"start":{"line":54,"column":0},"end":{"line":54,"column":35}},"54":{"start":{"line":55,"column":0},"end":{"line":55,"column":5}},"55":{"start":{"line":56,"column":0},"end":{"line":56,"column":3}},"57":{"start":{"line":58,"column":0},"end":{"line":58,"column":55}},"58":{"start":{"line":59,"column":0},"end":{"line":59,"column":35}},"59":{"start":{"line":60,"column":0},"end":{"line":60,"column":3}},"61":{"start":{"line":62,"column":0},"end":{"line":62,"column":39}},"62":{"start":{"line":63,"column":0},"end":{"line":63,"column":48}},"63":{"start":{"line":64,"column":0},"end":{"line":64,"column":3}},"65":{"start":{"line":66,"column":0},"end":{"line":66,"column":43}},"66":{"start":{"line":67,"column":0},"end":{"line":67,"column":59}},"67":{"start":{"line":68,"column":0},"end":{"line":68,"column":3}},"69":{"start":{"line":70,"column":0},"end":{"line":70,"column":36}},"70":{"start":{"line":71,"column":0},"end":{"line":71,"column":35}},"71":{"start":{"line":72,"column":0},"end":{"line":72,"column":3}},"73":{"start":{"line":74,"column":0},"end":{"line":74,"column":40}},"74":{"start":{"line":75,"column":0},"end":{"line":75,"column":35}},"75":{"start":{"line":76,"column":0},"end":{"line":76,"column":42}},"76":{"start":{"line":77,"column":0},"end":{"line":77,"column":5}},"78":{"start":{"line":79,"column":0},"end":{"line":79,"column":31}},"79":{"start":{"line":80,"column":0},"end":{"line":80,"column":3}},"81":{"start":{"line":82,"column":0},"end":{"line":82,"column":52}},"82":{"start":{"line":83,"column":0},"end":{"line":83,"column":32}},"83":{"start":{"line":84,"column":0},"end":{"line":84,"column":56}},"84":{"start":{"line":85,"column":0},"end":{"line":85,"column":5}},"86":{"start":{"line":87,"column":0},"end":{"line":87,"column":47}},"87":{"start":{"line":88,"column":0},"end":{"line":88,"column":55}},"88":{"start":{"line":89,"column":0},"end":{"line":89,"column":3}},"90":{"start":{"line":91,"column":0},"end":{"line":91,"column":41}},"91":{"start":{"line":92,"column":0},"end":{"line":92,"column":33}},"92":{"start":{"line":93,"column":0},"end":{"line":93,"column":3}},"94":{"start":{"line":95,"column":0},"end":{"line":95,"column":36}},"95":{"start":{"line":96,"column":0},"end":{"line":96,"column":47}},"96":{"start":{"line":97,"column":0},"end":{"line":97,"column":3}},"98":{"start":{"line":99,"column":0},"end":{"line":99,"column":37}},"99":{"start":{"line":100,"column":0},"end":{"line":100,"column":48}},"100":{"start":{"line":101,"column":0},"end":{"line":101,"column":3}},"102":{"start":{"line":103,"column":0},"end":{"line":103,"column":75}},"103":{"start":{"line":104,"column":0},"end":{"line":104,"column":45}},"104":{"start":{"line":105,"column":0},"end":{"line":105,"column":20}},"105":{"start":{"line":106,"column":0},"end":{"line":106,"column":69}},"106":{"start":{"line":107,"column":0},"end":{"line":107,"column":5}},"108":{"start":{"line":109,"column":0},"end":{"line":109,"column":44}},"109":{"start":{"line":110,"column":0},"end":{"line":110,"column":3}},"111":{"start":{"line":112,"column":0},"end":{"line":112,"column":67}},"112":{"start":{"line":113,"column":0},"end":{"line":113,"column":45}},"113":{"start":{"line":114,"column":0},"end":{"line":114,"column":20}},"114":{"start":{"line":115,"column":0},"end":{"line":115,"column":14}},"115":{"start":{"line":116,"column":0},"end":{"line":116,"column":23}},"116":{"start":{"line":117,"column":0},"end":{"line":117,"column":43}},"117":{"start":{"line":118,"column":0},"end":{"line":118,"column":8}},"118":{"start":{"line":119,"column":0},"end":{"line":119,"column":5}},"120":{"start":{"line":121,"column":0},"end":{"line":121,"column":36}},"122":{"start":{"line":123,"column":0},"end":{"line":123,"column":9}},"123":{"start":{"line":124,"column":0},"end":{"line":124,"column":58}},"124":{"start":{"line":125,"column":0},"end":{"line":125,"column":16}},"125":{"start":{"line":126,"column":0},"end":{"line":126,"column":25}},"126":{"start":{"line":127,"column":0},"end":{"line":127,"column":42}},"127":{"start":{"line":128,"column":0},"end":{"line":128,"column":10}},"128":{"start":{"line":129,"column":0},"end":{"line":129,"column":7}},"130":{"start":{"line":131,"column":0},"end":{"line":131,"column":48}},"132":{"start":{"line":133,"column":0},"end":{"line":133,"column":14}},"133":{"start":{"line":134,"column":0},"end":{"line":134,"column":22}},"134":{"start":{"line":135,"column":0},"end":{"line":135,"column":16}},"135":{"start":{"line":136,"column":0},"end":{"line":136,"column":58}},"136":{"start":{"line":137,"column":0},"end":{"line":137,"column":8}},"137":{"start":{"line":138,"column":0},"end":{"line":138,"column":21}},"138":{"start":{"line":139,"column":0},"end":{"line":139,"column":14}},"139":{"start":{"line":140,"column":0},"end":{"line":140,"column":23}},"140":{"start":{"line":141,"column":0},"end":{"line":141,"column":72}},"141":{"start":{"line":142,"column":0},"end":{"line":142,"column":8}},"142":{"start":{"line":143,"column":0},"end":{"line":143,"column":5}},"143":{"start":{"line":144,"column":0},"end":{"line":144,"column":3}},"145":{"start":{"line":146,"column":0},"end":{"line":146,"column":29}},"146":{"start":{"line":147,"column":0},"end":{"line":147,"column":12}},"147":{"start":{"line":148,"column":0},"end":{"line":148,"column":29}},"148":{"start":{"line":149,"column":0},"end":{"line":149,"column":58}},"149":{"start":{"line":150,"column":0},"end":{"line":150,"column":40}},"150":{"start":{"line":151,"column":0},"end":{"line":151,"column":6}},"151":{"start":{"line":152,"column":0},"end":{"line":152,"column":3}},"153":{"start":{"line":154,"column":0},"end":{"line":154,"column":41}},"154":{"start":{"line":155,"column":0},"end":{"line":155,"column":43}},"155":{"start":{"line":156,"column":0},"end":{"line":156,"column":82}},"156":{"start":{"line":157,"column":0},"end":{"line":157,"column":5}},"158":{"start":{"line":159,"column":0},"end":{"line":159,"column":28}},"160":{"start":{"line":161,"column":0},"end":{"line":161,"column":44}},"161":{"start":{"line":162,"column":0},"end":{"line":162,"column":42}},"162":{"start":{"line":163,"column":0},"end":{"line":163,"column":49}},"163":{"start":{"line":164,"column":0},"end":{"line":164,"column":5}},"165":{"start":{"line":166,"column":0},"end":{"line":166,"column":57}},"166":{"start":{"line":167,"column":0},"end":{"line":167,"column":3}},"168":{"start":{"line":169,"column":0},"end":{"line":169,"column":17}},"169":{"start":{"line":170,"column":0},"end":{"line":170,"column":28}},"170":{"start":{"line":171,"column":0},"end":{"line":171,"column":33}},"171":{"start":{"line":172,"column":0},"end":{"line":172,"column":3}},"173":{"start":{"line":174,"column":0},"end":{"line":174,"column":22}},"174":{"start":{"line":175,"column":0},"end":{"line":175,"column":32}},"175":{"start":{"line":176,"column":0},"end":{"line":176,"column":3}},"176":{"start":{"line":177,"column":0},"end":{"line":177,"column":1}},"178":{"start":{"line":179,"column":0},"end":{"line":179,"column":52}},"179":{"start":{"line":180,"column":0},"end":{"line":180,"column":32}},"180":{"start":{"line":181,"column":0},"end":{"line":181,"column":1}}},"s":{"0":1,"12":1,"13":1,"14":58,"15":58,"17":1,"18":58,"19":290,"20":290,"21":58,"23":1,"24":7,"25":1,"26":1,"28":6,"29":6,"30":7,"32":1,"33":21,"34":21,"35":1,"36":1,"38":20,"39":20,"40":20,"42":20,"43":21,"45":1,"46":5,"47":1,"48":1,"50":4,"52":5,"53":2,"54":2,"55":5,"57":1,"58":20,"59":20,"61":1,"62":21,"63":21,"65":1,"66":5,"67":5,"69":1,"70":13,"71":13,"73":1,"74":10,"75":1,"76":1,"78":9,"79":10,"81":1,"82":6,"83":4,"84":4,"86":2,"87":6,"88":6,"90":1,"91":8,"92":8,"94":1,"95":3,"96":3,"98":1,"99":7,"100":7,"102":1,"103":3,"104":3,"105":1,"106":1,"108":2,"109":3,"111":1,"112":3,"113":3,"114":1,"115":1,"116":1,"117":1,"118":1,"120":2,"122":2,"123":3,"124":2,"125":2,"126":2,"127":2,"128":2,"130":0,"132":0,"133":0,"134":0,"135":0,"136":0,"137":0,"138":0,"139":0,"140":0,"141":0,"142":0,"143":3,"145":1,"146":14,"147":14,"148":14,"149":14,"150":14,"151":14,"153":1,"154":8,"155":1,"156":1,"158":7,"160":8,"161":38,"162":38,"163":38,"165":7,"166":8,"168":1,"169":4,"170":4,"171":4,"173":1,"174":10,"175":10,"176":1,"178":1,"179":22,"180":22},"branchMap":{"0":{"type":"branch","line":14,"loc":{"start":{"line":14,"column":10},"end":{"line":16,"column":37}},"locations":[{"start":{"line":14,"column":10},"end":{"line":16,"column":37}}]},"1":{"type":"branch","line":18,"loc":{"start":{"line":18,"column":2},"end":{"line":22,"column":3}},"locations":[{"start":{"line":18,"column":2},"end":{"line":22,"column":3}}]},"2":{"type":"branch","line":19,"loc":{"start":{"line":19,"column":42},"end":{"line":21,"column":5}},"locations":[{"start":{"line":19,"column":42},"end":{"line":21,"column":5}}]},"3":{"type":"branch","line":24,"loc":{"start":{"line":24,"column":2},"end":{"line":31,"column":3}},"locations":[{"start":{"line":24,"column":2},"end":{"line":31,"column":3}}]},"4":{"type":"branch","line":25,"loc":{"start":{"line":25,"column":40},"end":{"line":27,"column":5}},"locations":[{"start":{"line":25,"column":40},"end":{"line":27,"column":5}}]},"5":{"type":"branch","line":27,"loc":{"start":{"line":27,"column":4},"end":{"line":30,"column":50}},"locations":[{"start":{"line":27,"column":4},"end":{"line":30,"column":50}}]},"6":{"type":"branch","line":33,"loc":{"start":{"line":33,"column":2},"end":{"line":44,"column":3}},"locations":[{"start":{"line":33,"column":2},"end":{"line":44,"column":3}}]},"7":{"type":"branch","line":35,"loc":{"start":{"line":35,"column":19},"end":{"line":37,"column":5}},"locations":[{"start":{"line":35,"column":19},"end":{"line":37,"column":5}}]},"8":{"type":"branch","line":37,"loc":{"start":{"line":37,"column":4},"end":{"line":43,"column":19}},"locations":[{"start":{"line":37,"column":4},"end":{"line":43,"column":19}}]},"9":{"type":"branch","line":46,"loc":{"start":{"line":46,"column":2},"end":{"line":56,"column":3}},"locations":[{"start":{"line":46,"column":2},"end":{"line":56,"column":3}}]},"10":{"type":"branch","line":47,"loc":{"start":{"line":47,"column":34},"end":{"line":49,"column":5}},"locations":[{"start":{"line":47,"column":34},"end":{"line":49,"column":5}}]},"11":{"type":"branch","line":49,"loc":{"start":{"line":49,"column":4},"end":{"line":53,"column":38}},"locations":[{"start":{"line":49,"column":4},"end":{"line":53,"column":38}}]},"12":{"type":"branch","line":53,"loc":{"start":{"line":53,"column":38},"end":{"line":55,"column":5}},"locations":[{"start":{"line":53,"column":38},"end":{"line":55,"column":5}}]},"13":{"type":"branch","line":58,"loc":{"start":{"line":58,"column":2},"end":{"line":60,"column":3}},"locations":[{"start":{"line":58,"column":2},"end":{"line":60,"column":3}}]},"14":{"type":"branch","line":62,"loc":{"start":{"line":62,"column":2},"end":{"line":64,"column":3}},"locations":[{"start":{"line":62,"column":2},"end":{"line":64,"column":3}}]},"15":{"type":"branch","line":66,"loc":{"start":{"line":66,"column":2},"end":{"line":68,"column":3}},"locations":[{"start":{"line":66,"column":2},"end":{"line":68,"column":3}}]},"16":{"type":"branch","line":67,"loc":{"start":{"line":67,"column":41},"end":{"line":67,"column":57}},"locations":[{"start":{"line":67,"column":41},"end":{"line":67,"column":57}}]},"17":{"type":"branch","line":70,"loc":{"start":{"line":70,"column":2},"end":{"line":72,"column":3}},"locations":[{"start":{"line":70,"column":2},"end":{"line":72,"column":3}}]},"18":{"type":"branch","line":74,"loc":{"start":{"line":74,"column":2},"end":{"line":80,"column":3}},"locations":[{"start":{"line":74,"column":2},"end":{"line":80,"column":3}}]},"19":{"type":"branch","line":75,"loc":{"start":{"line":75,"column":34},"end":{"line":77,"column":5}},"locations":[{"start":{"line":75,"column":34},"end":{"line":77,"column":5}}]},"20":{"type":"branch","line":77,"loc":{"start":{"line":77,"column":4},"end":{"line":79,"column":31}},"locations":[{"start":{"line":77,"column":4},"end":{"line":79,"column":31}}]},"21":{"type":"branch","line":82,"loc":{"start":{"line":82,"column":2},"end":{"line":89,"column":3}},"locations":[{"start":{"line":82,"column":2},"end":{"line":89,"column":3}}]},"22":{"type":"branch","line":83,"loc":{"start":{"line":83,"column":31},"end":{"line":85,"column":5}},"locations":[{"start":{"line":83,"column":31},"end":{"line":85,"column":5}}]},"23":{"type":"branch","line":85,"loc":{"start":{"line":85,"column":4},"end":{"line":88,"column":45}},"locations":[{"start":{"line":85,"column":4},"end":{"line":88,"column":45}}]},"24":{"type":"branch","line":85,"loc":{"start":{"line":85,"column":4},"end":{"line":88,"column":32}},"locations":[{"start":{"line":85,"column":4},"end":{"line":88,"column":32}}]},"25":{"type":"branch","line":88,"loc":{"start":{"line":88,"column":28},"end":{"line":88,"column":45}},"locations":[{"start":{"line":88,"column":28},"end":{"line":88,"column":45}}]},"26":{"type":"branch","line":88,"loc":{"start":{"line":88,"column":41},"end":{"line":88,"column":55}},"locations":[{"start":{"line":88,"column":41},"end":{"line":88,"column":55}}]},"27":{"type":"branch","line":91,"loc":{"start":{"line":91,"column":2},"end":{"line":93,"column":3}},"locations":[{"start":{"line":91,"column":2},"end":{"line":93,"column":3}}]},"28":{"type":"branch","line":95,"loc":{"start":{"line":95,"column":2},"end":{"line":97,"column":3}},"locations":[{"start":{"line":95,"column":2},"end":{"line":97,"column":3}}]},"29":{"type":"branch","line":99,"loc":{"start":{"line":99,"column":2},"end":{"line":101,"column":3}},"locations":[{"start":{"line":99,"column":2},"end":{"line":101,"column":3}}]},"30":{"type":"branch","line":103,"loc":{"start":{"line":103,"column":2},"end":{"line":110,"column":3}},"locations":[{"start":{"line":103,"column":2},"end":{"line":110,"column":3}}]},"31":{"type":"branch","line":105,"loc":{"start":{"line":105,"column":19},"end":{"line":109,"column":44}},"locations":[{"start":{"line":105,"column":19},"end":{"line":109,"column":44}}]},"32":{"type":"branch","line":105,"loc":{"start":{"line":105,"column":19},"end":{"line":107,"column":5}},"locations":[{"start":{"line":105,"column":19},"end":{"line":107,"column":5}}]},"33":{"type":"branch","line":112,"loc":{"start":{"line":112,"column":2},"end":{"line":144,"column":3}},"locations":[{"start":{"line":112,"column":2},"end":{"line":144,"column":3}}]},"34":{"type":"branch","line":114,"loc":{"start":{"line":114,"column":19},"end":{"line":124,"column":57}},"locations":[{"start":{"line":114,"column":19},"end":{"line":124,"column":57}}]},"35":{"type":"branch","line":114,"loc":{"start":{"line":114,"column":19},"end":{"line":119,"column":5}},"locations":[{"start":{"line":114,"column":19},"end":{"line":119,"column":5}}]},"36":{"type":"branch","line":124,"loc":{"start":{"line":124,"column":57},"end":{"line":129,"column":7}},"locations":[{"start":{"line":124,"column":57},"end":{"line":129,"column":7}}]},"37":{"type":"branch","line":129,"loc":{"start":{"line":129,"column":6},"end":{"line":143,"column":5}},"locations":[{"start":{"line":129,"column":6},"end":{"line":143,"column":5}}]},"38":{"type":"branch","line":146,"loc":{"start":{"line":146,"column":2},"end":{"line":152,"column":3}},"locations":[{"start":{"line":146,"column":2},"end":{"line":152,"column":3}}]},"39":{"type":"branch","line":149,"loc":{"start":{"line":149,"column":28},"end":{"line":149,"column":58}},"locations":[{"start":{"line":149,"column":28},"end":{"line":149,"column":58}}]},"40":{"type":"branch","line":154,"loc":{"start":{"line":154,"column":2},"end":{"line":167,"column":3}},"locations":[{"start":{"line":154,"column":2},"end":{"line":167,"column":3}}]},"41":{"type":"branch","line":155,"loc":{"start":{"line":155,"column":42},"end":{"line":161,"column":43}},"locations":[{"start":{"line":155,"column":42},"end":{"line":161,"column":43}}]},"42":{"type":"branch","line":155,"loc":{"start":{"line":155,"column":42},"end":{"line":157,"column":5}},"locations":[{"start":{"line":155,"column":42},"end":{"line":157,"column":5}}]},"43":{"type":"branch","line":161,"loc":{"start":{"line":161,"column":43},"end":{"line":164,"column":5}},"locations":[{"start":{"line":161,"column":43},"end":{"line":164,"column":5}}]},"44":{"type":"branch","line":164,"loc":{"start":{"line":164,"column":4},"end":{"line":166,"column":57}},"locations":[{"start":{"line":164,"column":4},"end":{"line":166,"column":57}}]},"45":{"type":"branch","line":166,"loc":{"start":{"line":166,"column":33},"end":{"line":166,"column":57}},"locations":[{"start":{"line":166,"column":33},"end":{"line":166,"column":57}}]},"46":{"type":"branch","line":169,"loc":{"start":{"line":169,"column":2},"end":{"line":172,"column":3}},"locations":[{"start":{"line":169,"column":2},"end":{"line":172,"column":3}}]},"47":{"type":"branch","line":174,"loc":{"start":{"line":174,"column":2},"end":{"line":176,"column":3}},"locations":[{"start":{"line":174,"column":2},"end":{"line":176,"column":3}}]},"48":{"type":"branch","line":179,"loc":{"start":{"line":179,"column":7},"end":{"line":181,"column":1}},"locations":[{"start":{"line":179,"column":7},"end":{"line":181,"column":1}}]}},"b":{"0":[58],"1":[58],"2":[290],"3":[7],"4":[1],"5":[6],"6":[21],"7":[1],"8":[20],"9":[5],"10":[1],"11":[4],"12":[2],"13":[20],"14":[21],"15":[5],"16":[20],"17":[13],"18":[10],"19":[1],"20":[9],"21":[6],"22":[4],"23":[3],"24":[2],"25":[1],"26":[1],"27":[8],"28":[3],"29":[7],"30":[3],"31":[2],"32":[1],"33":[3],"34":[2],"35":[1],"36":[2],"37":[0],"38":[14],"39":[12],"40":[8],"41":[7],"42":[1],"43":[38],"44":[7],"45":[5],"46":[4],"47":[10],"48":[22]},"fnMap":{"0":{"name":"<instance_members_initializer>","decl":{"start":{"line":14,"column":10},"end":{"line":16,"column":37}},"loc":{"start":{"line":14,"column":10},"end":{"line":16,"column":37}},"line":14},"1":{"name":"ProviderRegistry","decl":{"start":{"line":18,"column":2},"end":{"line":22,"column":3}},"loc":{"start":{"line":18,"column":2},"end":{"line":22,"column":3}},"line":18},"2":{"name":"addProvider","decl":{"start":{"line":24,"column":2},"end":{"line":31,"column":3}},"loc":{"start":{"line":24,"column":2},"end":{"line":31,"column":3}},"line":24},"3":{"name":"updateProvider","decl":{"start":{"line":33,"column":2},"end":{"line":44,"column":3}},"loc":{"start":{"line":33,"column":2},"end":{"line":44,"column":3}},"line":33},"4":{"name":"removeProvider","decl":{"start":{"line":46,"column":2},"end":{"line":56,"column":3}},"loc":{"start":{"line":46,"column":2},"end":{"line":56,"column":3}},"line":46},"5":{"name":"getProvider","decl":{"start":{"line":58,"column":2},"end":{"line":60,"column":3}},"loc":{"start":{"line":58,"column":2},"end":{"line":60,"column":3}},"line":58},"6":{"name":"getAllProviders","decl":{"start":{"line":62,"column":2},"end":{"line":64,"column":3}},"loc":{"start":{"line":62,"column":2},"end":{"line":64,"column":3}},"line":62},"7":{"name":"getEnabledProviders","decl":{"start":{"line":66,"column":2},"end":{"line":68,"column":3}},"loc":{"start":{"line":66,"column":2},"end":{"line":68,"column":3}},"line":66},"8":{"name":"hasProvider","decl":{"start":{"line":70,"column":2},"end":{"line":72,"column":3}},"loc":{"start":{"line":70,"column":2},"end":{"line":72,"column":3}},"line":70},"9":{"name":"setDefaultProvider","decl":{"start":{"line":74,"column":2},"end":{"line":80,"column":3}},"loc":{"start":{"line":74,"column":2},"end":{"line":80,"column":3}},"line":74},"10":{"name":"getDefaultProvider","decl":{"start":{"line":82,"column":2},"end":{"line":89,"column":3}},"loc":{"start":{"line":82,"column":2},"end":{"line":89,"column":3}},"line":82},"11":{"name":"getDefaultProviderId","decl":{"start":{"line":91,"column":2},"end":{"line":93,"column":3}},"loc":{"start":{"line":91,"column":2},"end":{"line":93,"column":3}},"line":91},"12":{"name":"enableProvider","decl":{"start":{"line":95,"column":2},"end":{"line":97,"column":3}},"loc":{"start":{"line":95,"column":2},"end":{"line":97,"column":3}},"line":95},"13":{"name":"disableProvider","decl":{"start":{"line":99,"column":2},"end":{"line":101,"column":3}},"loc":{"start":{"line":99,"column":2},"end":{"line":101,"column":3}},"line":99},"14":{"name":"validateProvider","decl":{"start":{"line":103,"column":2},"end":{"line":110,"column":3}},"loc":{"start":{"line":103,"column":2},"end":{"line":110,"column":3}},"line":103},"15":{"name":"testConnection","decl":{"start":{"line":112,"column":2},"end":{"line":144,"column":3}},"loc":{"start":{"line":112,"column":2},"end":{"line":144,"column":3}},"line":112},"16":{"name":"toJSON","decl":{"start":{"line":146,"column":2},"end":{"line":152,"column":3}},"loc":{"start":{"line":146,"column":2},"end":{"line":152,"column":3}},"line":146},"17":{"name":"fromJSON","decl":{"start":{"line":154,"column":2},"end":{"line":167,"column":3}},"loc":{"start":{"line":154,"column":2},"end":{"line":167,"column":3}},"line":154},"18":{"name":"clear","decl":{"start":{"line":169,"column":2},"end":{"line":172,"column":3}},"loc":{"start":{"line":169,"column":2},"end":{"line":172,"column":3}},"line":169},"19":{"name":"get size","decl":{"start":{"line":174,"column":2},"end":{"line":176,"column":3}},"loc":{"start":{"line":174,"column":2},"end":{"line":176,"column":3}},"line":174},"20":{"name":"createRegistry","decl":{"start":{"line":179,"column":7},"end":{"line":181,"column":1}},"loc":{"start":{"line":179,"column":7},"end":{"line":181,"column":1}},"line":179}},"f":{"0":58,"1":58,"2":7,"3":21,"4":5,"5":20,"6":21,"7":5,"8":13,"9":10,"10":6,"11":8,"12":3,"13":7,"14":3,"15":3,"16":14,"17":8,"18":4,"19":10,"20":22}}
,"/Users/irfandi/.local/share/opencode/worktree/d686a6dfff4eca54f64908f2ecb63fded89b9888/silent-river/packages/providers/src/storage.ts": {"path":"/Users/irfandi/.local/share/opencode/worktree/d686a6dfff4eca54f64908f2ecb63fded89b9888/silent-river/packages/providers/src/storage.ts","all":false,"statementMap":{"0":{"start":{"line":1,"column":0},"end":{"line":1,"column":57}},"5":{"start":{"line":6,"column":0},"end":{"line":6,"column":30}},"6":{"start":{"line":7,"column":0},"end":{"line":7,"column":61}},"7":{"start":{"line":8,"column":0},"end":{"line":8,"column":9}},"8":{"start":{"line":9,"column":0},"end":{"line":9,"column":54}},"9":{"start":{"line":10,"column":0},"end":{"line":10,"column":38}},"11":{"start":{"line":12,"column":0},"end":{"line":12,"column":60}},"13":{"start":{"line":14,"column":0},"end":{"line":14,"column":46}},"14":{"start":{"line":15,"column":0},"end":{"line":15,"column":35}},"16":{"start":{"line":17,"column":0},"end":{"line":17,"column":22}},"17":{"start":{"line":18,"column":0},"end":{"line":18,"column":21}},"18":{"start":{"line":19,"column":0},"end":{"line":19,"column":63}},"19":{"start":{"line":20,"column":0},"end":{"line":20,"column":38}},"20":{"start":{"line":21,"column":0},"end":{"line":21,"column":7}},"21":{"start":{"line":22,"column":0},"end":{"line":22,"column":18}},"22":{"start":{"line":23,"column":0},"end":{"line":23,"column":5}},"23":{"start":{"line":24,"column":0},"end":{"line":24,"column":3}},"25":{"start":{"line":26,"column":0},"end":{"line":26,"column":77}},"26":{"start":{"line":27,"column":0},"end":{"line":27,"column":37}},"27":{"start":{"line":28,"column":0},"end":{"line":28,"column":49}},"29":{"start":{"line":30,"column":0},"end":{"line":30,"column":58}},"30":{"start":{"line":31,"column":0},"end":{"line":31,"column":55}},"31":{"start":{"line":32,"column":0},"end":{"line":32,"column":3}},"33":{"start":{"line":34,"column":0},"end":{"line":34,"column":54}},"34":{"start":{"line":35,"column":0},"end":{"line":35,"column":9}},"35":{"start":{"line":36,"column":0},"end":{"line":36,"column":33}},"36":{"start":{"line":37,"column":0},"end":{"line":37,"column":18}},"37":{"start":{"line":38,"column":0},"end":{"line":38,"column":13}},"38":{"start":{"line":39,"column":0},"end":{"line":39,"column":19}},"39":{"start":{"line":40,"column":0},"end":{"line":40,"column":5}},"40":{"start":{"line":41,"column":0},"end":{"line":41,"column":3}},"41":{"start":{"line":42,"column":0},"end":{"line":42,"column":1}},"43":{"start":{"line":44,"column":0},"end":{"line":44,"column":50}},"44":{"start":{"line":45,"column":0},"end":{"line":45,"column":31}},"45":{"start":{"line":46,"column":0},"end":{"line":46,"column":1}}},"s":{"0":1,"5":1,"6":1,"7":8,"8":8,"9":7,"11":7,"13":7,"14":7,"16":7,"17":7,"18":2,"19":1,"20":1,"21":1,"22":1,"23":8,"25":1,"26":12,"27":12,"29":12,"30":12,"31":12,"33":1,"34":6,"35":6,"36":5,"37":6,"38":1,"39":1,"40":6,"41":1,"43":1,"44":10,"45":10},"branchMap":{"0":{"type":"branch","line":7,"loc":{"start":{"line":7,"column":2},"end":{"line":24,"column":3}},"locations":[{"start":{"line":7,"column":2},"end":{"line":24,"column":3}}]},"1":{"type":"branch","line":9,"loc":{"start":{"line":9,"column":52},"end":{"line":23,"column":5}},"locations":[{"start":{"line":9,"column":52},"end":{"line":23,"column":5}}]},"2":{"type":"branch","line":18,"loc":{"start":{"line":18,"column":4},"end":{"line":23,"column":5}},"locations":[{"start":{"line":18,"column":4},"end":{"line":23,"column":5}}]},"3":{"type":"branch","line":19,"loc":{"start":{"line":19,"column":62},"end":{"line":23,"column":5}},"locations":[{"start":{"line":19,"column":62},"end":{"line":23,"column":5}}]},"4":{"type":"branch","line":26,"loc":{"start":{"line":26,"column":2},"end":{"line":32,"column":3}},"locations":[{"start":{"line":26,"column":2},"end":{"line":32,"column":3}}]},"5":{"type":"branch","line":34,"loc":{"start":{"line":34,"column":2},"end":{"line":41,"column":3}},"locations":[{"start":{"line":34,"column":2},"end":{"line":41,"column":3}}]},"6":{"type":"branch","line":36,"loc":{"start":{"line":36,"column":31},"end":{"line":38,"column":12}},"locations":[{"start":{"line":36,"column":31},"end":{"line":38,"column":12}}]},"7":{"type":"branch","line":38,"loc":{"start":{"line":38,"column":4},"end":{"line":40,"column":5}},"locations":[{"start":{"line":38,"column":4},"end":{"line":40,"column":5}}]},"8":{"type":"branch","line":44,"loc":{"start":{"line":44,"column":7},"end":{"line":46,"column":1}},"locations":[{"start":{"line":44,"column":7},"end":{"line":46,"column":1}}]}},"b":{"0":[8],"1":[7],"2":[2],"3":[1],"4":[12],"5":[6],"6":[5],"7":[1],"8":[10]},"fnMap":{"0":{"name":"load","decl":{"start":{"line":7,"column":2},"end":{"line":24,"column":3}},"loc":{"start":{"line":7,"column":2},"end":{"line":24,"column":3}},"line":7},"1":{"name":"save","decl":{"start":{"line":26,"column":2},"end":{"line":32,"column":3}},"loc":{"start":{"line":26,"column":2},"end":{"line":32,"column":3}},"line":26},"2":{"name":"exists","decl":{"start":{"line":34,"column":2},"end":{"line":41,"column":3}},"loc":{"start":{"line":34,"column":2},"end":{"line":41,"column":3}},"line":34},"3":{"name":"createStorage","decl":{"start":{"line":44,"column":7},"end":{"line":46,"column":1}},"loc":{"start":{"line":44,"column":7},"end":{"line":46,"column":1}},"line":44}},"f":{"0":8,"1":12,"2":6,"3":10}}
,"/Users/irfandi/.local/share/opencode/worktree/d686a6dfff4eca54f64908f2ecb63fded89b9888/silent-river/packages/providers/src/types.ts": {"path":"/Users/irfandi/.local/share/opencode/worktree/d686a6dfff4eca54f64908f2ecb63fded89b9888/silent-river/packages/providers/src/types.ts","all":false,"statementMap":{"0":{"start":{"line":1,"column":0},"end":{"line":1,"column":24}},"2":{"start":{"line":3,"column":0},"end":{"line":3,"column":89}},"4":{"start":{"line":5,"column":0},"end":{"line":5,"column":43}},"5":{"start":{"line":6,"column":0},"end":{"line":6,"column":24}},"6":{"start":{"line":7,"column":0},"end":{"line":7,"column":26}},"7":{"start":{"line":8,"column":0},"end":{"line":8,"column":41}},"8":{"start":{"line":9,"column":0},"end":{"line":9,"column":47}},"9":{"start":{"line":10,"column":0},"end":{"line":10,"column":45}},"10":{"start":{"line":11,"column":0},"end":{"line":11,"column":44}},"11":{"start":{"line":12,"column":0},"end":{"line":12,"column":51}},"12":{"start":{"line":13,"column":0},"end":{"line":13,"column":52}},"13":{"start":{"line":14,"column":0},"end":{"line":14,"column":3}},"15":{"start":{"line":16,"column":0},"end":{"line":16,"column":47}},"16":{"start":{"line":17,"column":0},"end":{"line":17,"column":60}},"17":{"start":{"line":18,"column":0},"end":{"line":18,"column":58}},"18":{"start":{"line":19,"column":0},"end":{"line":19,"column":57}},"19":{"start":{"line":20,"column":0},"end":{"line":20,"column":3}},"21":{"start":{"line":22,"column":0},"end":{"line":22,"column":46}},"22":{"start":{"line":23,"column":0},"end":{"line":23,"column":55}},"23":{"start":{"line":24,"column":0},"end":{"line":24,"column":35}},"24":{"start":{"line":25,"column":0},"end":{"line":25,"column":21}},"25":{"start":{"line":26,"column":0},"end":{"line":26,"column":37}},"26":{"start":{"line":27,"column":0},"end":{"line":27,"column":38}},"27":{"start":{"line":28,"column":0},"end":{"line":28,"column":32}},"28":{"start":{"line":29,"column":0},"end":{"line":29,"column":39}},"29":{"start":{"line":30,"column":0},"end":{"line":30,"column":38}},"30":{"start":{"line":31,"column":0},"end":{"line":31,"column":44}},"31":{"start":{"line":32,"column":0},"end":{"line":32,"column":47}},"32":{"start":{"line":33,"column":0},"end":{"line":33,"column":54}},"33":{"start":{"line":34,"column":0},"end":{"line":34,"column":54}},"34":{"start":{"line":35,"column":0},"end":{"line":35,"column":3}},"36":{"start":{"line":37,"column":0},"end":{"line":37,"column":47}},"37":{"start":{"line":38,"column":0},"end":{"line":38,"column":39}},"38":{"start":{"line":39,"column":0},"end":{"line":39,"column":41}},"39":{"start":{"line":40,"column":0},"end":{"line":40,"column":43}},"40":{"start":{"line":41,"column":0},"end":{"line":41,"column":3}},"42":{"start":{"line":43,"column":0},"end":{"line":43,"column":48}},"43":{"start":{"line":44,"column":0},"end":{"line":44,"column":21}},"44":{"start":{"line":45,"column":0},"end":{"line":45,"column":30}},"45":{"start":{"line":46,"column":0},"end":{"line":46,"column":3}},"47":{"start":{"line":48,"column":0},"end":{"line":48,"column":52}},"48":{"start":{"line":49,"column":0},"end":{"line":49,"column":23}},"49":{"start":{"line":50,"column":0},"end":{"line":50,"column":33}},"50":{"start":{"line":51,"column":0},"end":{"line":51,"column":31}},"51":{"start":{"line":52,"column":0},"end":{"line":52,"column":50}},"52":{"start":{"line":53,"column":0},"end":{"line":53,"column":3}},"62":{"start":{"line":63,"column":0},"end":{"line":63,"column":42}},"63":{"start":{"line":64,"column":0},"end":{"line":64,"column":32}},"64":{"start":{"line":65,"column":0},"end":{"line":65,"column":19}},"65":{"start":{"line":66,"column":0},"end":{"line":66,"column":32}},"66":{"start":{"line":67,"column":0},"end":{"line":67,"column":3}},"67":{"start":{"line":68,"column":0},"end":{"line":68,"column":1}},"69":{"start":{"line":70,"column":0},"end":{"line":70,"column":58}},"70":{"start":{"line":71,"column":0},"end":{"line":71,"column":27}},"71":{"start":{"line":72,"column":0},"end":{"line":72,"column":39}},"72":{"start":{"line":73,"column":0},"end":{"line":73,"column":40}},"73":{"start":{"line":74,"column":0},"end":{"line":74,"column":3}},"74":{"start":{"line":75,"column":0},"end":{"line":75,"column":1}},"76":{"start":{"line":77,"column":0},"end":{"line":77,"column":60}},"77":{"start":{"line":78,"column":0},"end":{"line":78,"column":40}},"78":{"start":{"line":79,"column":0},"end":{"line":79,"column":53}},"79":{"start":{"line":80,"column":0},"end":{"line":80,"column":42}},"80":{"start":{"line":81,"column":0},"end":{"line":81,"column":3}},"81":{"start":{"line":82,"column":0},"end":{"line":82,"column":1}},"83":{"start":{"line":84,"column":0},"end":{"line":84,"column":63}},"84":{"start":{"line":85,"column":0},"end":{"line":85,"column":27}},"85":{"start":{"line":86,"column":0},"end":{"line":86,"column":44}},"86":{"start":{"line":87,"column":0},"end":{"line":87,"column":45}},"87":{"start":{"line":88,"column":0},"end":{"line":88,"column":3}},"88":{"start":{"line":89,"column":0},"end":{"line":89,"column":1}},"90":{"start":{"line":91,"column":0},"end":{"line":91,"column":33}}},"s":{"0":1,"2":1,"4":1,"5":1,"6":1,"7":1,"8":1,"9":1,"10":1,"11":1,"12":1,"13":1,"15":1,"16":1,"17":1,"18":1,"19":1,"21":1,"22":1,"23":1,"24":1,"25":1,"26":1,"27":1,"28":1,"29":1,"30":1,"31":1,"32":1,"33":1,"34":1,"36":1,"37":1,"38":1,"39":1,"40":1,"42":1,"43":1,"44":1,"45":1,"47":1,"48":1,"49":1,"50":1,"51":1,"52":1,"62":1,"63":1,"64":7,"65":7,"66":7,"67":1,"69":1,"70":1,"71":3,"72":3,"73":3,"74":1,"76":1,"77":1,"78":3,"79":3,"80":3,"81":1,"83":1,"84":1,"85":1,"86":1,"87":1,"88":1,"90":1},"branchMap":{"0":{"type":"branch","line":64,"loc":{"start":{"line":64,"column":2},"end":{"line":67,"column":3}},"locations":[{"start":{"line":64,"column":2},"end":{"line":67,"column":3}}]},"1":{"type":"branch","line":71,"loc":{"start":{"line":71,"column":2},"end":{"line":74,"column":3}},"locations":[{"start":{"line":71,"column":2},"end":{"line":74,"column":3}}]},"2":{"type":"branch","line":78,"loc":{"start":{"line":78,"column":2},"end":{"line":81,"column":3}},"locations":[{"start":{"line":78,"column":2},"end":{"line":81,"column":3}}]},"3":{"type":"branch","line":85,"loc":{"start":{"line":85,"column":2},"end":{"line":88,"column":3}},"locations":[{"start":{"line":85,"column":2},"end":{"line":88,"column":3}}]}},"b":{"0":[7],"1":[3],"2":[3],"3":[1]},"fnMap":{"0":{"name":"ProviderError","decl":{"start":{"line":64,"column":2},"end":{"line":67,"column":3}},"loc":{"start":{"line":64,"column":2},"end":{"line":67,"column":3}},"line":64},"1":{"name":"ProviderNotFoundError","decl":{"start":{"line":71,"column":2},"end":{"line":74,"column":3}},"loc":{"start":{"line":71,"column":2},"end":{"line":74,"column":3}},"line":71},"2":{"name":"ProviderValidationError","decl":{"start":{"line":78,"column":2},"end":{"line":81,"column":3}},"loc":{"start":{"line":78,"column":2},"end":{"line":81,"column":3}},"line":78},"3":{"name":"ProviderAlreadyExistsError","decl":{"start":{"line":85,"column":2},"end":{"line":88,"column":3}},"loc":{"start":{"line":85,"column":2},"end":{"line":88,"column":3}},"line":85}},"f":{"0":7,"1":3,"2":3,"3":1}}
,"/Users/irfandi/.local/share/opencode/worktree/d686a6dfff4eca54f64908f2ecb63fded89b9888/silent-river/packages/providers/src/validation.ts": {"path":"/Users/irfandi/.local/share/opencode/worktree/d686a6dfff4eca54f64908f2ecb63fded89b9888/silent-river/packages/providers/src/validation.ts","all":false,"statementMap":{"0":{"start":{"line":1,"column":0},"end":{"line":1,"column":8}},"7":{"start":{"line":8,"column":0},"end":{"line":8,"column":75}},"8":{"start":{"line":9,"column":0},"end":{"line":9,"column":56}},"10":{"start":{"line":11,"column":0},"end":{"line":11,"column":23}},"11":{"start":{"line":12,"column":0},"end":{"line":12,"column":32}},"12":{"start":{"line":13,"column":0},"end":{"line":13,"column":34}},"14":{"start":{"line":15,"column":0},"end":{"line":15,"column":33}},"15":{"start":{"line":16,"column":0},"end":{"line":16,"column":88}},"16":{"start":{"line":17,"column":0},"end":{"line":17,"column":25}},"17":{"start":{"line":18,"column":0},"end":{"line":18,"column":90}},"18":{"start":{"line":19,"column":0},"end":{"line":19,"column":7}},"19":{"start":{"line":20,"column":0},"end":{"line":20,"column":5}},"21":{"start":{"line":22,"column":0},"end":{"line":22,"column":60}},"22":{"start":{"line":23,"column":0},"end":{"line":23,"column":56}},"23":{"start":{"line":24,"column":0},"end":{"line":24,"column":5}},"25":{"start":{"line":26,"column":0},"end":{"line":26,"column":57}},"26":{"start":{"line":27,"column":0},"end":{"line":27,"column":64}},"27":{"start":{"line":28,"column":0},"end":{"line":28,"column":5}},"31":{"start":{"line":32,"column":0},"end":{"line":32,"column":12}},"32":{"start":{"line":33,"column":0},"end":{"line":33,"column":33}},"33":{"start":{"line":34,"column":0},"end":{"line":34,"column":13}},"34":{"start":{"line":35,"column":0},"end":{"line":35,"column":6}},"35":{"start":{"line":36,"column":0},"end":{"line":36,"column":3}},"37":{"start":{"line":38,"column":0},"end":{"line":38,"column":10}},"38":{"start":{"line":39,"column":0},"end":{"line":39,"column":17}},"39":{"start":{"line":40,"column":0},"end":{"line":40,"column":80}},"40":{"start":{"line":41,"column":0},"end":{"line":41,"column":4}},"41":{"start":{"line":42,"column":0},"end":{"line":42,"column":1}},"43":{"start":{"line":44,"column":0},"end":{"line":44,"column":76}},"44":{"start":{"line":45,"column":0},"end":{"line":45,"column":48}},"46":{"start":{"line":47,"column":0},"end":{"line":47,"column":22}},"47":{"start":{"line":48,"column":0},"end":{"line":48,"column":53}},"48":{"start":{"line":49,"column":0},"end":{"line":49,"column":3}},"50":{"start":{"line":51,"column":0},"end":{"line":51,"column":34}},"51":{"start":{"line":52,"column":0},"end":{"line":52,"column":1}},"53":{"start":{"line":54,"column":0},"end":{"line":54,"column":56}},"54":{"start":{"line":55,"column":0},"end":{"line":55,"column":71}},"55":{"start":{"line":56,"column":0},"end":{"line":56,"column":1}},"57":{"start":{"line":58,"column":0},"end":{"line":58,"column":83}},"58":{"start":{"line":59,"column":0},"end":{"line":59,"column":77}},"59":{"start":{"line":60,"column":0},"end":{"line":60,"column":1}},"61":{"start":{"line":62,"column":0},"end":{"line":62,"column":50}},"62":{"start":{"line":63,"column":0},"end":{"line":63,"column":7}},"63":{"start":{"line":64,"column":0},"end":{"line":64,"column":17}},"64":{"start":{"line":65,"column":0},"end":{"line":65,"column":16}},"65":{"start":{"line":66,"column":0},"end":{"line":66,"column":11}},"66":{"start":{"line":67,"column":0},"end":{"line":67,"column":17}},"67":{"start":{"line":68,"column":0},"end":{"line":68,"column":3}},"68":{"start":{"line":69,"column":0},"end":{"line":69,"column":1}}},"s":{"0":1,"7":1,"8":79,"10":79,"11":72,"12":72,"14":72,"15":55,"16":55,"17":1,"18":1,"19":55,"21":72,"22":1,"23":1,"25":72,"26":1,"27":1,"31":72,"32":72,"33":72,"34":72,"35":72,"37":7,"38":7,"39":7,"40":7,"41":7,"43":1,"44":66,"46":66,"47":2,"48":2,"50":64,"51":64,"53":1,"54":8,"55":8,"57":1,"58":8,"59":8,"61":1,"62":5,"63":5,"64":5,"65":5,"66":2,"67":2,"68":5},"branchMap":{"0":{"type":"branch","line":8,"loc":{"start":{"line":8,"column":7},"end":{"line":42,"column":1}},"locations":[{"start":{"line":8,"column":7},"end":{"line":42,"column":1}}]},"1":{"type":"branch","line":11,"loc":{"start":{"line":11,"column":22},"end":{"line":36,"column":3}},"locations":[{"start":{"line":11,"column":22},"end":{"line":36,"column":3}}]},"2":{"type":"branch","line":15,"loc":{"start":{"line":15,"column":32},"end":{"line":20,"column":5}},"locations":[{"start":{"line":15,"column":32},"end":{"line":20,"column":5}}]},"3":{"type":"branch","line":17,"loc":{"start":{"line":17,"column":24},"end":{"line":19,"column":7}},"locations":[{"start":{"line":17,"column":24},"end":{"line":19,"column":7}}]},"4":{"type":"branch","line":22,"loc":{"start":{"line":22,"column":27},"end":{"line":22,"column":59}},"locations":[{"start":{"line":22,"column":27},"end":{"line":22,"column":59}}]},"5":{"type":"branch","line":22,"loc":{"start":{"line":22,"column":59},"end":{"line":24,"column":5}},"locations":[{"start":{"line":22,"column":59},"end":{"line":24,"column":5}}]},"6":{"type":"branch","line":26,"loc":{"start":{"line":26,"column":27},"end":{"line":26,"column":56}},"locations":[{"start":{"line":26,"column":27},"end":{"line":26,"column":56}}]},"7":{"type":"branch","line":26,"loc":{"start":{"line":26,"column":56},"end":{"line":28,"column":5}},"locations":[{"start":{"line":26,"column":56},"end":{"line":28,"column":5}}]},"8":{"type":"branch","line":36,"loc":{"start":{"line":36,"column":2},"end":{"line":42,"column":1}},"locations":[{"start":{"line":36,"column":2},"end":{"line":42,"column":1}}]},"9":{"type":"branch","line":16,"loc":{"start":{"line":16,"column":48},"end":{"line":16,"column":86}},"locations":[{"start":{"line":16,"column":48},"end":{"line":16,"column":86}}]},"10":{"type":"branch","line":40,"loc":{"start":{"line":40,"column":36},"end":{"line":40,"column":78}},"locations":[{"start":{"line":40,"column":36},"end":{"line":40,"column":78}}]},"11":{"type":"branch","line":44,"loc":{"start":{"line":44,"column":7},"end":{"line":52,"column":1}},"locations":[{"start":{"line":44,"column":7},"end":{"line":52,"column":1}}]},"12":{"type":"branch","line":47,"loc":{"start":{"line":47,"column":21},"end":{"line":52,"column":1}},"locations":[{"start":{"line":47,"column":21},"end":{"line":52,"column":1}}]},"13":{"type":"branch","line":47,"loc":{"start":{"line":47,"column":21},"end":{"line":49,"column":3}},"locations":[{"start":{"line":47,"column":21},"end":{"line":49,"column":3}}]},"14":{"type":"branch","line":49,"loc":{"start":{"line":49,"column":2},"end":{"line":52,"column":1}},"locations":[{"start":{"line":49,"column":2},"end":{"line":52,"column":1}}]},"15":{"type":"branch","line":54,"loc":{"start":{"line":54,"column":7},"end":{"line":56,"column":1}},"locations":[{"start":{"line":54,"column":7},"end":{"line":56,"column":1}}]},"16":{"type":"branch","line":55,"loc":{"start":{"line":55,"column":32},"end":{"line":55,"column":55}},"locations":[{"start":{"line":55,"column":32},"end":{"line":55,"column":55}}]},"17":{"type":"branch","line":55,"loc":{"start":{"line":55,"column":50},"end":{"line":55,"column":71}},"locations":[{"start":{"line":55,"column":50},"end":{"line":55,"column":71}}]},"18":{"type":"branch","line":58,"loc":{"start":{"line":58,"column":7},"end":{"line":60,"column":1}},"locations":[{"start":{"line":58,"column":7},"end":{"line":60,"column":1}}]},"19":{"type":"branch","line":62,"loc":{"start":{"line":62,"column":7},"end":{"line":69,"column":1}},"locations":[{"start":{"line":62,"column":7},"end":{"line":69,"column":1}}]},"20":{"type":"branch","line":66,"loc":{"start":{"line":66,"column":2},"end":{"line":68,"column":3}},"locations":[{"start":{"line":66,"column":2},"end":{"line":68,"column":3}}]}},"b":{"0":[79],"1":[72],"2":[55],"3":[1],"4":[6],"5":[1],"6":[15],"7":[1],"8":[7],"9":[63],"10":[9],"11":[66],"12":[65],"13":[2],"14":[64],"15":[8],"16":[5],"17":[5],"18":[8],"19":[5],"20":[2]},"fnMap":{"0":{"name":"validateProviderConfig","decl":{"start":{"line":8,"column":7},"end":{"line":42,"column":1}},"loc":{"start":{"line":8,"column":7},"end":{"line":42,"column":1}},"line":8},"1":{"name":"assertValidProviderConfig","decl":{"start":{"line":44,"column":7},"end":{"line":52,"column":1}},"loc":{"start":{"line":44,"column":7},"end":{"line":52,"column":1}},"line":44},"2":{"name":"isValidProviderId","decl":{"start":{"line":54,"column":7},"end":{"line":56,"column":1}},"loc":{"start":{"line":54,"column":7},"end":{"line":56,"column":1}},"line":54},"3":{"name":"isValidProviderType","decl":{"start":{"line":58,"column":7},"end":{"line":60,"column":1}},"loc":{"start":{"line":58,"column":7},"end":{"line":60,"column":1}},"line":58},"4":{"name":"isValidUrl","decl":{"start":{"line":62,"column":7},"end":{"line":69,"column":1}},"loc":{"start":{"line":62,"column":7},"end":{"line":69,"column":1}},"line":62}},"f":{"0":79,"1":66,"2":8,"3":8,"4":5}}
}
