mode: set
pryx-core/internal/auth/auth.go:31.66,33.16 2 0
pryx-core/internal/auth/auth.go:33.16,35.3 1 0
pryx-core/internal/auth/auth.go:36.2,38.38 2 0
pryx-core/internal/auth/auth.go:38.38,40.69 2 0
pryx-core/internal/auth/auth.go:40.69,42.4 1 0
pryx-core/internal/auth/auth.go:43.3,43.72 1 0
pryx-core/internal/auth/auth.go:46.2,47.64 2 0
pryx-core/internal/auth/auth.go:47.64,49.3 1 0
pryx-core/internal/auth/auth.go:50.2,50.18 1 0
pryx-core/internal/auth/auth.go:53.91,54.19 1 0
pryx-core/internal/auth/auth.go:54.19,56.3 1 0
pryx-core/internal/auth/auth.go:58.2,61.6 3 0
pryx-core/internal/auth/auth.go:61.6,62.10 1 0
pryx-core/internal/auth/auth.go:63.19,65.18 2 0
pryx-core/internal/auth/auth.go:65.18,67.60 1 0
pryx-core/internal/auth/auth.go:67.60,68.14 1 0
pryx-core/internal/auth/auth.go:70.5,70.20 1 0
pryx-core/internal/auth/auth.go:72.4,72.21 1 0
pryx-core/internal/auth/auth.go:77.77,84.16 3 0
pryx-core/internal/auth/auth.go:84.16,86.3 1 0
pryx-core/internal/auth/auth.go:87.2,89.38 2 0
pryx-core/internal/auth/auth.go:89.38,91.69 2 0
pryx-core/internal/auth/auth.go:91.69,93.4 1 0
pryx-core/internal/auth/auth.go:94.3,94.72 1 0
pryx-core/internal/auth/auth.go:97.2,98.64 2 0
pryx-core/internal/auth/auth.go:98.64,100.3 1 0
pryx-core/internal/auth/auth.go:101.2,101.18 1 0
pryx-core/internal/auth/manager.go:37.69,38.16 1 1
pryx-core/internal/auth/manager.go:38.16,40.3 1 0
pryx-core/internal/auth/manager.go:41.2,41.31 1 1
pryx-core/internal/auth/manager.go:41.31,43.3 1 0
pryx-core/internal/auth/manager.go:44.2,47.3 1 1
pryx-core/internal/auth/manager.go:50.119,51.34 1 1
pryx-core/internal/auth/manager.go:51.34,53.3 1 0
pryx-core/internal/auth/manager.go:54.2,54.23 1 1
pryx-core/internal/auth/manager.go:54.23,56.3 1 0
pryx-core/internal/auth/manager.go:58.2,59.9 2 1
pryx-core/internal/auth/manager.go:59.9,61.3 1 0
pryx-core/internal/auth/manager.go:63.2,64.16 2 1
pryx-core/internal/auth/manager.go:64.16,66.3 1 0
pryx-core/internal/auth/manager.go:68.2,69.16 2 1
pryx-core/internal/auth/manager.go:69.16,71.3 1 0
pryx-core/internal/auth/manager.go:72.2,72.84 1 1
pryx-core/internal/auth/manager.go:72.84,74.3 1 0
pryx-core/internal/auth/manager.go:76.2,76.19 1 1
pryx-core/internal/auth/manager.go:79.113,81.16 2 1
pryx-core/internal/auth/manager.go:81.16,83.3 1 0
pryx-core/internal/auth/manager.go:85.2,91.8 1 1
pryx-core/internal/auth/manager.go:94.94,95.34 1 1
pryx-core/internal/auth/manager.go:95.34,97.3 1 0
pryx-core/internal/auth/manager.go:98.2,98.23 1 1
pryx-core/internal/auth/manager.go:98.23,100.3 1 0
pryx-core/internal/auth/manager.go:101.2,101.17 1 1
pryx-core/internal/auth/manager.go:101.17,103.3 1 0
pryx-core/internal/auth/manager.go:105.2,105.57 1 1
pryx-core/internal/auth/manager.go:108.44,110.40 2 1
pryx-core/internal/auth/manager.go:110.40,112.3 1 0
pryx-core/internal/auth/manager.go:113.2,113.50 1 1
pryx-core/internal/bus/bus.go:29.17,33.2 1 1
pryx-core/internal/bus/bus.go:37.69,48.18 5 1
pryx-core/internal/bus/bus.go:48.18,50.4 1 1
pryx-core/internal/bus/bus.go:53.2,54.23 2 1
pryx-core/internal/bus/bus.go:58.36,64.29 4 1
pryx-core/internal/bus/bus.go:64.29,65.34 1 1
pryx-core/internal/bus/bus.go:65.34,66.11 1 1
pryx-core/internal/bus/bus.go:67.25,67.25 0 1
pryx-core/internal/bus/bus.go:68.12,68.12 0 1
pryx-core/internal/bus/bus.go:77.38,81.31 3 1
pryx-core/internal/bus/bus.go:81.31,84.3 2 1
pryx-core/internal/bus/bus.go:87.64,88.26 1 1
pryx-core/internal/bus/bus.go:88.26,90.3 1 1
pryx-core/internal/bus/bus.go:91.2,91.31 1 1
pryx-core/internal/bus/bus.go:91.31,92.17 1 1
pryx-core/internal/bus/bus.go:92.17,94.4 1 1
pryx-core/internal/bus/bus.go:96.2,96.14 1 1
pryx-core/internal/bus/event.go:36.81,45.2 1 1
pryx-core/internal/channels/manager.go:21.52,29.2 2 1
pryx-core/internal/channels/manager.go:31.52,35.45 3 1
pryx-core/internal/channels/manager.go:35.45,37.3 1 1
pryx-core/internal/channels/manager.go:39.2,44.12 3 1
pryx-core/internal/channels/manager.go:47.57,52.2 4 1
pryx-core/internal/channels/manager.go:54.37,59.31 4 1
pryx-core/internal/channels/manager.go:59.31,61.3 1 1
pryx-core/internal/channels/manager.go:64.56,66.41 1 1
pryx-core/internal/channels/manager.go:66.41,68.3 1 0
pryx-core/internal/channels/manager.go:68.8,70.3 1 1
pryx-core/internal/channels/manager.go:72.2,75.6 3 1
pryx-core/internal/channels/manager.go:75.6,76.10 1 1
pryx-core/internal/channels/manager.go:77.23,79.10 2 1
pryx-core/internal/channels/manager.go:80.19,82.77 2 0
pryx-core/internal/channels/manager.go:82.77,84.44 2 0
pryx-core/internal/channels/manager.go:84.44,87.6 2 0
pryx-core/internal/channels/manager.go:87.11,89.6 1 0
pryx-core/internal/channels/manager.go:95.61,96.23 1 0
pryx-core/internal/channels/manager.go:96.23,101.3 1 0
pryx-core/internal/channels/manager.go:104.66,105.23 1 1
pryx-core/internal/channels/manager.go:105.23,110.3 1 1
pryx-core/internal/channels/ratelimit.go:19.69,26.2 1 1
pryx-core/internal/channels/ratelimit.go:28.37,33.43 4 1
pryx-core/internal/channels/ratelimit.go:33.43,36.3 2 1
pryx-core/internal/channels/ratelimit.go:38.2,38.25 1 1
pryx-core/internal/channels/ratelimit.go:38.25,41.3 2 1
pryx-core/internal/channels/ratelimit.go:43.2,43.14 1 1
pryx-core/internal/channels/ratelimit.go:52.94,57.2 1 1
pryx-core/internal/channels/ratelimit.go:59.76,60.25 1 1
pryx-core/internal/channels/ratelimit.go:60.25,62.3 1 1
pryx-core/internal/channels/ratelimit.go:63.2,63.34 1 1
pryx-core/internal/audit/export.go:18.61,20.2 1 1
pryx-core/internal/audit/export.go:23.68,25.16 2 1
pryx-core/internal/audit/export.go:25.16,27.3 1 0
pryx-core/internal/audit/export.go:29.2,29.19 1 1
pryx-core/internal/audit/export.go:29.19,31.3 1 1
pryx-core/internal/audit/export.go:33.2,33.21 1 1
pryx-core/internal/audit/export.go:34.14,35.47 1 1
pryx-core/internal/audit/export.go:36.13,37.46 1 1
pryx-core/internal/audit/export.go:38.15,39.48 1 1
pryx-core/internal/audit/export.go:40.10,41.64 1 0
pryx-core/internal/audit/export.go:46.59,47.32 1 1
pryx-core/internal/audit/export.go:47.32,52.27 2 1
pryx-core/internal/audit/export.go:52.27,54.4 1 0
pryx-core/internal/audit/export.go:57.3,57.56 1 1
pryx-core/internal/audit/export.go:57.56,59.4 1 0
pryx-core/internal/audit/export.go:61.2,61.16 1 1
pryx-core/internal/audit/export.go:65.49,66.26 1 0
pryx-core/internal/audit/export.go:67.30,69.29 2 0
pryx-core/internal/audit/export.go:69.29,70.27 1 0
pryx-core/internal/audit/export.go:70.27,72.5 1 0
pryx-core/internal/audit/export.go:72.10,74.5 1 0
pryx-core/internal/audit/export.go:76.3,76.16 1 0
pryx-core/internal/audit/export.go:77.21,78.26 1 0
pryx-core/internal/audit/export.go:78.26,80.4 1 0
pryx-core/internal/audit/export.go:81.3,81.11 1 0
pryx-core/internal/audit/export.go:82.10,83.11 1 0
pryx-core/internal/audit/export.go:88.38,95.42 3 0
pryx-core/internal/audit/export.go:95.42,96.42 1 0
pryx-core/internal/audit/export.go:96.42,98.4 1 0
pryx-core/internal/audit/export.go:100.2,100.14 1 0
pryx-core/internal/audit/export.go:104.44,106.2 1 0
pryx-core/internal/audit/export.go:108.47,109.43 1 0
pryx-core/internal/audit/export.go:109.43,110.35 1 0
pryx-core/internal/audit/export.go:110.35,112.4 1 0
pryx-core/internal/audit/export.go:114.2,114.14 1 0
pryx-core/internal/audit/export.go:118.74,133.32 3 1
pryx-core/internal/audit/export.go:133.32,146.39 2 1
pryx-core/internal/audit/export.go:146.39,148.4 1 1
pryx-core/internal/audit/export.go:150.3,150.20 1 1
pryx-core/internal/audit/export.go:153.2,153.49 1 1
pryx-core/internal/audit/export.go:157.75,160.32 2 1
pryx-core/internal/audit/export.go:160.32,169.28 2 1
pryx-core/internal/audit/export.go:169.28,171.4 1 1
pryx-core/internal/audit/export.go:172.3,172.26 1 1
pryx-core/internal/audit/export.go:172.26,174.4 1 1
pryx-core/internal/audit/export.go:175.3,175.23 1 1
pryx-core/internal/audit/export.go:175.23,177.4 1 1
pryx-core/internal/audit/export.go:178.3,178.30 1 1
pryx-core/internal/audit/export.go:178.30,180.4 1 1
pryx-core/internal/audit/export.go:181.3,181.28 1 1
pryx-core/internal/audit/export.go:181.28,183.4 1 0
pryx-core/internal/audit/export.go:184.3,184.39 1 1
pryx-core/internal/audit/export.go:184.39,186.4 1 0
pryx-core/internal/audit/export.go:188.3,189.17 2 1
pryx-core/internal/audit/export.go:189.17,191.4 1 0
pryx-core/internal/audit/export.go:193.3,194.22 2 1
pryx-core/internal/audit/export.go:197.2,197.25 1 1
pryx-core/internal/audit/export.go:201.73,207.17 4 1
pryx-core/internal/audit/export.go:207.17,209.3 1 1
pryx-core/internal/audit/export.go:210.2,213.32 2 1
pryx-core/internal/audit/export.go:213.32,225.28 2 1
pryx-core/internal/audit/export.go:225.28,227.4 1 0
pryx-core/internal/audit/export.go:227.9,229.4 1 1
pryx-core/internal/audit/export.go:231.3,231.39 1 1
pryx-core/internal/audit/export.go:231.39,239.4 1 1
pryx-core/internal/audit/export.go:241.3,241.43 1 1
pryx-core/internal/audit/export.go:241.43,243.4 1 0
pryx-core/internal/audit/export.go:246.2,247.25 2 1
pryx-core/internal/audit/export.go:251.34,253.2 1 1
pryx-core/internal/audit/export.go:256.55,257.23 1 1
pryx-core/internal/audit/export.go:257.23,259.3 1 0
pryx-core/internal/audit/export.go:261.2,263.33 3 1
pryx-core/internal/audit/export.go:263.33,264.23 1 1
pryx-core/internal/audit/export.go:264.23,266.9 2 1
pryx-core/internal/audit/export.go:270.2,270.12 1 1
pryx-core/internal/audit/export.go:270.12,272.3 1 1
pryx-core/internal/audit/export.go:274.2,274.34 1 1
pryx-core/internal/audit/export.go:274.34,276.3 1 0
pryx-core/internal/audit/export.go:278.2,278.37 1 1
pryx-core/internal/audit/export.go:278.37,280.3 1 1
pryx-core/internal/audit/export.go:282.2,282.12 1 1
pryx-core/internal/audit/export.go:297.59,299.2 1 0
pryx-core/internal/audit/export.go:302.65,311.27 2 0
pryx-core/internal/audit/export.go:311.27,313.3 1 0
pryx-core/internal/audit/export.go:314.2,314.25 1 0
pryx-core/internal/audit/export.go:314.25,316.3 1 0
pryx-core/internal/audit/export.go:317.2,317.22 1 0
pryx-core/internal/audit/export.go:317.22,319.3 1 0
pryx-core/internal/audit/export.go:321.2,322.16 2 0
pryx-core/internal/audit/export.go:322.16,324.3 1 0
pryx-core/internal/audit/export.go:326.2,327.12 2 0
pryx-core/internal/audit/export.go:331.43,332.37 1 0
pryx-core/internal/audit/export.go:332.37,334.3 1 0
pryx-core/internal/audit/export.go:335.2,335.12 1 0
pryx-core/internal/audit/handler.go:23.46,28.2 1 0
pryx-core/internal/audit/handler.go:31.48,36.2 4 0
pryx-core/internal/audit/handler.go:39.71,41.16 2 0
pryx-core/internal/audit/handler.go:41.16,44.3 2 0
pryx-core/internal/audit/handler.go:46.2,47.16 2 0
pryx-core/internal/audit/handler.go:47.16,50.3 2 0
pryx-core/internal/audit/handler.go:52.2,58.4 2 0
pryx-core/internal/audit/handler.go:62.72,64.16 2 0
pryx-core/internal/audit/handler.go:64.16,67.3 2 0
pryx-core/internal/audit/handler.go:69.2,69.53 1 0
pryx-core/internal/audit/handler.go:69.53,72.3 2 0
pryx-core/internal/audit/handler.go:74.2,76.16 3 0
pryx-core/internal/audit/handler.go:76.16,79.3 2 0
pryx-core/internal/audit/handler.go:82.2,84.21 3 0
pryx-core/internal/audit/handler.go:85.13,87.21 2 0
pryx-core/internal/audit/handler.go:88.15,90.23 2 0
pryx-core/internal/audit/handler.go:93.2,95.15 3 0
pryx-core/internal/audit/handler.go:99.71,101.16 2 0
pryx-core/internal/audit/handler.go:101.16,104.3 2 0
pryx-core/internal/audit/handler.go:106.2,107.16 2 0
pryx-core/internal/audit/handler.go:107.16,110.3 2 0
pryx-core/internal/audit/handler.go:112.2,115.4 2 0
pryx-core/internal/audit/handler.go:119.72,124.23 3 0
pryx-core/internal/audit/handler.go:124.23,126.3 1 0
pryx-core/internal/audit/handler.go:126.8,128.17 2 0
pryx-core/internal/audit/handler.go:128.17,131.4 2 0
pryx-core/internal/audit/handler.go:132.3,132.15 1 0
pryx-core/internal/audit/handler.go:135.2,136.16 2 0
pryx-core/internal/audit/handler.go:136.16,139.3 2 0
pryx-core/internal/audit/handler.go:141.2,145.4 2 0
pryx-core/internal/audit/handler.go:149.63,156.65 2 0
pryx-core/internal/audit/handler.go:156.65,158.17 2 0
pryx-core/internal/audit/handler.go:158.17,160.4 1 0
pryx-core/internal/audit/handler.go:161.3,161.22 1 0
pryx-core/internal/audit/handler.go:164.2,164.59 1 0
pryx-core/internal/audit/handler.go:164.59,166.17 2 0
pryx-core/internal/audit/handler.go:166.17,168.4 1 0
pryx-core/internal/audit/handler.go:169.3,169.20 1 0
pryx-core/internal/audit/handler.go:173.2,178.63 5 0
pryx-core/internal/audit/handler.go:178.63,180.3 1 0
pryx-core/internal/audit/handler.go:182.2,182.66 1 0
pryx-core/internal/audit/handler.go:182.66,185.3 2 0
pryx-core/internal/audit/handler.go:188.2,188.60 1 0
pryx-core/internal/audit/handler.go:188.60,189.55 1 0
pryx-core/internal/audit/handler.go:189.55,191.4 1 0
pryx-core/internal/audit/handler.go:194.2,194.63 1 0
pryx-core/internal/audit/handler.go:194.63,195.57 1 0
pryx-core/internal/audit/handler.go:195.57,197.4 1 0
pryx-core/internal/audit/handler.go:201.2,204.18 3 0
pryx-core/internal/audit/handler.go:208.65,210.16 2 0
pryx-core/internal/audit/handler.go:210.16,212.3 1 0
pryx-core/internal/audit/handler.go:214.2,221.18 2 0
pryx-core/internal/audit/handler.go:225.53,231.31 4 0
pryx-core/internal/audit/handler.go:231.31,234.3 2 0
pryx-core/internal/audit/handler.go:234.8,234.38 1 0
pryx-core/internal/audit/handler.go:234.38,237.3 2 0
pryx-core/internal/audit/handler.go:237.8,237.38 1 0
pryx-core/internal/audit/handler.go:237.38,240.3 2 0
pryx-core/internal/audit/handler.go:242.2,243.16 2 0
pryx-core/internal/audit/handler.go:243.16,245.3 1 0
pryx-core/internal/audit/handler.go:247.2,248.22 2 0
pryx-core/internal/audit/handler.go:252.70,253.46 1 0
pryx-core/internal/audit/handler.go:253.46,254.72 1 0
pryx-core/internal/audit/handler.go:254.72,269.4 4 0
pryx-core/internal/audit/repository.go:92.54,94.2 1 1
pryx-core/internal/audit/repository.go:97.59,99.20 2 1
pryx-core/internal/audit/repository.go:99.20,101.3 1 1
pryx-core/internal/audit/repository.go:103.2,103.30 1 1
pryx-core/internal/audit/repository.go:103.30,105.3 1 1
pryx-core/internal/audit/repository.go:108.2,139.12 6 1
pryx-core/internal/audit/repository.go:143.75,146.16 3 1
pryx-core/internal/audit/repository.go:146.16,148.3 1 0
pryx-core/internal/audit/repository.go:149.2,152.18 3 1
pryx-core/internal/audit/repository.go:152.18,154.17 2 1
pryx-core/internal/audit/repository.go:154.17,156.4 1 0
pryx-core/internal/audit/repository.go:157.3,157.35 1 1
pryx-core/internal/audit/repository.go:160.2,160.21 1 1
pryx-core/internal/audit/repository.go:164.65,169.2 4 1
pryx-core/internal/audit/repository.go:172.82,178.16 3 1
pryx-core/internal/audit/repository.go:178.16,180.3 1 0
pryx-core/internal/audit/repository.go:181.2,181.30 1 1
pryx-core/internal/audit/repository.go:185.61,208.16 5 1
pryx-core/internal/audit/repository.go:208.16,210.3 1 0
pryx-core/internal/audit/repository.go:213.2,213.26 1 1
pryx-core/internal/audit/repository.go:213.26,215.3 1 1
pryx-core/internal/audit/repository.go:216.2,216.27 1 1
pryx-core/internal/audit/repository.go:216.27,218.3 1 1
pryx-core/internal/audit/repository.go:219.2,219.23 1 1
pryx-core/internal/audit/repository.go:219.23,221.3 1 1
pryx-core/internal/audit/repository.go:222.2,222.24 1 1
pryx-core/internal/audit/repository.go:222.24,224.3 1 0
pryx-core/internal/audit/repository.go:226.2,226.19 1 1
pryx-core/internal/audit/repository.go:236.48,240.27 3 1
pryx-core/internal/audit/repository.go:240.27,243.3 2 0
pryx-core/internal/audit/repository.go:244.2,244.25 1 1
pryx-core/internal/audit/repository.go:244.25,247.3 2 0
pryx-core/internal/audit/repository.go:248.2,248.26 1 1
pryx-core/internal/audit/repository.go:248.26,251.3 2 1
pryx-core/internal/audit/repository.go:252.2,252.24 1 1
pryx-core/internal/audit/repository.go:252.24,255.3 2 0
pryx-core/internal/audit/repository.go:256.2,256.21 1 1
pryx-core/internal/audit/repository.go:256.21,259.3 2 0
pryx-core/internal/audit/repository.go:260.2,260.23 1 1
pryx-core/internal/audit/repository.go:260.23,263.3 2 0
pryx-core/internal/audit/repository.go:264.2,264.23 1 1
pryx-core/internal/audit/repository.go:264.23,267.3 2 0
pryx-core/internal/audit/repository.go:268.2,268.25 1 1
pryx-core/internal/audit/repository.go:268.25,271.3 2 0
pryx-core/internal/audit/repository.go:273.2,274.25 2 1
pryx-core/internal/audit/repository.go:274.25,276.3 1 1
pryx-core/internal/audit/repository.go:278.2,279.24 2 1
pryx-core/internal/audit/repository.go:279.24,281.3 1 0
pryx-core/internal/audit/repository.go:282.2,283.25 2 1
pryx-core/internal/audit/repository.go:283.25,285.3 1 0
pryx-core/internal/audit/repository.go:287.2,288.20 2 1
pryx-core/internal/audit/repository.go:288.20,290.3 1 1
pryx-core/internal/audit/repository.go:292.2,304.46 3 1
pryx-core/internal/audit/repository.go:308.53,312.27 3 1
pryx-core/internal/audit/repository.go:312.27,315.3 2 0
pryx-core/internal/audit/repository.go:316.2,316.25 1 1
pryx-core/internal/audit/repository.go:316.25,319.3 2 0
pryx-core/internal/audit/repository.go:320.2,320.26 1 1
pryx-core/internal/audit/repository.go:320.26,323.3 2 0
pryx-core/internal/audit/repository.go:324.2,324.24 1 1
pryx-core/internal/audit/repository.go:324.24,327.3 2 0
pryx-core/internal/audit/repository.go:328.2,328.21 1 1
pryx-core/internal/audit/repository.go:328.21,331.3 2 0
pryx-core/internal/audit/repository.go:332.2,332.23 1 1
pryx-core/internal/audit/repository.go:332.23,335.3 2 1
pryx-core/internal/audit/repository.go:336.2,336.23 1 1
pryx-core/internal/audit/repository.go:336.23,339.3 2 0
pryx-core/internal/audit/repository.go:340.2,340.25 1 1
pryx-core/internal/audit/repository.go:340.25,343.3 2 0
pryx-core/internal/audit/repository.go:345.2,346.25 2 1
pryx-core/internal/audit/repository.go:346.25,348.3 1 1
pryx-core/internal/audit/repository.go:350.2,351.46 2 1
pryx-core/internal/audit/repository.go:355.52,356.20 1 1
pryx-core/internal/audit/repository.go:356.20,358.3 1 0
pryx-core/internal/audit/repository.go:359.2,360.33 2 1
pryx-core/internal/audit/repository.go:360.33,362.3 1 1
pryx-core/internal/audit/repository.go:363.2,363.15 1 1
pryx-core/cmd/skills/skills.go:19.59,21.16 2 0
pryx-core/cmd/skills/skills.go:21.16,22.25 1 0
pryx-core/cmd/skills/skills.go:22.25,24.4 1 0
pryx-core/cmd/skills/skills.go:25.3,25.18 1 0
pryx-core/cmd/skills/skills.go:28.2,29.51 2 0
pryx-core/cmd/skills/skills.go:29.51,31.3 1 0
pryx-core/cmd/skills/skills.go:32.2,32.30 1 0
pryx-core/cmd/skills/skills.go:32.30,34.3 1 0
pryx-core/cmd/skills/skills.go:35.2,35.18 1 0
pryx-core/cmd/skills/skills.go:38.61,40.16 2 0
pryx-core/cmd/skills/skills.go:40.16,42.3 1 0
pryx-core/cmd/skills/skills.go:43.2,43.63 1 0
pryx-core/cmd/skills/skills.go:43.63,45.3 1 0
pryx-core/cmd/skills/skills.go:46.2,46.40 1 0
pryx-core/cmd/skills/skills.go:49.26,51.16 2 0
pryx-core/cmd/skills/skills.go:51.16,53.3 1 0
pryx-core/cmd/skills/skills.go:54.2,54.52 1 0
pryx-core/cmd/skills/skills.go:57.33,61.27 3 0
pryx-core/cmd/skills/skills.go:61.27,62.14 1 0
pryx-core/cmd/skills/skills.go:63.27,64.23 1 0
pryx-core/cmd/skills/skills.go:65.23,66.21 1 0
pryx-core/cmd/skills/skills.go:67.11,70.12 3 0
pryx-core/cmd/skills/skills.go:74.2,76.16 3 0
pryx-core/cmd/skills/skills.go:76.16,79.3 2 0
pryx-core/cmd/skills/skills.go:81.2,83.24 3 0
pryx-core/cmd/skills/skills.go:83.24,84.34 1 0
pryx-core/cmd/skills/skills.go:84.34,85.12 1 0
pryx-core/cmd/skills/skills.go:87.3,87.35 1 0
pryx-core/cmd/skills/skills.go:90.2,90.44 1 0
pryx-core/cmd/skills/skills.go:90.44,90.88 1 0
pryx-core/cmd/skills/skills.go:92.2,92.16 1 0
pryx-core/cmd/skills/skills.go:92.16,94.17 2 0
pryx-core/cmd/skills/skills.go:94.17,97.4 2 0
pryx-core/cmd/skills/skills.go:98.3,99.11 2 0
pryx-core/cmd/skills/skills.go:102.2,104.30 3 0
pryx-core/cmd/skills/skills.go:104.30,106.18 2 0
pryx-core/cmd/skills/skills.go:106.18,108.4 1 0
pryx-core/cmd/skills/skills.go:109.3,110.38 2 0
pryx-core/cmd/skills/skills.go:110.38,112.4 1 0
pryx-core/cmd/skills/skills.go:113.3,113.41 1 0
pryx-core/cmd/skills/skills.go:115.2,115.10 1 0
pryx-core/cmd/skills/skills.go:118.33,119.19 1 0
pryx-core/cmd/skills/skills.go:119.19,122.3 2 0
pryx-core/cmd/skills/skills.go:123.2,127.16 4 0
pryx-core/cmd/skills/skills.go:127.16,130.3 2 0
pryx-core/cmd/skills/skills.go:132.2,133.9 2 0
pryx-core/cmd/skills/skills.go:133.9,136.3 2 0
pryx-core/cmd/skills/skills.go:138.2,144.10 7 0
pryx-core/cmd/skills/skills.go:147.21,150.16 3 0
pryx-core/cmd/skills/skills.go:150.16,153.3 2 0
pryx-core/cmd/skills/skills.go:154.2,161.24 6 0
pryx-core/cmd/skills/skills.go:161.24,162.17 1 0
pryx-core/cmd/skills/skills.go:162.17,165.12 3 0
pryx-core/cmd/skills/skills.go:167.3,167.19 1 0
pryx-core/cmd/skills/skills.go:167.19,170.12 3 0
pryx-core/cmd/skills/skills.go:172.3,172.38 1 0
pryx-core/cmd/skills/skills.go:172.38,175.12 3 0
pryx-core/cmd/skills/skills.go:177.3,177.31 1 0
pryx-core/cmd/skills/skills.go:180.2,180.16 1 0
pryx-core/cmd/skills/skills.go:180.16,183.3 2 0
pryx-core/cmd/skills/skills.go:184.2,185.10 2 0
pryx-core/cmd/skills/skills.go:188.53,191.16 3 0
pryx-core/cmd/skills/skills.go:191.16,194.3 2 0
pryx-core/cmd/skills/skills.go:195.2,195.33 1 0
pryx-core/cmd/skills/skills.go:195.33,198.3 2 0
pryx-core/cmd/skills/skills.go:200.2,202.16 3 0
pryx-core/cmd/skills/skills.go:202.16,205.3 2 0
pryx-core/cmd/skills/skills.go:207.2,207.12 1 0
pryx-core/cmd/skills/skills.go:207.12,209.3 1 0
pryx-core/cmd/skills/skills.go:209.8,211.3 1 0
pryx-core/cmd/skills/skills.go:212.2,212.52 1 0
pryx-core/cmd/skills/skills.go:212.52,215.3 2 0
pryx-core/cmd/skills/skills.go:217.2,217.12 1 0
pryx-core/cmd/skills/skills.go:217.12,219.3 1 0
pryx-core/cmd/skills/skills.go:219.8,221.3 1 0
pryx-core/cmd/skills/skills.go:222.2,222.10 1 0
pryx-core/cmd/skills/skills.go:225.13,226.22 1 0
pryx-core/cmd/skills/skills.go:226.22,229.3 2 0
pryx-core/cmd/skills/skills.go:231.2,234.13 3 0
pryx-core/cmd/skills/skills.go:235.14,236.25 1 0
pryx-core/cmd/skills/skills.go:237.14,238.25 1 0
pryx-core/cmd/skills/skills.go:239.15,240.22 1 0
pryx-core/cmd/skills/skills.go:241.16,242.20 1 0
pryx-core/cmd/skills/skills.go:242.20,245.4 2 0
pryx-core/cmd/skills/skills.go:246.3,246.43 1 0
pryx-core/cmd/skills/skills.go:247.17,248.20 1 0
pryx-core/cmd/skills/skills.go:248.20,251.4 2 0
pryx-core/cmd/skills/skills.go:252.3,252.44 1 0
pryx-core/cmd/skills/skills.go:253.17,254.20 1 0
pryx-core/cmd/skills/skills.go:254.20,257.4 2 0
pryx-core/cmd/skills/skills.go:258.3,259.13 2 0
pryx-core/cmd/skills/skills.go:260.19,261.20 1 0
pryx-core/cmd/skills/skills.go:261.20,264.4 2 0
pryx-core/cmd/skills/skills.go:265.3,266.13 2 0
pryx-core/cmd/skills/skills.go:267.10,270.13 3 0
pryx-core/cmd/skills/skills.go:274.14,289.2 14 0
pryx-core/cmd/pryx-core/config_cmd.go:11.35,12.19 1 0
pryx-core/cmd/pryx-core/config_cmd.go:12.19,15.3 2 0
pryx-core/cmd/pryx-core/config_cmd.go:17.2,22.59 4 0
pryx-core/cmd/pryx-core/config_cmd.go:22.59,24.3 1 0
pryx-core/cmd/pryx-core/config_cmd.go:26.2,26.17 1 0
pryx-core/cmd/pryx-core/config_cmd.go:27.14,29.11 2 0
pryx-core/cmd/pryx-core/config_cmd.go:30.13,31.20 1 0
pryx-core/cmd/pryx-core/config_cmd.go:31.20,34.4 2 0
pryx-core/cmd/pryx-core/config_cmd.go:35.3,37.10 3 0
pryx-core/cmd/pryx-core/config_cmd.go:37.10,40.4 2 0
pryx-core/cmd/pryx-core/config_cmd.go:41.3,42.11 2 0
pryx-core/cmd/pryx-core/config_cmd.go:43.13,44.20 1 0
pryx-core/cmd/pryx-core/config_cmd.go:44.20,47.4 2 0
pryx-core/cmd/pryx-core/config_cmd.go:48.3,51.57 3 0
pryx-core/cmd/pryx-core/config_cmd.go:51.57,54.4 2 0
pryx-core/cmd/pryx-core/config_cmd.go:56.3,56.40 1 0
pryx-core/cmd/pryx-core/config_cmd.go:56.40,59.4 2 0
pryx-core/cmd/pryx-core/config_cmd.go:60.3,61.11 2 0
pryx-core/cmd/pryx-core/config_cmd.go:62.10,64.11 2 0
pryx-core/cmd/pryx-core/config_cmd.go:68.20,73.2 4 0
pryx-core/cmd/pryx-core/config_cmd.go:75.38,80.36 4 0
pryx-core/cmd/pryx-core/config_cmd.go:80.36,83.30 3 0
pryx-core/cmd/pryx-core/config_cmd.go:83.30,84.12 1 0
pryx-core/cmd/pryx-core/config_cmd.go:87.3,88.75 2 0
pryx-core/cmd/pryx-core/config_cmd.go:88.75,90.4 1 0
pryx-core/cmd/pryx-core/config_cmd.go:91.3,91.39 1 0
pryx-core/cmd/pryx-core/config_cmd.go:95.68,99.36 3 0
pryx-core/cmd/pryx-core/config_cmd.go:99.36,102.17 3 0
pryx-core/cmd/pryx-core/config_cmd.go:102.17,104.4 1 0
pryx-core/cmd/pryx-core/config_cmd.go:106.2,106.18 1 0
pryx-core/cmd/pryx-core/config_cmd.go:109.66,113.36 3 0
pryx-core/cmd/pryx-core/config_cmd.go:113.36,116.17 3 0
pryx-core/cmd/pryx-core/config_cmd.go:116.17,118.19 2 0
pryx-core/cmd/pryx-core/config_cmd.go:118.19,120.5 1 0
pryx-core/cmd/pryx-core/config_cmd.go:121.4,121.34 1 0
pryx-core/cmd/pryx-core/config_cmd.go:121.34,124.5 2 0
pryx-core/cmd/pryx-core/config_cmd.go:125.4,125.57 1 0
pryx-core/cmd/pryx-core/config_cmd.go:128.2,128.50 1 0
pryx-core/cmd/pryx-core/cost_cmd.go:20.24,23.16 3 0
pryx-core/cmd/pryx-core/cost_cmd.go:23.16,26.3 2 0
pryx-core/cmd/pryx-core/cost_cmd.go:28.2,34.75 5 0
pryx-core/cmd/pryx-core/cost_cmd.go:37.33,38.20 1 0
pryx-core/cmd/pryx-core/cost_cmd.go:38.20,41.3 2 0
pryx-core/cmd/pryx-core/cost_cmd.go:43.2,48.13 4 0
pryx-core/cmd/pryx-core/cost_cmd.go:49.17,50.26 1 0
pryx-core/cmd/pryx-core/cost_cmd.go:51.15,52.31 1 0
pryx-core/cmd/pryx-core/cost_cmd.go:53.17,54.33 1 0
pryx-core/cmd/pryx-core/cost_cmd.go:55.16,56.32 1 0
pryx-core/cmd/pryx-core/cost_cmd.go:57.17,58.26 1 0
pryx-core/cmd/pryx-core/cost_cmd.go:59.18,60.27 1 0
pryx-core/cmd/pryx-core/cost_cmd.go:61.10,64.11 3 0
pryx-core/cmd/pryx-core/cost_cmd.go:68.22,82.2 13 0
pryx-core/cmd/pryx-core/cost_cmd.go:84.27,86.16 2 0
pryx-core/cmd/pryx-core/cost_cmd.go:86.16,89.3 2 0
pryx-core/cmd/pryx-core/cost_cmd.go:91.2,99.10 9 0
pryx-core/cmd/pryx-core/cost_cmd.go:102.38,104.19 2 0
pryx-core/cmd/pryx-core/cost_cmd.go:104.19,106.17 2 0
pryx-core/cmd/pryx-core/cost_cmd.go:106.17,109.4 2 0
pryx-core/cmd/pryx-core/cost_cmd.go:112.2,116.16 4 0
pryx-core/cmd/pryx-core/cost_cmd.go:116.16,119.3 2 0
pryx-core/cmd/pryx-core/cost_cmd.go:121.2,125.32 4 0
pryx-core/cmd/pryx-core/cost_cmd.go:125.32,132.3 1 0
pryx-core/cmd/pryx-core/cost_cmd.go:134.2,135.10 2 0
pryx-core/cmd/pryx-core/cost_cmd.go:138.40,140.19 2 0
pryx-core/cmd/pryx-core/cost_cmd.go:140.19,142.17 2 0
pryx-core/cmd/pryx-core/cost_cmd.go:142.17,145.4 2 0
pryx-core/cmd/pryx-core/cost_cmd.go:149.2,150.16 2 0
pryx-core/cmd/pryx-core/cost_cmd.go:150.16,153.3 2 0
pryx-core/cmd/pryx-core/cost_cmd.go:155.2,167.10 6 0
pryx-core/cmd/pryx-core/cost_cmd.go:170.39,171.20 1 0
pryx-core/cmd/pryx-core/cost_cmd.go:171.20,182.26 6 0
pryx-core/cmd/pryx-core/cost_cmd.go:182.26,184.4 1 0
pryx-core/cmd/pryx-core/cost_cmd.go:186.3,186.31 1 0
pryx-core/cmd/pryx-core/cost_cmd.go:186.31,188.41 2 0
pryx-core/cmd/pryx-core/cost_cmd.go:188.41,190.5 1 0
pryx-core/cmd/pryx-core/cost_cmd.go:193.3,193.11 1 0
pryx-core/cmd/pryx-core/cost_cmd.go:196.2,197.21 2 0
pryx-core/cmd/pryx-core/cost_cmd.go:197.21,199.3 1 0
pryx-core/cmd/pryx-core/cost_cmd.go:201.2,202.10 2 0
pryx-core/cmd/pryx-core/cost_cmd.go:205.42,208.33 2 0
pryx-core/cmd/pryx-core/cost_cmd.go:208.33,209.18 1 0
pryx-core/cmd/pryx-core/cost_cmd.go:210.18,211.24 1 0
pryx-core/cmd/pryx-core/cost_cmd.go:211.24,214.5 2 0
pryx-core/cmd/pryx-core/cost_cmd.go:215.4,216.18 2 0
pryx-core/cmd/pryx-core/cost_cmd.go:216.18,219.5 2 0
pryx-core/cmd/pryx-core/cost_cmd.go:220.4,220.7 1 0
pryx-core/cmd/pryx-core/cost_cmd.go:221.20,222.24 1 0
pryx-core/cmd/pryx-core/cost_cmd.go:222.24,225.5 2 0
pryx-core/cmd/pryx-core/cost_cmd.go:226.4,227.18 2 0
pryx-core/cmd/pryx-core/cost_cmd.go:227.18,230.5 2 0
pryx-core/cmd/pryx-core/cost_cmd.go:231.4,231.7 1 0
pryx-core/cmd/pryx-core/cost_cmd.go:235.2,243.10 4 0
pryx-core/cmd/pryx-core/cost_cmd.go:246.27,253.31 5 0
pryx-core/cmd/pryx-core/cost_cmd.go:253.31,256.3 1 0
pryx-core/cmd/pryx-core/cost_cmd.go:258.2,259.10 2 0
pryx-core/cmd/pryx-core/cost_cmd.go:262.28,268.2 4 0
pryx-core/cmd/pryx-core/main.go:34.13,35.23 1 0
pryx-core/cmd/pryx-core/main.go:35.23,36.21 1 0
pryx-core/cmd/pryx-core/main.go:37.17,38.35 1 0
pryx-core/cmd/pryx-core/main.go:39.14,40.32 1 0
pryx-core/cmd/pryx-core/main.go:41.17,42.24 1 0
pryx-core/cmd/pryx-core/main.go:43.15,44.33 1 0
pryx-core/cmd/pryx-core/main.go:47.17,48.35 1 0
pryx-core/cmd/pryx-core/main.go:49.31,51.10 2 0
pryx-core/cmd/pryx-core/main.go:55.2,60.16 4 0
pryx-core/cmd/pryx-core/main.go:60.16,62.3 1 0
pryx-core/cmd/pryx-core/main.go:63.2,68.16 4 0
pryx-core/cmd/pryx-core/main.go:68.16,70.3 1 0
pryx-core/cmd/pryx-core/main.go:70.8,70.34 1 0
pryx-core/cmd/pryx-core/main.go:70.34,73.3 2 0
pryx-core/cmd/pryx-core/main.go:76.2,85.52 7 0
pryx-core/cmd/pryx-core/main.go:85.52,88.46 3 0
pryx-core/cmd/pryx-core/main.go:88.46,90.4 1 0
pryx-core/cmd/pryx-core/main.go:92.2,96.16 3 0
pryx-core/cmd/pryx-core/main.go:96.16,98.3 1 0
pryx-core/cmd/pryx-core/main.go:98.8,101.3 2 0
pryx-core/cmd/pryx-core/main.go:103.2,110.12 2 0
pryx-core/cmd/pryx-core/main.go:110.12,111.68 1 0
pryx-core/cmd/pryx-core/main.go:111.68,113.4 1 0
pryx-core/cmd/pryx-core/main.go:116.2,123.23 7 0
pryx-core/cmd/pryx-core/main.go:126.14,161.2 34 0
pryx-core/cmd/pryx-core/main.go:163.22,170.31 6 0
pryx-core/cmd/pryx-core/main.go:170.31,172.21 2 0
pryx-core/cmd/pryx-core/main.go:172.21,174.4 1 0
pryx-core/cmd/pryx-core/main.go:174.9,176.4 1 0
pryx-core/cmd/pryx-core/main.go:177.3,177.93 1 0
pryx-core/cmd/pryx-core/main.go:177.93,179.4 1 0
pryx-core/cmd/pryx-core/main.go:181.2,181.17 1 0
pryx-core/cmd/pryx-core/mcp.go:13.32,14.19 1 0
pryx-core/cmd/pryx-core/mcp.go:14.19,17.3 2 0
pryx-core/cmd/pryx-core/mcp.go:19.2,21.13 2 0
pryx-core/cmd/pryx-core/mcp.go:22.20,23.30 1 0
pryx-core/cmd/pryx-core/mcp.go:24.13,25.29 1 0
pryx-core/cmd/pryx-core/mcp.go:26.32,27.32 1 0
pryx-core/cmd/pryx-core/mcp.go:28.14,29.30 1 0
pryx-core/cmd/pryx-core/mcp.go:30.14,31.30 1 0
pryx-core/cmd/pryx-core/mcp.go:32.10,35.11 3 0
pryx-core/cmd/pryx-core/mcp.go:39.36,42.27 2 0
pryx-core/cmd/pryx-core/mcp.go:42.27,43.37 1 0
pryx-core/cmd/pryx-core/mcp.go:43.37,45.4 1 0
pryx-core/cmd/pryx-core/mcp.go:48.2,49.16 2 0
pryx-core/cmd/pryx-core/mcp.go:49.16,52.3 2 0
pryx-core/cmd/pryx-core/mcp.go:54.2,54.16 1 0
pryx-core/cmd/pryx-core/mcp.go:54.16,56.3 1 0
pryx-core/cmd/pryx-core/mcp.go:58.2,58.16 1 0
pryx-core/cmd/pryx-core/mcp.go:58.16,60.17 2 0
pryx-core/cmd/pryx-core/mcp.go:60.17,63.4 2 0
pryx-core/cmd/pryx-core/mcp.go:64.3,64.28 1 0
pryx-core/cmd/pryx-core/mcp.go:65.8,70.28 4 0
pryx-core/cmd/pryx-core/mcp.go:70.28,74.4 3 0
pryx-core/cmd/pryx-core/mcp.go:74.9,75.42 1 0
pryx-core/cmd/pryx-core/mcp.go:75.42,77.38 2 0
pryx-core/cmd/pryx-core/mcp.go:77.38,79.6 1 0
pryx-core/cmd/pryx-core/mcp.go:80.5,81.25 2 0
pryx-core/cmd/pryx-core/mcp.go:81.25,83.6 1 0
pryx-core/cmd/pryx-core/mcp.go:84.5,84.32 1 0
pryx-core/cmd/pryx-core/mcp.go:84.32,86.6 1 0
pryx-core/cmd/pryx-core/mcp.go:87.5,87.27 1 0
pryx-core/cmd/pryx-core/mcp.go:87.27,89.6 1 0
pryx-core/cmd/pryx-core/mcp.go:90.5,90.18 1 0
pryx-core/cmd/pryx-core/mcp.go:95.2,95.10 1 0
pryx-core/cmd/pryx-core/mcp.go:98.35,99.19 1 0
pryx-core/cmd/pryx-core/mcp.go:99.19,103.3 3 0
pryx-core/cmd/pryx-core/mcp.go:105.2,113.20 7 0
pryx-core/cmd/pryx-core/mcp.go:113.20,115.14 2 0
pryx-core/cmd/pryx-core/mcp.go:116.22,117.24 1 0
pryx-core/cmd/pryx-core/mcp.go:117.24,120.5 2 0
pryx-core/cmd/pryx-core/mcp.go:121.4,122.10 2 0
pryx-core/cmd/pryx-core/mcp.go:123.22,124.24 1 0
pryx-core/cmd/pryx-core/mcp.go:124.24,127.5 2 0
pryx-core/cmd/pryx-core/mcp.go:128.4,129.10 2 0
pryx-core/cmd/pryx-core/mcp.go:130.17,131.24 1 0
pryx-core/cmd/pryx-core/mcp.go:131.24,134.5 2 0
pryx-core/cmd/pryx-core/mcp.go:135.4,136.10 2 0
pryx-core/cmd/pryx-core/mcp.go:137.22,138.24 1 0
pryx-core/cmd/pryx-core/mcp.go:138.24,141.5 2 0
pryx-core/cmd/pryx-core/mcp.go:142.4,143.10 2 0
pryx-core/cmd/pryx-core/mcp.go:144.11,147.12 3 0
pryx-core/cmd/pryx-core/mcp.go:151.2,151.42 1 0
pryx-core/cmd/pryx-core/mcp.go:151.42,154.3 2 0
pryx-core/cmd/pryx-core/mcp.go:157.2,158.16 2 0
pryx-core/cmd/pryx-core/mcp.go:158.16,161.3 2 0
pryx-core/cmd/pryx-core/mcp.go:164.2,164.44 1 0
pryx-core/cmd/pryx-core/mcp.go:164.44,166.3 1 0
pryx-core/cmd/pryx-core/mcp.go:169.2,175.20 2 0
pryx-core/cmd/pryx-core/mcp.go:175.20,180.3 1 0
pryx-core/cmd/pryx-core/mcp.go:182.2,186.55 3 0
pryx-core/cmd/pryx-core/mcp.go:186.55,189.3 2 0
pryx-core/cmd/pryx-core/mcp.go:191.2,194.10 3 0
pryx-core/cmd/pryx-core/mcp.go:197.38,198.19 1 0
pryx-core/cmd/pryx-core/mcp.go:198.19,201.3 2 0
pryx-core/cmd/pryx-core/mcp.go:203.2,206.16 3 0
pryx-core/cmd/pryx-core/mcp.go:206.16,209.3 2 0
pryx-core/cmd/pryx-core/mcp.go:211.2,211.45 1 0
pryx-core/cmd/pryx-core/mcp.go:211.45,214.3 2 0
pryx-core/cmd/pryx-core/mcp.go:216.2,219.55 3 0
pryx-core/cmd/pryx-core/mcp.go:219.55,222.3 2 0
pryx-core/cmd/pryx-core/mcp.go:224.2,226.10 2 0
pryx-core/cmd/pryx-core/mcp.go:229.36,230.19 1 0
pryx-core/cmd/pryx-core/mcp.go:230.19,233.3 2 0
pryx-core/cmd/pryx-core/mcp.go:235.2,238.16 3 0
pryx-core/cmd/pryx-core/mcp.go:238.16,241.3 2 0
pryx-core/cmd/pryx-core/mcp.go:243.2,244.13 2 0
pryx-core/cmd/pryx-core/mcp.go:244.13,247.3 2 0
pryx-core/cmd/pryx-core/mcp.go:249.2,253.22 3 0
pryx-core/cmd/pryx-core/mcp.go:253.22,257.3 3 0
pryx-core/cmd/pryx-core/mcp.go:257.8,257.36 1 0
pryx-core/cmd/pryx-core/mcp.go:257.36,261.3 3 0
pryx-core/cmd/pryx-core/mcp.go:261.8,261.42 1 0
pryx-core/cmd/pryx-core/mcp.go:261.42,264.3 2 0
pryx-core/cmd/pryx-core/mcp.go:264.8,267.3 2 0
pryx-core/cmd/pryx-core/mcp.go:269.2,269.10 1 0
pryx-core/cmd/pryx-core/mcp.go:272.36,273.19 1 0
pryx-core/cmd/pryx-core/mcp.go:273.19,276.3 2 0
pryx-core/cmd/pryx-core/mcp.go:278.2,281.16 3 0
pryx-core/cmd/pryx-core/mcp.go:281.16,284.3 2 0
pryx-core/cmd/pryx-core/mcp.go:286.2,287.13 2 0
pryx-core/cmd/pryx-core/mcp.go:287.13,290.3 2 0
pryx-core/cmd/pryx-core/mcp.go:292.2,295.24 3 0
pryx-core/cmd/pryx-core/mcp.go:295.24,299.3 3 0
pryx-core/cmd/pryx-core/mcp.go:299.8,301.33 2 0
pryx-core/cmd/pryx-core/mcp.go:301.33,304.4 2 0
pryx-core/cmd/pryx-core/mcp.go:304.9,306.4 1 0
pryx-core/cmd/pryx-core/mcp.go:309.2,309.10 1 0
pryx-core/cmd/pryx-core/mcp.go:312.17,329.2 16 0
pryx-core/cmd/pryx-core/mcp.go:331.39,334.2 2 0
pryx-core/cmd/pryx-core/mcp.go:336.69,338.47 2 0
pryx-core/cmd/pryx-core/mcp.go:338.47,340.3 1 0
pryx-core/cmd/pryx-core/mcp.go:342.2,343.16 2 0
pryx-core/cmd/pryx-core/mcp.go:343.16,345.3 1 0
pryx-core/cmd/pryx-core/mcp.go:347.2,347.39 1 0
pryx-core/cmd/pryx-core/skills.go:16.35,17.19 1 0
pryx-core/cmd/pryx-core/skills.go:17.19,20.3 2 0
pryx-core/cmd/pryx-core/skills.go:22.2,25.13 3 0
pryx-core/cmd/pryx-core/skills.go:26.20,27.38 1 0
pryx-core/cmd/pryx-core/skills.go:28.14,29.37 1 0
pryx-core/cmd/pryx-core/skills.go:30.15,31.39 1 0
pryx-core/cmd/pryx-core/skills.go:32.16,33.39 1 0
pryx-core/cmd/pryx-core/skills.go:34.17,35.40 1 0
pryx-core/cmd/pryx-core/skills.go:36.17,37.40 1 0
pryx-core/cmd/pryx-core/skills.go:38.19,39.42 1 0
pryx-core/cmd/pryx-core/skills.go:40.10,43.11 3 0
pryx-core/cmd/pryx-core/skills.go:47.59,51.33 3 0
pryx-core/cmd/pryx-core/skills.go:51.33,53.14 2 0
pryx-core/cmd/pryx-core/skills.go:54.27,55.23 1 0
pryx-core/cmd/pryx-core/skills.go:56.23,57.21 1 0
pryx-core/cmd/pryx-core/skills.go:58.11,61.12 3 0
pryx-core/cmd/pryx-core/skills.go:65.2,68.16 3 0
pryx-core/cmd/pryx-core/skills.go:68.16,71.3 2 0
pryx-core/cmd/pryx-core/skills.go:73.2,74.42 2 0
pryx-core/cmd/pryx-core/skills.go:74.42,75.19 1 0
pryx-core/cmd/pryx-core/skills.go:75.19,76.23 1 0
pryx-core/cmd/pryx-core/skills.go:76.23,77.13 1 0
pryx-core/cmd/pryx-core/skills.go:80.3,80.51 1 0
pryx-core/cmd/pryx-core/skills.go:84.2,84.50 1 0
pryx-core/cmd/pryx-core/skills.go:84.50,86.3 1 0
pryx-core/cmd/pryx-core/skills.go:88.2,88.16 1 0
pryx-core/cmd/pryx-core/skills.go:88.16,90.17 2 0
pryx-core/cmd/pryx-core/skills.go:90.17,93.4 2 0
pryx-core/cmd/pryx-core/skills.go:94.3,94.28 1 0
pryx-core/cmd/pryx-core/skills.go:95.8,98.41 3 0
pryx-core/cmd/pryx-core/skills.go:98.41,100.22 2 0
pryx-core/cmd/pryx-core/skills.go:100.22,102.5 1 0
pryx-core/cmd/pryx-core/skills.go:102.10,102.29 1 0
pryx-core/cmd/pryx-core/skills.go:102.29,104.5 1 0
pryx-core/cmd/pryx-core/skills.go:104.10,106.5 1 0
pryx-core/cmd/pryx-core/skills.go:108.4,109.19 2 0
pryx-core/cmd/pryx-core/skills.go:109.19,111.5 1 0
pryx-core/cmd/pryx-core/skills.go:112.4,113.43 2 0
pryx-core/cmd/pryx-core/skills.go:113.43,115.5 1 0
pryx-core/cmd/pryx-core/skills.go:116.4,116.74 1 0
pryx-core/cmd/pryx-core/skills.go:120.2,120.10 1 0
pryx-core/cmd/pryx-core/skills.go:123.58,124.19 1 0
pryx-core/cmd/pryx-core/skills.go:124.19,127.3 2 0
pryx-core/cmd/pryx-core/skills.go:128.2,133.16 4 0
pryx-core/cmd/pryx-core/skills.go:133.16,136.3 2 0
pryx-core/cmd/pryx-core/skills.go:138.2,139.12 2 0
pryx-core/cmd/pryx-core/skills.go:139.12,142.3 2 0
pryx-core/cmd/pryx-core/skills.go:144.2,153.60 9 0
pryx-core/cmd/pryx-core/skills.go:153.60,155.3 1 0
pryx-core/cmd/pryx-core/skills.go:156.2,156.59 1 0
pryx-core/cmd/pryx-core/skills.go:156.59,158.3 1 0
pryx-core/cmd/pryx-core/skills.go:159.2,159.54 1 0
pryx-core/cmd/pryx-core/skills.go:159.54,161.69 2 0
pryx-core/cmd/pryx-core/skills.go:161.69,163.4 1 0
pryx-core/cmd/pryx-core/skills.go:166.2,166.10 1 0
pryx-core/cmd/pryx-core/skills.go:169.60,173.16 3 0
pryx-core/cmd/pryx-core/skills.go:173.16,176.3 2 0
pryx-core/cmd/pryx-core/skills.go:178.2,183.25 5 0
pryx-core/cmd/pryx-core/skills.go:183.25,186.3 2 0
pryx-core/cmd/pryx-core/skills.go:189.2,193.34 4 0
pryx-core/cmd/pryx-core/skills.go:193.34,197.23 2 0
pryx-core/cmd/pryx-core/skills.go:197.23,201.12 4 0
pryx-core/cmd/pryx-core/skills.go:205.3,205.21 1 0
pryx-core/cmd/pryx-core/skills.go:205.21,209.4 3 0
pryx-core/cmd/pryx-core/skills.go:211.3,211.42 1 0
pryx-core/cmd/pryx-core/skills.go:211.42,215.4 3 0
pryx-core/cmd/pryx-core/skills.go:218.3,218.35 1 0
pryx-core/cmd/pryx-core/skills.go:218.35,222.4 3 0
pryx-core/cmd/pryx-core/skills.go:224.3,224.25 1 0
pryx-core/cmd/pryx-core/skills.go:224.25,227.4 2 0
pryx-core/cmd/pryx-core/skills.go:227.9,229.4 1 0
pryx-core/cmd/pryx-core/skills.go:232.2,239.17 7 0
pryx-core/cmd/pryx-core/skills.go:239.17,243.3 3 0
pryx-core/cmd/pryx-core/skills.go:243.8,247.3 3 0
pryx-core/cmd/pryx-core/skills.go:250.60,251.19 1 0
pryx-core/cmd/pryx-core/skills.go:251.19,254.3 2 0
pryx-core/cmd/pryx-core/skills.go:255.2,260.16 4 0
pryx-core/cmd/pryx-core/skills.go:260.16,263.3 2 0
pryx-core/cmd/pryx-core/skills.go:265.2,266.12 2 0
pryx-core/cmd/pryx-core/skills.go:266.12,269.3 2 0
pryx-core/cmd/pryx-core/skills.go:272.2,275.16 4 0
pryx-core/cmd/pryx-core/skills.go:275.16,278.3 2 0
pryx-core/cmd/pryx-core/skills.go:280.2,280.39 1 0
pryx-core/cmd/pryx-core/skills.go:280.39,282.3 1 0
pryx-core/cmd/pryx-core/skills.go:284.2,284.38 1 0
pryx-core/cmd/pryx-core/skills.go:284.38,286.3 1 0
pryx-core/cmd/pryx-core/skills.go:286.8,288.68 2 0
pryx-core/cmd/pryx-core/skills.go:288.68,291.4 2 0
pryx-core/cmd/pryx-core/skills.go:292.3,292.46 1 0
pryx-core/cmd/pryx-core/skills.go:295.2,295.10 1 0
pryx-core/cmd/pryx-core/skills.go:298.61,299.19 1 0
pryx-core/cmd/pryx-core/skills.go:299.19,302.3 2 0
pryx-core/cmd/pryx-core/skills.go:303.2,308.16 4 0
pryx-core/cmd/pryx-core/skills.go:308.16,311.3 2 0
pryx-core/cmd/pryx-core/skills.go:313.2,314.12 2 0
pryx-core/cmd/pryx-core/skills.go:314.12,317.3 2 0
pryx-core/cmd/pryx-core/skills.go:320.2,323.16 4 0
pryx-core/cmd/pryx-core/skills.go:323.16,326.3 2 0
pryx-core/cmd/pryx-core/skills.go:328.2,328.39 1 0
pryx-core/cmd/pryx-core/skills.go:328.39,330.3 1 0
pryx-core/cmd/pryx-core/skills.go:332.2,332.39 1 0
pryx-core/cmd/pryx-core/skills.go:332.39,334.3 1 0
pryx-core/cmd/pryx-core/skills.go:334.8,336.68 2 0
pryx-core/cmd/pryx-core/skills.go:336.68,339.4 2 0
pryx-core/cmd/pryx-core/skills.go:340.3,340.47 1 0
pryx-core/cmd/pryx-core/skills.go:343.2,343.10 1 0
pryx-core/cmd/pryx-core/skills.go:346.61,347.19 1 0
pryx-core/cmd/pryx-core/skills.go:347.19,350.3 2 0
pryx-core/cmd/pryx-core/skills.go:351.2,357.10 5 0
pryx-core/cmd/pryx-core/skills.go:360.63,361.19 1 0
pryx-core/cmd/pryx-core/skills.go:361.19,364.3 2 0
pryx-core/cmd/pryx-core/skills.go:365.2,371.10 5 0
pryx-core/cmd/pryx-core/skills.go:374.20,389.2 14 0
pryx-core/cmd/pryx-core/skills.go:395.59,397.16 2 0
pryx-core/cmd/pryx-core/skills.go:397.16,398.25 1 0
pryx-core/cmd/pryx-core/skills.go:398.25,400.4 1 0
pryx-core/cmd/pryx-core/skills.go:401.3,401.18 1 0
pryx-core/cmd/pryx-core/skills.go:404.2,405.54 2 0
pryx-core/cmd/pryx-core/skills.go:405.54,407.3 1 0
pryx-core/cmd/pryx-core/skills.go:409.2,409.21 1 0
pryx-core/cmd/pryx-core/skills.go:412.64,414.16 2 0
pryx-core/cmd/pryx-core/skills.go:414.16,416.3 1 0
pryx-core/cmd/pryx-core/skills.go:418.2,418.39 1 0
pryx-core/internal/channels/telegram/telegram.go:24.79,31.2 1 1
pryx-core/internal/channels/telegram/telegram.go:33.39,35.2 1 1
pryx-core/internal/channels/telegram/telegram.go:37.41,39.2 1 1
pryx-core/internal/channels/telegram/telegram.go:41.62,43.16 2 1
pryx-core/internal/channels/telegram/telegram.go:43.16,46.3 2 1
pryx-core/internal/channels/telegram/telegram.go:48.2,56.23 5 0
pryx-core/internal/channels/telegram/telegram.go:56.23,59.3 2 0
pryx-core/internal/channels/telegram/telegram.go:62.2,64.12 2 0
pryx-core/internal/channels/telegram/telegram.go:67.65,68.21 1 0
pryx-core/internal/channels/telegram/telegram.go:68.21,71.3 2 0
pryx-core/internal/channels/telegram/telegram.go:72.2,73.12 2 0
pryx-core/internal/channels/telegram/telegram.go:76.81,77.18 1 0
pryx-core/internal/channels/telegram/telegram.go:77.18,79.3 1 0
pryx-core/internal/channels/telegram/telegram.go:81.2,82.16 2 0
pryx-core/internal/channels/telegram/telegram.go:82.16,84.3 1 0
pryx-core/internal/channels/telegram/telegram.go:86.2,88.12 3 0
pryx-core/internal/channels/telegram/telegram.go:91.52,93.2 1 1
pryx-core/internal/channels/telegram/telegram.go:95.53,103.6 5 0
pryx-core/internal/channels/telegram/telegram.go:103.6,104.10 1 0
pryx-core/internal/channels/telegram/telegram.go:105.21,106.10 1 0
pryx-core/internal/channels/telegram/telegram.go:107.19,109.18 2 0
pryx-core/internal/channels/telegram/telegram.go:109.18,118.13 2 0
pryx-core/internal/channels/telegram/telegram.go:121.4,121.35 1 0
pryx-core/internal/channels/telegram/telegram.go:121.35,122.36 1 0
pryx-core/internal/channels/telegram/telegram.go:122.36,124.6 1 0
pryx-core/internal/channels/telegram/telegram.go:126.5,126.30 1 0
pryx-core/internal/channels/telegram/telegram.go:126.30,127.14 1 0
pryx-core/internal/channels/telegram/telegram.go:130.5,130.36 1 0
pryx-core/internal/channels/telegram/telegram.go:136.64,137.23 1 1
pryx-core/internal/channels/telegram/telegram.go:137.23,139.3 1 0
pryx-core/internal/channels/telegram/telegram.go:141.2,144.19 2 1
pryx-core/internal/channels/telegram/telegram.go:144.19,145.23 1 1
pryx-core/internal/channels/telegram/telegram.go:145.23,147.4 1 1
pryx-core/internal/channels/telegram/telegram.go:147.9,147.33 1 1
pryx-core/internal/channels/telegram/telegram.go:147.33,149.4 1 0
pryx-core/internal/channels/telegram/telegram.go:149.9,149.30 1 1
pryx-core/internal/channels/telegram/telegram.go:149.30,151.4 1 1
pryx-core/internal/channels/telegram/telegram.go:151.9,151.30 1 1
pryx-core/internal/channels/telegram/telegram.go:151.30,153.4 1 0
pryx-core/internal/channels/telegram/telegram.go:153.9,153.32 1 1
pryx-core/internal/channels/telegram/telegram.go:153.32,155.4 1 0
pryx-core/internal/channels/telegram/telegram.go:155.9,155.30 1 1
pryx-core/internal/channels/telegram/telegram.go:155.30,157.4 1 0
pryx-core/internal/channels/telegram/telegram.go:157.9,159.4 1 1
pryx-core/internal/channels/telegram/telegram.go:162.2,176.75 2 1
pryx-core/internal/channels/telegram/telegram.go:179.102,181.6 2 0
pryx-core/internal/channels/telegram/telegram.go:181.6,182.10 1 0
pryx-core/internal/channels/telegram/telegram.go:183.21,184.10 1 0
pryx-core/internal/channels/telegram/telegram.go:185.28,186.11 1 0
pryx-core/internal/channels/telegram/telegram.go:186.11,188.5 1 0
pryx-core/internal/channels/telegram/telegram.go:190.4,190.63 1 0
pryx-core/internal/channels/telegram/telegram.go:190.63,192.23 2 0
pryx-core/internal/channels/telegram/telegram.go:192.23,193.14 1 0
pryx-core/internal/channels/telegram/telegram.go:195.5,197.38 3 0
pryx-core/internal/channels/telegram/telegram.go:197.38,204.6 2 0
pryx-core/internal/channels/webhook/webhook.go:46.81,48.44 1 1
pryx-core/internal/channels/webhook/webhook.go:48.44,51.3 2 0
pryx-core/internal/channels/webhook/webhook.go:54.2,54.42 1 1
pryx-core/internal/channels/webhook/webhook.go:54.42,56.3 1 0
pryx-core/internal/channels/webhook/webhook.go:58.2,62.3 1 1
pryx-core/internal/channels/webhook/webhook.go:65.38,67.2 1 0
pryx-core/internal/channels/webhook/webhook.go:69.40,71.2 1 0
pryx-core/internal/channels/webhook/webhook.go:73.61,74.24 1 0
pryx-core/internal/channels/webhook/webhook.go:74.24,78.3 2 0
pryx-core/internal/channels/webhook/webhook.go:80.2,89.12 5 0
pryx-core/internal/channels/webhook/webhook.go:89.12,90.68 1 0
pryx-core/internal/channels/webhook/webhook.go:90.68,92.25 2 0
pryx-core/internal/channels/webhook/webhook.go:92.25,97.5 1 0
pryx-core/internal/channels/webhook/webhook.go:101.2,101.12 1 0
pryx-core/internal/channels/webhook/webhook.go:104.64,106.21 2 0
pryx-core/internal/channels/webhook/webhook.go:106.21,108.3 1 0
pryx-core/internal/channels/webhook/webhook.go:109.2,109.12 1 0
pryx-core/internal/channels/webhook/webhook.go:112.80,115.46 2 1
pryx-core/internal/channels/webhook/webhook.go:115.46,117.3 1 0
pryx-core/internal/channels/webhook/webhook.go:119.2,119.18 1 1
pryx-core/internal/channels/webhook/webhook.go:119.18,121.3 1 0
pryx-core/internal/channels/webhook/webhook.go:123.2,126.48 3 1
pryx-core/internal/channels/webhook/webhook.go:126.48,128.3 1 1
pryx-core/internal/channels/webhook/webhook.go:130.2,130.56 1 1
pryx-core/internal/channels/webhook/webhook.go:130.56,135.3 3 1
pryx-core/internal/channels/webhook/webhook.go:135.8,138.17 2 1
pryx-core/internal/channels/webhook/webhook.go:138.17,140.4 1 0
pryx-core/internal/channels/webhook/webhook.go:141.3,141.34 1 1
pryx-core/internal/channels/webhook/webhook.go:146.2,147.39 2 1
pryx-core/internal/channels/webhook/webhook.go:147.39,149.3 1 1
pryx-core/internal/channels/webhook/webhook.go:149.8,149.48 1 1
pryx-core/internal/channels/webhook/webhook.go:149.48,154.3 3 1
pryx-core/internal/channels/webhook/webhook.go:156.2,157.16 2 1
pryx-core/internal/channels/webhook/webhook.go:157.16,159.3 1 0
pryx-core/internal/channels/webhook/webhook.go:161.2,163.27 2 1
pryx-core/internal/channels/webhook/webhook.go:163.27,168.3 4 1
pryx-core/internal/channels/webhook/webhook.go:171.2,173.19 3 1
pryx-core/internal/channels/webhook/webhook.go:173.19,175.3 1 0
pryx-core/internal/channels/webhook/webhook.go:177.2,178.32 2 1
pryx-core/internal/channels/webhook/webhook.go:178.32,180.12 1 1
pryx-core/internal/channels/webhook/webhook.go:180.12,182.4 1 1
pryx-core/internal/channels/webhook/webhook.go:184.3,185.17 2 1
pryx-core/internal/channels/webhook/webhook.go:185.17,188.12 3 0
pryx-core/internal/channels/webhook/webhook.go:190.3,192.80 2 1
pryx-core/internal/channels/webhook/webhook.go:192.80,195.56 1 0
pryx-core/internal/channels/webhook/webhook.go:195.56,198.13 3 0
pryx-core/internal/channels/webhook/webhook.go:201.4,201.81 1 0
pryx-core/internal/channels/webhook/webhook.go:204.3,204.29 1 1
pryx-core/internal/channels/webhook/webhook.go:204.29,207.12 3 1
pryx-core/internal/channels/webhook/webhook.go:210.3,210.13 1 1
pryx-core/internal/channels/webhook/webhook.go:213.2,213.70 1 0
pryx-core/internal/channels/webhook/webhook.go:216.51,218.2 1 0
pryx-core/internal/channels/webhook/webhook.go:220.92,223.15 2 0
pryx-core/internal/channels/webhook/webhook.go:223.15,225.3 1 0
pryx-core/internal/channels/webhook/webhook.go:226.2,226.15 1 0
pryx-core/internal/channels/webhook/webhook.go:226.15,228.3 1 0
pryx-core/internal/channels/webhook/webhook.go:230.2,231.21 2 0
pryx-core/internal/channels/webhook/webhook.go:231.21,233.3 1 0
pryx-core/internal/channels/webhook/webhook.go:235.2,236.16 2 0
pryx-core/internal/channels/webhook/webhook.go:236.16,238.3 1 0
pryx-core/internal/channels/webhook/webhook.go:240.2,246.61 5 0
pryx-core/internal/channels/webhook/webhook.go:249.83,250.35 1 0
pryx-core/internal/channels/webhook/webhook.go:250.35,253.3 2 0
pryx-core/internal/channels/webhook/webhook.go:256.2,256.27 1 0
pryx-core/internal/channels/webhook/webhook.go:256.27,258.13 2 0
pryx-core/internal/channels/webhook/webhook.go:258.13,261.4 2 0
pryx-core/internal/channels/webhook/webhook.go:265.2,269.55 4 0
pryx-core/internal/channels/webhook/webhook.go:269.55,272.3 2 0
pryx-core/internal/channels/webhook/webhook.go:274.2,275.46 2 0
pryx-core/internal/channels/webhook/webhook.go:275.46,277.3 1 0
pryx-core/internal/channels/webhook/webhook.go:277.8,277.50 1 0
pryx-core/internal/channels/webhook/webhook.go:277.50,279.3 1 0
pryx-core/internal/channels/webhook/webhook.go:279.8,281.3 1 0
pryx-core/internal/channels/webhook/webhook.go:283.2,292.23 2 0
pryx-core/internal/channels/webhook/webhook.go:292.23,294.3 1 0
pryx-core/internal/channels/webhook/webhook.go:296.2,296.31 1 0
pryx-core/internal/db/db.go:9.41,11.16 2 1
pryx-core/internal/db/db.go:11.16,13.3 1 0
pryx-core/internal/db/db.go:15.2,15.34 1 1
pryx-core/internal/db/db.go:15.34,17.3 1 1
pryx-core/internal/db/db.go:19.2,19.16 1 1
pryx-core/internal/config/auth.go:22.38,24.16 2 0
pryx-core/internal/config/auth.go:24.16,28.3 1 0
pryx-core/internal/config/auth.go:30.2,35.54 4 0
pryx-core/internal/config/auth.go:35.54,37.3 1 0
pryx-core/internal/config/auth.go:39.2,39.16 1 0
pryx-core/internal/config/auth.go:42.42,44.16 2 0
pryx-core/internal/config/auth.go:44.16,46.3 1 0
pryx-core/internal/config/auth.go:48.2,48.58 1 0
pryx-core/internal/config/auth.go:51.46,53.16 2 0
pryx-core/internal/config/auth.go:53.16,55.3 1 0
pryx-core/internal/config/auth.go:57.2,61.16 4 0
pryx-core/internal/config/auth.go:61.16,63.3 1 0
pryx-core/internal/config/auth.go:65.2,65.45 1 0
pryx-core/internal/config/auth.go:68.65,70.16 2 0
pryx-core/internal/config/auth.go:70.16,72.3 1 0
pryx-core/internal/config/auth.go:74.2,79.54 4 0
pryx-core/internal/config/auth.go:79.54,81.3 1 0
pryx-core/internal/config/auth.go:83.2,83.34 1 0
pryx-core/internal/config/auth.go:83.34,85.3 1 0
pryx-core/internal/config/auth.go:87.2,90.16 3 0
pryx-core/internal/config/auth.go:90.16,92.3 1 0
pryx-core/internal/config/auth.go:94.2,94.45 1 0
pryx-core/internal/config/config.go:28.27,31.2 2 1
pryx-core/internal/config/config.go:33.21,45.41 3 1
pryx-core/internal/config/config.go:45.41,46.53 1 1
pryx-core/internal/config/config.go:46.53,48.4 1 1
pryx-core/internal/config/config.go:52.2,52.49 1 1
pryx-core/internal/config/config.go:52.49,54.3 1 1
pryx-core/internal/config/config.go:55.2,55.45 1 1
pryx-core/internal/config/config.go:55.45,57.3 1 1
pryx-core/internal/config/config.go:58.2,58.51 1 1
pryx-core/internal/config/config.go:58.51,60.3 1 1
pryx-core/internal/config/config.go:62.2,62.12 1 1
pryx-core/internal/config/config.go:65.49,67.16 2 1
pryx-core/internal/config/config.go:67.16,69.3 1 1
pryx-core/internal/config/config.go:70.2,71.51 2 1
pryx-core/internal/config/config.go:71.51,73.3 1 1
pryx-core/internal/config/config.go:74.2,74.18 1 1
pryx-core/internal/config/config.go:77.42,79.47 2 1
pryx-core/internal/config/config.go:79.47,81.3 1 0
pryx-core/internal/config/config.go:83.2,84.16 2 1
pryx-core/internal/config/config.go:84.16,86.3 1 0
pryx-core/internal/config/config.go:88.2,88.39 1 1
pryx-core/internal/config/config.go:91.42,92.40 1 1
pryx-core/internal/config/config.go:92.40,94.3 1 1
pryx-core/internal/config/config.go:95.2,95.17 1 1
pryx-core/internal/constraints/catalog.go:37.51,38.30 1 1
pryx-core/internal/constraints/catalog.go:38.30,40.3 1 0
pryx-core/internal/constraints/catalog.go:41.2,41.11 1 1
pryx-core/internal/constraints/catalog.go:50.75,51.55 1 1
pryx-core/internal/constraints/catalog.go:51.55,53.3 1 1
pryx-core/internal/constraints/catalog.go:54.2,55.9 2 1
pryx-core/internal/constraints/catalog.go:55.9,57.3 1 0
pryx-core/internal/constraints/catalog.go:58.2,58.27 1 1
pryx-core/internal/constraints/catalog.go:58.27,60.3 1 1
pryx-core/internal/constraints/catalog.go:61.2,61.29 1 1
pryx-core/internal/constraints/catalog.go:61.29,63.3 1 1
pryx-core/internal/constraints/catalog.go:64.2,64.31 1 1
pryx-core/internal/constraints/catalog.go:64.31,66.3 1 1
pryx-core/internal/constraints/catalog.go:67.2,67.10 1 1
pryx-core/internal/constraints/catalog.go:70.67,82.2 4 0
pryx-core/internal/constraints/catalog.go:94.28,99.2 1 1
pryx-core/internal/constraints/catalog.go:101.32,104.59 2 1
pryx-core/internal/constraints/catalog.go:104.59,105.57 1 0
pryx-core/internal/constraints/catalog.go:107.2,107.10 1 1
pryx-core/internal/constraints/catalog.go:110.52,112.54 2 1
pryx-core/internal/constraints/catalog.go:112.54,114.3 1 0
pryx-core/internal/constraints/catalog.go:116.2,116.37 1 1
pryx-core/internal/constraints/catalog.go:116.37,118.3 1 1
pryx-core/internal/constraints/catalog.go:120.2,120.45 1 1
pryx-core/internal/constraints/catalog.go:120.45,122.3 1 1
pryx-core/internal/constraints/catalog.go:124.2,124.12 1 1
pryx-core/internal/constraints/catalog.go:127.53,129.16 2 0
pryx-core/internal/constraints/catalog.go:129.16,131.3 1 0
pryx-core/internal/constraints/catalog.go:132.2,132.30 1 0
pryx-core/internal/constraints/catalog.go:135.68,137.2 1 1
pryx-core/internal/constraints/catalog.go:139.75,141.2 1 1
pryx-core/internal/constraints/catalog.go:143.42,145.26 2 0
pryx-core/internal/constraints/catalog.go:145.26,147.3 1 0
pryx-core/internal/constraints/catalog.go:148.2,148.12 1 0
pryx-core/internal/constraints/catalog.go:151.41,152.18 1 0
pryx-core/internal/constraints/catalog.go:152.18,154.3 1 0
pryx-core/internal/constraints/catalog.go:155.2,155.36 1 0
pryx-core/internal/constraints/catalog.go:155.36,157.3 1 0
pryx-core/internal/constraints/catalog.go:158.2,158.44 1 0
pryx-core/internal/constraints/catalog.go:158.44,160.3 1 0
pryx-core/internal/constraints/catalog.go:163.65,165.38 1 1
pryx-core/internal/constraints/catalog.go:165.38,167.3 1 1
pryx-core/internal/constraints/catalog.go:170.2,170.40 1 1
pryx-core/internal/constraints/catalog.go:170.40,171.66 1 1
pryx-core/internal/constraints/catalog.go:171.66,173.4 1 1
pryx-core/internal/constraints/catalog.go:177.2,177.41 1 1
pryx-core/internal/constraints/catalog.go:177.41,179.3 1 1
pryx-core/internal/constraints/catalog.go:181.2,181.35 1 1
pryx-core/internal/constraints/openrouter.go:49.64,52.15 3 0
pryx-core/internal/constraints/openrouter.go:52.15,54.3 1 0
pryx-core/internal/constraints/openrouter.go:56.2,57.16 2 0
pryx-core/internal/constraints/openrouter.go:57.16,59.3 1 0
pryx-core/internal/constraints/openrouter.go:60.2,61.15 2 0
pryx-core/internal/constraints/openrouter.go:64.107,66.27 2 0
pryx-core/internal/constraints/openrouter.go:66.27,67.56 1 0
pryx-core/internal/constraints/openrouter.go:67.56,68.38 1 0
pryx-core/internal/constraints/openrouter.go:68.38,69.61 1 0
pryx-core/internal/constraints/openrouter.go:69.61,71.6 1 0
pryx-core/internal/constraints/openrouter.go:76.2,77.16 2 0
pryx-core/internal/constraints/openrouter.go:77.16,79.3 1 0
pryx-core/internal/constraints/openrouter.go:81.2,81.21 1 0
pryx-core/internal/constraints/openrouter.go:81.21,84.3 2 0
pryx-core/internal/constraints/openrouter.go:86.2,86.38 1 0
pryx-core/internal/constraints/openrouter.go:89.80,91.16 2 0
pryx-core/internal/constraints/openrouter.go:91.16,93.3 1 0
pryx-core/internal/constraints/openrouter.go:94.2,97.16 3 0
pryx-core/internal/constraints/openrouter.go:97.16,99.3 1 0
pryx-core/internal/constraints/openrouter.go:100.2,102.38 2 0
pryx-core/internal/constraints/openrouter.go:102.38,105.3 2 0
pryx-core/internal/constraints/openrouter.go:106.2,106.30 1 0
pryx-core/internal/constraints/openrouter.go:109.61,111.51 2 0
pryx-core/internal/constraints/openrouter.go:111.51,113.3 1 0
pryx-core/internal/constraints/openrouter.go:115.2,116.32 2 0
pryx-core/internal/constraints/openrouter.go:116.32,117.36 1 0
pryx-core/internal/constraints/openrouter.go:117.36,118.12 1 0
pryx-core/internal/constraints/openrouter.go:120.3,120.45 1 0
pryx-core/internal/constraints/openrouter.go:122.2,122.15 1 0
pryx-core/internal/constraints/openrouter.go:125.60,127.38 2 0
pryx-core/internal/constraints/openrouter.go:127.38,129.3 1 0
pryx-core/internal/constraints/openrouter.go:131.2,163.13 12 0
pryx-core/internal/constraints/openrouter.go:166.44,168.16 2 0
pryx-core/internal/constraints/openrouter.go:168.16,170.3 1 0
pryx-core/internal/constraints/openrouter.go:171.2,171.77 1 0
pryx-core/internal/constraints/openrouter.go:174.35,176.13 2 0
pryx-core/internal/constraints/openrouter.go:176.13,178.3 1 0
pryx-core/internal/constraints/openrouter.go:179.2,180.16 2 0
pryx-core/internal/constraints/openrouter.go:180.16,182.3 1 0
pryx-core/internal/constraints/openrouter.go:183.2,183.10 1 0
pryx-core/internal/constraints/openrouter.go:186.48,187.25 1 0
pryx-core/internal/constraints/openrouter.go:187.25,188.13 1 0
pryx-core/internal/constraints/openrouter.go:188.13,190.4 1 0
pryx-core/internal/constraints/openrouter.go:192.2,192.14 1 0
pryx-core/internal/constraints/resolver.go:11.46,12.20 1 1
pryx-core/internal/constraints/resolver.go:12.20,14.3 1 0
pryx-core/internal/constraints/resolver.go:15.2,15.36 1 1
pryx-core/internal/constraints/resolver.go:18.84,32.2 5 1
pryx-core/internal/constraints/resolver.go:34.52,36.9 2 1
pryx-core/internal/constraints/resolver.go:36.9,43.3 1 1
pryx-core/internal/constraints/resolver.go:45.2,51.61 3 1
pryx-core/internal/constraints/resolver.go:51.61,57.3 1 1
pryx-core/internal/constraints/resolver.go:60.2,61.47 2 1
pryx-core/internal/constraints/resolver.go:61.47,63.65 1 1
pryx-core/internal/constraints/resolver.go:63.65,65.49 1 0
pryx-core/internal/constraints/resolver.go:65.49,72.5 1 0
pryx-core/internal/constraints/resolver.go:75.3,79.4 1 1
pryx-core/internal/constraints/resolver.go:83.2,83.73 1 1
pryx-core/internal/constraints/resolver.go:83.73,84.65 1 0
pryx-core/internal/constraints/resolver.go:84.65,85.50 1 0
pryx-core/internal/constraints/resolver.go:85.50,87.74 2 0
pryx-core/internal/constraints/resolver.go:87.74,94.6 1 0
pryx-core/internal/constraints/resolver.go:97.3,101.4 1 0
pryx-core/internal/constraints/resolver.go:105.2,105.77 1 1
pryx-core/internal/constraints/resolver.go:105.77,111.3 1 0
pryx-core/internal/constraints/resolver.go:113.2,113.47 1 1
pryx-core/internal/constraints/resolver.go:113.47,119.3 1 1
pryx-core/internal/constraints/resolver.go:121.2,121.40 1 1
pryx-core/internal/constraints/resolver.go:121.40,127.3 1 1
pryx-core/internal/constraints/resolver.go:129.2,129.54 1 1
pryx-core/internal/constraints/resolver.go:129.54,135.3 1 0
pryx-core/internal/constraints/resolver.go:137.2,137.79 1 1
pryx-core/internal/constraints/resolver.go:137.79,138.65 1 0
pryx-core/internal/constraints/resolver.go:138.65,139.50 1 0
pryx-core/internal/constraints/resolver.go:139.50,141.80 2 0
pryx-core/internal/constraints/resolver.go:141.80,148.6 1 0
pryx-core/internal/constraints/resolver.go:151.3,155.4 1 0
pryx-core/internal/constraints/resolver.go:158.2,161.3 1 1
pryx-core/internal/constraints/router.go:29.42,30.20 1 1
pryx-core/internal/constraints/router.go:30.20,32.3 1 0
pryx-core/internal/constraints/router.go:33.2,33.34 1 1
pryx-core/internal/constraints/router.go:36.73,38.26 2 1
pryx-core/internal/constraints/router.go:38.26,40.3 1 0
pryx-core/internal/constraints/router.go:41.2,41.26 1 1
pryx-core/internal/constraints/router.go:41.26,43.3 1 0
pryx-core/internal/constraints/router.go:45.2,46.32 2 1
pryx-core/internal/constraints/router.go:46.32,48.15 2 1
pryx-core/internal/constraints/router.go:48.15,49.12 1 0
pryx-core/internal/constraints/router.go:51.3,52.10 2 1
pryx-core/internal/constraints/router.go:52.10,53.12 1 0
pryx-core/internal/constraints/router.go:55.3,56.49 2 1
pryx-core/internal/constraints/router.go:56.49,57.12 1 1
pryx-core/internal/constraints/router.go:59.3,60.50 2 1
pryx-core/internal/constraints/router.go:60.50,61.12 1 0
pryx-core/internal/constraints/router.go:63.3,63.58 1 1
pryx-core/internal/constraints/router.go:66.2,66.51 1 1
pryx-core/internal/constraints/router.go:66.51,67.40 1 1
pryx-core/internal/constraints/router.go:67.40,69.16 2 1
pryx-core/internal/constraints/router.go:69.16,70.13 1 0
pryx-core/internal/constraints/router.go:72.4,73.11 2 1
pryx-core/internal/constraints/router.go:73.11,74.13 1 0
pryx-core/internal/constraints/router.go:76.4,77.50 2 1
pryx-core/internal/constraints/router.go:77.50,78.13 1 0
pryx-core/internal/constraints/router.go:80.4,81.51 2 1
pryx-core/internal/constraints/router.go:81.51,82.13 1 0
pryx-core/internal/constraints/router.go:84.4,84.113 1 1
pryx-core/internal/constraints/router.go:88.2,88.21 1 1
pryx-core/internal/constraints/router.go:88.21,90.3 1 0
pryx-core/internal/constraints/router.go:92.2,92.40 1 1
pryx-core/internal/constraints/router.go:92.40,93.43 1 1
pryx-core/internal/constraints/router.go:93.43,95.4 1 0
pryx-core/internal/constraints/router.go:96.3,96.45 1 1
pryx-core/internal/constraints/router.go:99.2,100.35 2 1
pryx-core/internal/constraints/router.go:100.35,102.3 1 0
pryx-core/internal/constraints/router.go:103.2,103.125 1 1
pryx-core/internal/constraints/router.go:111.90,112.88 1 1
pryx-core/internal/constraints/router.go:112.88,114.3 1 1
pryx-core/internal/constraints/router.go:115.2,118.13 4 1
pryx-core/internal/constraints/router.go:121.67,123.58 2 1
pryx-core/internal/constraints/router.go:123.58,125.3 1 1
pryx-core/internal/constraints/router.go:126.2,126.73 1 1
pryx-core/internal/constraints/router.go:126.73,128.3 1 0
pryx-core/internal/constraints/router.go:129.2,129.46 1 1
pryx-core/internal/constraints/router.go:129.46,131.3 1 0
pryx-core/internal/constraints/router.go:132.2,132.48 1 1
pryx-core/internal/constraints/router.go:132.48,134.3 1 0
pryx-core/internal/constraints/router.go:135.2,135.54 1 1
pryx-core/internal/constraints/router.go:135.54,137.3 1 0
pryx-core/internal/constraints/router.go:138.2,138.79 1 1
pryx-core/internal/constraints/router.go:138.79,140.3 1 0
pryx-core/internal/constraints/router.go:141.2,141.12 1 1
pryx-core/internal/cost/calculator.go:13.72,17.2 1 1
pryx-core/internal/cost/calculator.go:20.96,32.2 2 1
pryx-core/internal/cost/calculator.go:35.97,37.13 2 1
pryx-core/internal/cost/calculator.go:37.13,39.3 1 1
pryx-core/internal/cost/calculator.go:41.2,44.30 3 1
pryx-core/internal/cost/calculator.go:48.80,51.31 2 0
pryx-core/internal/cost/calculator.go:51.31,59.3 7 0
pryx-core/internal/cost/calculator.go:61.2,61.30 1 0
pryx-core/internal/cost/calculator.go:61.30,63.3 1 0
pryx-core/internal/cost/calculator.go:65.2,65.16 1 0
pryx-core/internal/cost/handler.go:15.48,17.2 1 0
pryx-core/internal/cost/handler.go:20.54,29.2 8 0
pryx-core/internal/cost/handler.go:32.80,33.32 1 0
pryx-core/internal/cost/handler.go:33.32,36.3 2 0
pryx-core/internal/cost/handler.go:38.2,39.16 2 0
pryx-core/internal/cost/handler.go:39.16,42.3 2 0
pryx-core/internal/cost/handler.go:44.2,45.33 2 0
pryx-core/internal/cost/handler.go:49.80,50.32 1 0
pryx-core/internal/cost/handler.go:50.32,53.3 2 0
pryx-core/internal/cost/handler.go:55.2,56.21 2 0
pryx-core/internal/cost/handler.go:56.21,59.3 2 0
pryx-core/internal/cost/handler.go:62.2,66.4 2 0
pryx-core/internal/cost/handler.go:70.78,71.32 1 0
pryx-core/internal/cost/handler.go:71.32,74.3 2 0
pryx-core/internal/cost/handler.go:76.2,78.19 3 0
pryx-core/internal/cost/handler.go:78.19,80.3 1 0
pryx-core/internal/cost/handler.go:80.8,83.17 3 0
pryx-core/internal/cost/handler.go:83.17,86.4 2 0
pryx-core/internal/cost/handler.go:89.2,90.16 2 0
pryx-core/internal/cost/handler.go:90.16,93.3 2 0
pryx-core/internal/cost/handler.go:95.2,96.33 2 0
pryx-core/internal/cost/handler.go:100.80,101.32 1 0
pryx-core/internal/cost/handler.go:101.32,104.3 2 0
pryx-core/internal/cost/handler.go:106.2,110.57 3 0
pryx-core/internal/cost/handler.go:110.57,113.17 3 0
pryx-core/internal/cost/handler.go:113.17,116.4 2 0
pryx-core/internal/cost/handler.go:118.2,118.60 1 0
pryx-core/internal/cost/handler.go:118.60,121.17 3 0
pryx-core/internal/cost/handler.go:121.17,124.4 2 0
pryx-core/internal/cost/handler.go:127.2,128.16 2 0
pryx-core/internal/cost/handler.go:128.16,131.3 2 0
pryx-core/internal/cost/handler.go:133.2,134.33 2 0
pryx-core/internal/cost/handler.go:138.81,139.32 1 0
pryx-core/internal/cost/handler.go:139.32,142.3 2 0
pryx-core/internal/cost/handler.go:144.2,145.18 2 0
pryx-core/internal/cost/handler.go:145.18,147.3 1 0
pryx-core/internal/cost/handler.go:149.2,152.35 3 0
pryx-core/internal/cost/handler.go:156.75,157.33 1 0
pryx-core/internal/cost/handler.go:157.33,160.3 2 0
pryx-core/internal/cost/handler.go:162.2,163.64 2 0
pryx-core/internal/cost/handler.go:163.64,166.3 2 0
pryx-core/internal/cost/handler.go:168.2,169.18 2 0
pryx-core/internal/cost/handler.go:169.18,171.3 1 0
pryx-core/internal/cost/handler.go:173.2,178.4 3 0
pryx-core/internal/cost/handler.go:182.82,183.32 1 0
pryx-core/internal/cost/handler.go:183.32,186.3 2 0
pryx-core/internal/cost/handler.go:188.2,191.40 3 0
pryx-core/internal/cost/handler.go:195.76,196.32 1 0
pryx-core/internal/cost/handler.go:196.32,199.3 2 0
pryx-core/internal/cost/handler.go:201.2,204.36 3 0
pryx-core/internal/cost/handler.go:208.39,211.16 3 0
pryx-core/internal/cost/handler.go:211.16,213.3 1 0
pryx-core/internal/cost/handler.go:214.2,214.18 1 0
pryx-core/internal/cost/handler.go:218.47,234.34 2 0
pryx-core/internal/cost/handler.go:234.34,236.3 1 0
pryx-core/internal/cost/handler.go:238.2,238.51 1 0
pryx-core/internal/cost/handler.go:246.37,248.2 1 0
pryx-core/internal/cost/pricing.go:107.42,112.36 2 1
pryx-core/internal/cost/pricing.go:112.36,114.3 1 1
pryx-core/internal/cost/pricing.go:115.2,115.11 1 1
pryx-core/internal/cost/pricing.go:119.75,125.2 4 1
pryx-core/internal/cost/pricing.go:128.60,134.2 4 1
pryx-core/internal/cost/pricing.go:137.78,142.31 4 1
pryx-core/internal/cost/pricing.go:142.31,143.29 1 1
pryx-core/internal/cost/pricing.go:143.29,145.4 1 1
pryx-core/internal/cost/pricing.go:147.2,147.16 1 1
pryx-core/internal/cost/pricing.go:151.55,156.31 4 1
pryx-core/internal/cost/pricing.go:156.31,158.3 1 1
pryx-core/internal/cost/pricing.go:159.2,159.16 1 1
pryx-core/internal/cost/pricing.go:163.105,165.13 2 0
pryx-core/internal/cost/pricing.go:165.13,168.3 1 0
pryx-core/internal/cost/pricing.go:170.2,173.36 3 0
pryx-core/internal/cost/service.go:19.139,27.2 1 0
pryx-core/internal/cost/service.go:30.69,32.2 1 0
pryx-core/internal/cost/service.go:35.67,37.13 2 0
pryx-core/internal/cost/service.go:37.13,48.3 1 0
pryx-core/internal/cost/service.go:50.2,55.28 5 0
pryx-core/internal/cost/service.go:55.28,57.3 1 0
pryx-core/internal/cost/service.go:59.2,60.30 2 0
pryx-core/internal/cost/service.go:60.30,62.3 1 0
pryx-core/internal/cost/service.go:64.2,75.15 2 0
pryx-core/internal/cost/service.go:79.140,83.33 2 0
pryx-core/internal/cost/service.go:83.33,84.46 1 0
pryx-core/internal/cost/service.go:84.46,86.4 1 0
pryx-core/internal/cost/service.go:87.3,87.48 1 0
pryx-core/internal/cost/service.go:87.48,89.4 1 0
pryx-core/internal/cost/service.go:93.2,93.37 1 0
pryx-core/internal/cost/service.go:93.37,95.3 1 0
pryx-core/internal/cost/service.go:96.2,96.41 1 0
pryx-core/internal/cost/service.go:96.41,98.3 1 0
pryx-core/internal/cost/service.go:100.2,100.17 1 0
pryx-core/internal/cost/service.go:104.71,112.35 4 0
pryx-core/internal/cost/service.go:112.35,119.3 1 0
pryx-core/internal/cost/service.go:122.2,122.39 1 0
pryx-core/internal/cost/service.go:122.39,129.3 1 0
pryx-core/internal/cost/service.go:132.2,132.36 1 0
pryx-core/internal/cost/service.go:132.36,139.3 1 0
pryx-core/internal/cost/service.go:142.2,143.31 2 0
pryx-core/internal/cost/service.go:143.31,150.3 1 0
pryx-core/internal/cost/service.go:152.2,152.20 1 0
pryx-core/internal/cost/service.go:156.68,158.16 2 0
pryx-core/internal/cost/service.go:158.16,160.3 1 0
pryx-core/internal/cost/service.go:162.2,166.35 4 0
pryx-core/internal/cost/service.go:166.35,168.17 2 0
pryx-core/internal/cost/service.go:168.17,169.12 1 0
pryx-core/internal/cost/service.go:172.3,172.30 1 0
pryx-core/internal/cost/service.go:172.30,176.4 3 0
pryx-core/internal/cost/service.go:179.2,183.37 1 0
pryx-core/internal/cost/service.go:183.37,184.25 1 0
pryx-core/internal/cost/service.go:184.25,186.5 1 0
pryx-core/internal/cost/service.go:187.4,187.44 1 0
pryx-core/internal/cost/service.go:195.59,197.2 1 0
pryx-core/internal/cost/service.go:200.76,202.2 1 0
pryx-core/internal/cost/tracker.go:17.93,22.2 1 0
pryx-core/internal/cost/tracker.go:25.98,36.2 2 0
pryx-core/internal/cost/tracker.go:39.77,46.16 3 0
pryx-core/internal/cost/tracker.go:46.16,48.3 1 0
pryx-core/internal/cost/tracker.go:50.2,51.32 2 0
pryx-core/internal/cost/tracker.go:51.32,52.24 1 0
pryx-core/internal/cost/tracker.go:52.24,62.4 1 0
pryx-core/internal/cost/tracker.go:65.2,65.19 1 0
pryx-core/internal/cost/tracker.go:69.74,80.2 4 0
pryx-core/internal/cost/tracker.go:83.88,94.2 4 0
pryx-core/internal/cost/tracker.go:97.90,99.16 2 0
pryx-core/internal/cost/tracker.go:99.16,101.3 1 0
pryx-core/internal/cost/tracker.go:103.2,107.32 4 0
pryx-core/internal/cost/tracker.go:107.32,108.24 1 0
pryx-core/internal/cost/tracker.go:108.24,116.4 7 0
pryx-core/internal/cost/tracker.go:119.2,119.30 1 0
pryx-core/internal/cost/tracker.go:119.30,121.3 1 0
pryx-core/internal/cost/tracker.go:123.2,123.21 1 0
pryx-core/internal/cost/tracker.go:127.101,131.34 3 0
pryx-core/internal/cost/tracker.go:131.34,133.17 2 0
pryx-core/internal/cost/tracker.go:133.17,135.4 1 0
pryx-core/internal/cost/tracker.go:137.3,137.31 1 0
pryx-core/internal/cost/tracker.go:137.31,139.4 1 0
pryx-core/internal/cost/tracker.go:141.3,141.48 1 0
pryx-core/internal/cost/tracker.go:144.2,144.23 1 0
pryx-core/internal/doctor/doctor_simple.go:42.31,44.2 1 0
pryx-core/internal/doctor/doctor_simple.go:46.88,55.19 7 0
pryx-core/internal/doctor/doctor_simple.go:55.19,57.3 1 0
pryx-core/internal/doctor/doctor_simple.go:59.2,63.31 4 0
pryx-core/internal/doctor/doctor_simple.go:63.31,64.29 1 0
pryx-core/internal/doctor/doctor_simple.go:64.29,66.9 2 0
pryx-core/internal/doctor/doctor_simple.go:69.2,69.22 1 0
pryx-core/internal/doctor/doctor_simple.go:72.32,74.48 2 1
pryx-core/internal/doctor/doctor_simple.go:74.48,76.3 1 0
pryx-core/internal/doctor/doctor_simple.go:77.2,77.40 1 1
pryx-core/internal/doctor/doctor_simple.go:77.40,79.3 1 0
pryx-core/internal/doctor/doctor_simple.go:80.2,80.67 1 1
pryx-core/internal/doctor/doctor_simple.go:83.32,84.31 1 1
pryx-core/internal/doctor/doctor_simple.go:84.31,85.48 1 1
pryx-core/internal/doctor/doctor_simple.go:85.48,87.4 1 0
pryx-core/internal/doctor/doctor_simple.go:89.2,89.54 1 1
pryx-core/internal/doctor/doctor_simple.go:92.72,94.16 2 0
pryx-core/internal/doctor/doctor_simple.go:94.16,96.3 1 0
pryx-core/internal/doctor/doctor_simple.go:98.2,100.16 3 0
pryx-core/internal/doctor/doctor_simple.go:100.16,102.3 1 0
pryx-core/internal/doctor/doctor_simple.go:103.2,105.16 3 0
pryx-core/internal/doctor/doctor_simple.go:105.16,107.3 1 0
pryx-core/internal/doctor/doctor_simple.go:108.2,109.38 2 0
pryx-core/internal/doctor/doctor_simple.go:109.38,111.3 1 0
pryx-core/internal/doctor/doctor_simple.go:112.2,112.71 1 0
pryx-core/internal/doctor/doctor_simple.go:115.57,117.16 2 1
pryx-core/internal/doctor/doctor_simple.go:117.16,119.3 1 1
pryx-core/internal/doctor/doctor_simple.go:120.2,121.16 2 1
pryx-core/internal/doctor/doctor_simple.go:121.16,123.3 1 0
pryx-core/internal/doctor/doctor_simple.go:124.2,124.86 1 1
pryx-core/internal/doctor/doctor_simple.go:127.65,135.16 6 0
pryx-core/internal/doctor/doctor_simple.go:135.16,137.3 1 0
pryx-core/internal/doctor/doctor_simple.go:138.2,139.16 2 0
pryx-core/internal/doctor/doctor_simple.go:139.16,141.3 1 0
pryx-core/internal/doctor/doctor_simple.go:142.2,142.21 1 0
pryx-core/internal/doctor/doctor_simple.go:142.21,144.3 1 0
pryx-core/internal/doctor/doctor_simple.go:145.2,145.90 1 0
pryx-core/internal/doctor/doctor_simple.go:148.28,155.26 4 1
pryx-core/internal/doctor/doctor_simple.go:155.26,156.39 1 1
pryx-core/internal/doctor/doctor_simple.go:156.39,158.4 1 0
pryx-core/internal/doctor/doctor_simple.go:158.9,158.59 1 1
pryx-core/internal/doctor/doctor_simple.go:158.59,160.4 1 0
pryx-core/internal/doctor/doctor_simple.go:162.2,162.155 1 1
pryx-core/internal/doctor/doctor_simple.go:165.42,167.79 2 1
pryx-core/internal/doctor/doctor_simple.go:167.79,169.3 1 1
pryx-core/internal/doctor/doctor_simple.go:170.2,170.34 1 1
pryx-core/internal/doctor/doctor_simple.go:170.34,172.3 1 1
pryx-core/internal/doctor/doctor_simple.go:173.2,173.37 1 1
pryx-core/internal/hostrpc/hostrpc.go:49.53,56.2 3 1
pryx-core/internal/hostrpc/hostrpc.go:58.33,60.2 1 0
pryx-core/internal/hostrpc/hostrpc.go:62.73,70.22 5 1
pryx-core/internal/hostrpc/hostrpc.go:70.22,72.3 1 1
pryx-core/internal/hostrpc/hostrpc.go:73.2,80.16 3 1
pryx-core/internal/hostrpc/hostrpc.go:80.16,82.3 1 0
pryx-core/internal/hostrpc/hostrpc.go:83.2,83.57 1 1
pryx-core/internal/hostrpc/hostrpc.go:83.57,85.3 1 0
pryx-core/internal/hostrpc/hostrpc.go:87.2,88.16 2 1
pryx-core/internal/hostrpc/hostrpc.go:88.16,90.3 1 1
pryx-core/internal/hostrpc/hostrpc.go:91.2,92.52 2 1
pryx-core/internal/hostrpc/hostrpc.go:92.52,94.3 1 0
pryx-core/internal/hostrpc/hostrpc.go:95.2,95.19 1 1
pryx-core/internal/hostrpc/hostrpc.go:95.19,97.3 1 0
pryx-core/internal/hostrpc/hostrpc.go:98.2,98.23 1 1
pryx-core/internal/hostrpc/hostrpc.go:98.23,100.3 1 0
pryx-core/internal/hostrpc/hostrpc.go:101.2,102.57 2 1
pryx-core/internal/hostrpc/hostrpc.go:102.57,104.3 1 0
pryx-core/internal/hostrpc/hostrpc.go:105.2,105.25 1 1
pryx-core/internal/keychain/keychain.go:9.36,11.2 1 1
pryx-core/internal/keychain/keychain.go:13.53,15.2 1 1
pryx-core/internal/keychain/keychain.go:17.53,19.2 1 1
pryx-core/internal/keychain/keychain.go:21.46,23.2 1 1
pryx-core/internal/memory/memory_manager.go:17.60,22.2 1 1
pryx-core/internal/memory/memory_manager.go:24.94,26.16 2 1
pryx-core/internal/memory/memory_manager.go:26.16,28.3 1 0
pryx-core/internal/memory/memory_manager.go:31.2,32.31 2 1
pryx-core/internal/memory/memory_manager.go:32.31,34.3 1 1
pryx-core/internal/memory/memory_manager.go:37.2,38.26 2 1
pryx-core/internal/memory/memory_manager.go:38.26,40.3 1 1
pryx-core/internal/memory/memory_manager.go:43.2,44.25 2 1
pryx-core/internal/memory/memory_manager.go:44.25,46.3 1 1
pryx-core/internal/memory/memory_manager.go:46.8,46.63 1 1
pryx-core/internal/memory/memory_manager.go:46.63,48.3 1 0
pryx-core/internal/memory/memory_manager.go:48.8,48.58 1 1
pryx-core/internal/memory/memory_manager.go:48.58,50.3 1 0
pryx-core/internal/memory/memory_manager.go:52.2,57.8 1 1
pryx-core/internal/memory/memory_manager.go:60.77,62.16 2 0
pryx-core/internal/memory/memory_manager.go:62.16,64.3 1 0
pryx-core/internal/memory/memory_manager.go:67.2,67.57 1 0
pryx-core/internal/memory/memory_manager.go:67.57,68.19 1 0
pryx-core/internal/memory/memory_manager.go:68.19,76.4 2 0
pryx-core/internal/memory/memory_manager.go:79.2,79.62 1 0
pryx-core/internal/memory/memory_manager.go:79.62,80.19 1 0
pryx-core/internal/memory/memory_manager.go:80.19,86.4 2 0
pryx-core/internal/memory/memory_manager.go:89.2,89.12 1 0
pryx-core/internal/memory/memory_manager.go:92.103,94.16 2 1
pryx-core/internal/memory/memory_manager.go:94.16,96.3 1 0
pryx-core/internal/memory/memory_manager.go:98.2,98.24 1 1
pryx-core/internal/memory/memory_manager.go:98.24,104.3 1 0
pryx-core/internal/memory/memory_manager.go:107.2,108.24 2 1
pryx-core/internal/memory/memory_manager.go:108.24,110.3 1 0
pryx-core/internal/memory/memory_manager.go:113.2,114.31 2 1
pryx-core/internal/memory/memory_manager.go:114.31,115.24 1 1
pryx-core/internal/memory/memory_manager.go:115.24,117.4 1 1
pryx-core/internal/memory/memory_manager.go:120.2,125.18 2 1
pryx-core/internal/memory/memory_manager.go:125.18,132.3 2 1
pryx-core/internal/memory/memory_manager.go:134.2,138.8 1 1
pryx-core/internal/memory/memory_manager.go:141.97,143.16 2 0
pryx-core/internal/memory/memory_manager.go:143.16,145.3 1 0
pryx-core/internal/memory/memory_manager.go:147.2,152.18 2 0
pryx-core/internal/memory/memory_manager.go:152.18,158.3 2 0
pryx-core/internal/memory/memory_manager.go:160.2,163.8 1 0
pryx-core/internal/memory/memory_manager.go:166.81,169.2 1 0
pryx-core/internal/memory/memory_manager.go:171.106,173.16 2 0
pryx-core/internal/memory/memory_manager.go:173.16,175.3 1 0
pryx-core/internal/memory/memory_manager.go:177.2,177.18 1 0
pryx-core/internal/memory/memory_manager.go:177.18,183.3 2 0
pryx-core/internal/memory/memory_manager.go:185.2,185.24 1 0
pryx-core/internal/memory/memory_manager.go:188.98,190.16 2 1
pryx-core/internal/memory/memory_manager.go:190.16,192.3 1 0
pryx-core/internal/memory/memory_manager.go:194.2,195.16 2 1
pryx-core/internal/memory/memory_manager.go:195.16,197.3 1 0
pryx-core/internal/memory/memory_manager.go:199.2,200.31 2 1
pryx-core/internal/memory/memory_manager.go:200.31,202.3 1 1
pryx-core/internal/memory/memory_manager.go:204.2,213.8 1 1
pryx-core/internal/memory/memory_manager.go:216.86,218.16 2 0
pryx-core/internal/memory/memory_manager.go:218.16,220.3 1 0
pryx-core/internal/memory/memory_manager.go:222.2,223.35 2 0
pryx-core/internal/memory/memory_manager.go:223.35,225.17 2 0
pryx-core/internal/memory/memory_manager.go:225.17,226.12 1 0
pryx-core/internal/memory/memory_manager.go:229.3,230.32 2 0
pryx-core/internal/memory/memory_manager.go:230.32,232.4 1 0
pryx-core/internal/memory/memory_manager.go:234.3,243.5 1 0
pryx-core/internal/memory/memory_manager.go:246.2,246.29 1 0
pryx-core/internal/memory/memory_manager.go:249.81,251.16 2 1
pryx-core/internal/memory/memory_manager.go:251.16,253.3 1 0
pryx-core/internal/memory/memory_manager.go:256.2,256.62 1 1
pryx-core/internal/memory/memory_manager.go:256.62,258.17 2 0
pryx-core/internal/memory/memory_manager.go:258.17,260.4 1 0
pryx-core/internal/memory/memory_manager.go:263.2,263.12 1 1
pryx-core/internal/memory/memory_manager.go:266.72,268.16 2 1
pryx-core/internal/memory/memory_manager.go:268.16,270.3 1 0
pryx-core/internal/memory/memory_manager.go:272.2,275.35 3 1
pryx-core/internal/memory/memory_manager.go:275.35,277.49 1 1
pryx-core/internal/memory/memory_manager.go:277.49,279.18 2 0
pryx-core/internal/memory/memory_manager.go:279.18,281.5 1 0
pryx-core/internal/memory/memory_manager.go:286.2,286.18 1 1
pryx-core/internal/memory/memory_manager.go:286.18,291.3 2 1
pryx-core/internal/memory/memory_manager.go:293.2,293.27 1 1
pryx-core/internal/memory/memory_manager.go:296.106,301.16 2 1
pryx-core/internal/memory/memory_manager.go:301.16,303.3 1 0
pryx-core/internal/memory/memory_manager.go:306.2,307.31 2 1
pryx-core/internal/memory/memory_manager.go:307.31,308.27 1 1
pryx-core/internal/memory/memory_manager.go:308.27,310.4 1 1
pryx-core/internal/memory/memory_manager.go:313.2,325.22 2 1
pryx-core/internal/memory/memory_manager.go:328.38,330.20 1 1
pryx-core/internal/memory/memory_manager.go:330.20,332.3 1 1
pryx-core/internal/memory/memory_manager.go:333.2,333.28 1 1
pryx-core/internal/mcp/bundled.go:8.57,9.50 1 1
pryx-core/internal/mcp/bundled.go:10.26,11.38 1 1
pryx-core/internal/mcp/bundled.go:12.21,13.33 1 1
pryx-core/internal/mcp/bundled.go:14.19,15.37 1 1
pryx-core/internal/mcp/bundled.go:16.17,17.35 1 1
pryx-core/internal/mcp/bundled.go:18.10,19.51 1 0
pryx-core/internal/mcp/bundled_browser.go:22.44,24.2 1 1
pryx-core/internal/mcp/bundled_browser.go:26.63,32.2 1 1
pryx-core/internal/mcp/bundled_browser.go:34.74,43.2 2 1
pryx-core/internal/mcp/bundled_browser.go:45.124,46.14 1 1
pryx-core/internal/mcp/bundled_browser.go:47.17,48.35 1 0
pryx-core/internal/mcp/bundled_browser.go:49.14,50.35 1 0
pryx-core/internal/mcp/bundled_browser.go:51.17,52.24 1 0
pryx-core/internal/mcp/bundled_browser.go:53.20,54.38 1 0
pryx-core/internal/mcp/bundled_browser.go:55.18,56.36 1 0
pryx-core/internal/mcp/bundled_browser.go:57.10,58.50 1 1
pryx-core/internal/mcp/bundled_browser.go:62.110,65.42 3 0
pryx-core/internal/mcp/bundled_browser.go:65.42,66.57 1 0
pryx-core/internal/mcp/bundled_browser.go:66.57,68.26 2 0
pryx-core/internal/mcp/bundled_browser.go:68.26,69.62 1 0
pryx-core/internal/mcp/bundled_browser.go:69.62,71.6 1 0
pryx-core/internal/mcp/bundled_browser.go:73.4,73.20 1 0
[...]
pryx-core/internal/skills/types.go:66.25,68.3 1 1
pryx-core/internal/skills/types.go:69.2,69.16 1 0
pryx-core/internal/llm/factory/factory.go:21.88,23.18 1 1
pryx-core/internal/llm/factory/factory.go:23.18,24.13 1 1
pryx-core/internal/llm/factory/factory.go:25.23,26.40 1 0
pryx-core/internal/llm/factory/factory.go:27.26,28.43 1 0
pryx-core/internal/llm/factory/factory.go:29.27,30.44 1 0
pryx-core/internal/llm/factory/factory.go:36.2,36.42 1 1
pryx-core/internal/llm/factory/factory.go:36.42,38.3 1 0
pryx-core/internal/llm/factory/factory.go:41.2,41.23 1 1
pryx-core/internal/llm/factory/factory.go:41.23,43.20 2 0
pryx-core/internal/llm/factory/factory.go:43.20,45.4 1 0
pryx-core/internal/llm/factory/factory.go:48.2,48.12 1 1
pryx-core/internal/llm/factory/factory.go:49.22,51.20 1 1
pryx-core/internal/llm/factory/factory.go:51.20,53.4 1 1
pryx-core/internal/llm/factory/factory.go:54.3,54.51 1 1
pryx-core/internal/llm/factory/factory.go:56.26,58.74 1 1
pryx-core/internal/llm/factory/factory.go:60.22,62.20 1 1
pryx-core/internal/llm/factory/factory.go:62.20,64.4 1 0
pryx-core/internal/llm/factory/factory.go:66.3,66.27 1 1
pryx-core/internal/llm/factory/factory.go:66.27,68.4 1 1
pryx-core/internal/llm/factory/factory.go:69.3,69.51 1 1
pryx-core/internal/llm/factory/factory.go:71.25,72.45 1 1
pryx-core/internal/llm/factory/factory.go:74.10,75.57 1 0
pryx-core/internal/llm/factory/factory.go:79.34,82.38 2 1
pryx-core/internal/llm/factory/factory.go:82.38,84.3 1 0
pryx-core/internal/llm/factory/factory.go:85.2,85.14 1 1
pryx-core/internal/llm/providers/anthropic.go:19.53,21.2 1 0
pryx-core/internal/llm/providers/anthropic.go:26.107,29.16 3 0
pryx-core/internal/llm/providers/anthropic.go:29.16,31.3 1 0
pryx-core/internal/llm/providers/anthropic.go:32.2,44.67 3 0
pryx-core/internal/llm/providers/anthropic.go:44.67,46.3 1 0
pryx-core/internal/llm/providers/anthropic.go:48.2,48.31 1 0
pryx-core/internal/llm/providers/anthropic.go:48.31,50.3 1 0
pryx-core/internal/llm/providers/anthropic.go:52.2,57.8 1 0
pryx-core/internal/llm/providers/anthropic.go:60.110,63.16 3 0
pryx-core/internal/llm/providers/anthropic.go:63.16,65.3 1 0
pryx-core/internal/llm/providers/anthropic.go:67.2,68.12 2 0
pryx-core/internal/llm/providers/anthropic.go:68.12,73.7 4 0
pryx-core/internal/llm/providers/anthropic.go:73.7,75.18 2 0
pryx-core/internal/llm/providers/anthropic.go:75.18,78.5 2 0
pryx-core/internal/llm/providers/anthropic.go:80.4,81.48 2 0
pryx-core/internal/llm/providers/anthropic.go:81.48,82.13 1 0
pryx-core/internal/llm/providers/anthropic.go:85.4,86.22 2 0
pryx-core/internal/llm/providers/anthropic.go:86.22,87.13 1 0
pryx-core/internal/llm/providers/anthropic.go:90.4,97.55 2 0
pryx-core/internal/llm/providers/anthropic.go:97.55,98.13 1 0
pryx-core/internal/llm/providers/anthropic.go:101.4,101.22 1 0
pryx-core/internal/llm/providers/anthropic.go:102.31,103.31 1 0
pryx-core/internal/llm/providers/anthropic.go:103.31,105.6 1 0
pryx-core/internal/llm/providers/anthropic.go:106.24,108.11 2 0
pryx-core/internal/llm/providers/anthropic.go:113.2,113.16 1 0
pryx-core/internal/llm/providers/anthropic.go:116.106,123.24 2 0
pryx-core/internal/llm/providers/anthropic.go:123.24,125.3 1 0
pryx-core/internal/llm/providers/anthropic.go:127.2,128.16 2 0
pryx-core/internal/llm/providers/anthropic.go:128.16,130.3 1 0
pryx-core/internal/llm/providers/anthropic.go:132.2,133.16 2 0
pryx-core/internal/llm/providers/anthropic.go:133.16,135.3 1 0
pryx-core/internal/llm/providers/anthropic.go:137.2,143.16 6 0
pryx-core/internal/llm/providers/anthropic.go:143.16,145.3 1 0
pryx-core/internal/llm/providers/anthropic.go:147.2,147.38 1 0
pryx-core/internal/llm/providers/anthropic.go:147.38,152.3 4 0
pryx-core/internal/llm/providers/anthropic.go:154.2,154.23 1 0
pryx-core/internal/llm/providers/openai.go:21.63,22.19 1 1
pryx-core/internal/llm/providers/openai.go:22.19,24.3 1 1
pryx-core/internal/llm/providers/openai.go:26.2,30.3 2 1
pryx-core/internal/llm/providers/openai.go:33.104,36.16 3 1
pryx-core/internal/llm/providers/openai.go:36.16,38.3 1 1
pryx-core/internal/llm/providers/openai.go:39.2,52.67 3 1
pryx-core/internal/llm/providers/openai.go:52.67,54.3 1 0
pryx-core/internal/llm/providers/openai.go:56.2,56.31 1 1
pryx-core/internal/llm/providers/openai.go:56.31,58.3 1 0
pryx-core/internal/llm/providers/openai.go:60.2,66.8 2 1
pryx-core/internal/llm/providers/openai.go:69.107,72.16 3 1
pryx-core/internal/llm/providers/openai.go:72.16,74.3 1 0
pryx-core/internal/llm/providers/openai.go:76.2,77.12 2 1
pryx-core/internal/llm/providers/openai.go:77.12,82.7 4 1
pryx-core/internal/llm/providers/openai.go:82.7,84.18 2 1
pryx-core/internal/llm/providers/openai.go:84.18,87.5 2 0
pryx-core/internal/llm/providers/openai.go:89.4,90.48 2 1
pryx-core/internal/llm/providers/openai.go:90.48,91.13 1 1
pryx-core/internal/llm/providers/openai.go:94.4,95.32 2 1
pryx-core/internal/llm/providers/openai.go:95.32,97.5 1 0
pryx-core/internal/llm/providers/openai.go:99.4,108.55 2 1
pryx-core/internal/llm/providers/openai.go:108.55,109.13 1 0
pryx-core/internal/llm/providers/openai.go:112.4,112.30 1 1
pryx-core/internal/llm/providers/openai.go:112.30,114.20 2 1
pryx-core/internal/llm/providers/openai.go:114.20,116.6 1 1
pryx-core/internal/llm/providers/openai.go:117.5,117.44 1 1
pryx-core/internal/llm/providers/openai.go:117.44,120.6 2 1
pryx-core/internal/llm/providers/openai.go:125.2,125.16 1 1
pryx-core/internal/llm/providers/openai.go:128.103,130.16 2 1
pryx-core/internal/llm/providers/openai.go:130.16,132.3 1 0
pryx-core/internal/llm/providers/openai.go:134.2,136.16 3 1
pryx-core/internal/llm/providers/openai.go:136.16,138.3 1 0
pryx-core/internal/llm/providers/openai.go:140.2,149.16 7 1
pryx-core/internal/llm/providers/openai.go:149.16,151.3 1 0
pryx-core/internal/llm/providers/openai.go:153.2,153.38 1 1
pryx-core/internal/llm/providers/openai.go:153.38,158.3 4 1
pryx-core/internal/llm/providers/openai.go:160.2,160.23 1 1
pryx-core/tests/test_main.go:8.29,19.2 6 0
pryx-core/internal/agent/agent.go:22.65,28.44 4 1
pryx-core/internal/agent/agent.go:29.16,31.25 2 1
pryx-core/internal/agent/agent.go:32.19,34.28 2 1
pryx-core/internal/agent/agent.go:35.20,37.25 2 1
pryx-core/internal/agent/agent.go:38.16,40.31 2 1
pryx-core/internal/agent/agent.go:41.13,43.22 2 1
pryx-core/internal/agent/agent.go:44.10,45.78 1 1
pryx-core/internal/agent/agent.go:48.2,49.16 2 1
pryx-core/internal/agent/agent.go:49.16,51.3 1 0
pryx-core/internal/agent/agent.go:53.2,57.8 1 1
pryx-core/internal/agent/agent.go:60.48,67.6 4 1
pryx-core/internal/agent/agent.go:67.6,68.10 1 1
pryx-core/internal/agent/agent.go:69.21,70.14 1 1
pryx-core/internal/agent/agent.go:71.28,72.11 1 0
pryx-core/internal/agent/agent.go:72.11,74.5 1 0
pryx-core/internal/agent/agent.go:75.4,75.30 1 0
pryx-core/internal/agent/agent.go:80.65,81.19 1 1
pryx-core/internal/agent/agent.go:82.28,83.32 1 1
pryx-core/internal/agent/agent.go:84.31,85.35 1 1
pryx-core/internal/agent/agent.go:89.71,92.9 2 1
pryx-core/internal/agent/agent.go:92.9,95.3 2 1
pryx-core/internal/agent/agent.go:97.2,100.19 3 1
pryx-core/internal/agent/agent.go:100.19,102.3 1 1
pryx-core/internal/agent/agent.go:104.2,118.16 4 1
pryx-core/internal/agent/agent.go:118.16,121.3 2 1
pryx-core/internal/agent/agent.go:123.2,124.28 2 1
pryx-core/internal/agent/agent.go:124.28,125.23 1 1
pryx-core/internal/agent/agent.go:125.23,127.9 2 0
pryx-core/internal/agent/agent.go:129.3,137.17 3 1
pryx-core/internal/agent/agent.go:137.17,138.9 1 1
pryx-core/internal/agent/agent.go:142.2,142.76 1 1
pryx-core/internal/agent/agent.go:145.74,148.9 2 1
pryx-core/internal/agent/agent.go:148.9,151.3 2 1
pryx-core/internal/agent/agent.go:153.2,167.16 4 1
pryx-core/internal/agent/agent.go:167.16,170.3 2 1
pryx-core/internal/agent/agent.go:172.2,179.5 2 1
pryx-core/internal/agent/spawn/spawn.go:66.58,73.2 1 1
pryx-core/internal/agent/spawn/spawn.go:76.114,80.34 3 1
pryx-core/internal/agent/spawn/spawn.go:80.34,82.3 1 1
pryx-core/internal/agent/spawn/spawn.go:84.2,87.16 3 1
pryx-core/internal/agent/spawn/spawn.go:87.16,89.3 1 1
pryx-core/internal/agent/spawn/spawn.go:91.2,114.19 6 1
pryx-core/internal/agent/spawn/spawn.go:118.85,127.2 3 1
pryx-core/internal/agent/spawn/spawn.go:130.57,135.2 4 1
pryx-core/internal/agent/spawn/spawn.go:138.38,143.33 4 1
pryx-core/internal/agent/spawn/spawn.go:143.33,145.3 1 1
pryx-core/internal/agent/spawn/spawn.go:146.2,146.15 1 1
pryx-core/internal/agent/spawn/spawn.go:150.48,155.9 4 1
pryx-core/internal/agent/spawn/spawn.go:155.9,157.3 1 1
pryx-core/internal/agent/spawn/spawn.go:159.2,161.12 3 1
pryx-core/internal/agent/spawn/spawn.go:165.49,170.34 4 1
pryx-core/internal/agent/spawn/spawn.go:170.34,171.105 1 1
pryx-core/internal/agent/spawn/spawn.go:171.105,172.38 1 1
pryx-core/internal/agent/spawn/spawn.go:172.38,175.5 2 1
pryx-core/internal/agent/spawn/spawn.go:181.58,210.16 8 1
pryx-core/internal/agent/spawn/spawn.go:210.16,219.3 3 1
pryx-core/internal/agent/spawn/spawn.go:222.2,232.4 3 1
pryx-core/internal/agent/spawn/spawn.go:235.52,247.2 1 1
pryx-core/internal/agent/spawn/spawn.go:249.49,261.22 2 1
pryx-core/internal/agent/spawn/spawn.go:261.22,268.3 1 1
pryx-core/internal/agent/spawn/spawn.go:271.58,277.29 4 1
pryx-core/internal/agent/spawn/spawn.go:278.16,280.27 2 1
pryx-core/internal/agent/spawn/spawn.go:281.19,283.30 2 0
pryx-core/internal/agent/spawn/spawn.go:284.16,286.33 2 0
pryx-core/internal/agent/spawn/spawn.go:287.10,288.74 1 1
pryx-core/internal/agent/spawn/spawn.go:291.2,291.59 1 1
pryx-core/internal/agent/spawn/spawn.go:294.31,296.2 1 1
pryx-core/internal/agent/spawn/spawn.go:298.33,300.2 1 1
pryx-core/internal/agent/spawn/tool.go:19.62,24.2 1 0
pryx-core/internal/agent/spawn/tool.go:27.35,29.2 1 0
pryx-core/internal/agent/spawn/tool.go:32.42,42.2 1 0
pryx-core/internal/agent/spawn/tool.go:45.53,64.2 1 0
pryx-core/internal/agent/spawn/tool.go:67.112,74.54 2 0
pryx-core/internal/agent/spawn/tool.go:74.54,76.3 1 0
pryx-core/internal/agent/spawn/tool.go:78.2,78.21 1 0
pryx-core/internal/agent/spawn/tool.go:78.21,80.3 1 0
pryx-core/internal/agent/spawn/tool.go:83.2,84.21 2 0
pryx-core/internal/agent/spawn/tool.go:84.21,86.3 1 0
pryx-core/internal/agent/spawn/tool.go:89.2,90.25 2 0
pryx-core/internal/agent/spawn/tool.go:90.25,92.3 1 0
pryx-core/internal/agent/spawn/tool.go:95.2,96.16 2 0
pryx-core/internal/agent/spawn/tool.go:96.16,98.3 1 0
pryx-core/internal/agent/spawn/tool.go:101.2,102.16 2 0
pryx-core/internal/agent/spawn/tool.go:102.16,109.3 1 0
pryx-core/internal/agent/spawn/tool.go:111.2,118.8 1 0
pryx-core/internal/agent/spawn/tool.go:122.112,129.6 5 0
pryx-core/internal/agent/spawn/tool.go:129.6,130.10 1 0
pryx-core/internal/agent/spawn/tool.go:131.21,132.25 1 0
pryx-core/internal/agent/spawn/tool.go:133.19,135.11 2 0
pryx-core/internal/agent/spawn/tool.go:135.11,137.5 1 0
pryx-core/internal/agent/spawn/tool.go:139.4,139.24 1 0
pryx-core/internal/agent/spawn/tool.go:140.56,144.11 1 0
pryx-core/internal/agent/spawn/tool.go:151.84,153.9 2 0
pryx-core/internal/agent/spawn/tool.go:153.9,155.3 1 0
pryx-core/internal/agent/spawn/tool.go:157.2,164.8 1 0
pryx-core/internal/agent/spawn/tool.go:168.59,172.31 3 0
pryx-core/internal/agent/spawn/tool.go:172.31,179.3 1 0
pryx-core/internal/agent/spawn/tool.go:181.2,181.15 1 0
pryx-core/internal/agent/spawn/tool.go:185.73,187.2 1 0
pryx-core/internal/agent/spawn/tool.go:190.40,193.12 2 0
pryx-core/internal/agent/spawn/tool.go:193.12,194.27 1 0
pryx-core/internal/agent/spawn/tool.go:194.27,195.40 1 0
pryx-core/internal/agent/spawn/tool.go:195.41,198.5 0 0
pryx-core/internal/mesh/mesh.go:61.97,70.2 1 1
pryx-core/internal/mesh/mesh.go:73.46,76.16 2 1
pryx-core/internal/mesh/mesh.go:76.16,79.3 2 0
pryx-core/internal/mesh/mesh.go:80.2,94.66 6 1
pryx-core/internal/mesh/mesh.go:98.26,101.2 2 1
pryx-core/internal/mesh/mesh.go:104.58,108.6 3 1
pryx-core/internal/mesh/mesh.go:108.6,109.10 1 1
pryx-core/internal/mesh/mesh.go:110.21,111.10 1 0
pryx-core/internal/mesh/mesh.go:112.19,113.10 1 0
pryx-core/internal/mesh/mesh.go:114.11,114.11 0 1
pryx-core/internal/mesh/mesh.go:117.3,117.23 1 1
pryx-core/internal/mesh/mesh.go:117.23,118.41 1 1
pryx-core/internal/mesh/mesh.go:118.41,122.13 4 1
pryx-core/internal/mesh/mesh.go:124.4,124.25 1 0
pryx-core/internal/mesh/mesh.go:127.3,127.30 1 0
pryx-core/internal/mesh/mesh.go:132.54,134.16 2 1
pryx-core/internal/mesh/mesh.go:134.16,136.3 1 1
pryx-core/internal/mesh/mesh.go:139.2,149.16 4 0
pryx-core/internal/mesh/mesh.go:149.16,151.3 1 0
pryx-core/internal/mesh/mesh.go:153.2,163.12 7 0
pryx-core/internal/mesh/mesh.go:167.32,171.21 3 1
pryx-core/internal/mesh/mesh.go:171.21,176.3 4 0
pryx-core/internal/mesh/mesh.go:180.38,184.2 3 1
pryx-core/internal/mesh/mesh.go:187.60,197.6 3 1
pryx-core/internal/mesh/mesh.go:197.6,198.10 1 1
pryx-core/internal/mesh/mesh.go:199.21,200.10 1 0
pryx-core/internal/mesh/mesh.go:201.19,202.10 1 1
pryx-core/internal/mesh/mesh.go:203.28,204.11 1 0
pryx-core/internal/mesh/mesh.go:204.11,206.5 1 0
pryx-core/internal/mesh/mesh.go:207.4,207.25 1 0
pryx-core/internal/mesh/mesh.go:213.49,214.22 1 1
pryx-core/internal/mesh/mesh.go:214.22,216.3 1 1
pryx-core/internal/mesh/mesh.go:218.2,219.16 2 0
pryx-core/internal/mesh/mesh.go:219.16,221.3 1 0
pryx-core/internal/mesh/mesh.go:223.2,231.9 2 0
pryx-core/internal/mesh/mesh.go:232.23,232.23 0 0
pryx-core/internal/mesh/mesh.go:233.10,235.57 1 0
pryx-core/internal/mesh/mesh.go:240.55,241.6 1 1
pryx-core/internal/mesh/mesh.go:241.6,242.10 1 1
pryx-core/internal/mesh/mesh.go:243.21,244.10 1 1
pryx-core/internal/mesh/mesh.go:245.19,246.10 1 1
pryx-core/internal/mesh/mesh.go:247.11,247.11 0 1
pryx-core/internal/mesh/mesh.go:250.3,250.23 1 1
pryx-core/internal/mesh/mesh.go:250.23,252.12 2 1
pryx-core/internal/mesh/mesh.go:255.3,261.17 6 0
pryx-core/internal/mesh/mesh.go:261.17,264.12 3 0
pryx-core/internal/mesh/mesh.go:267.3,267.23 1 0
pryx-core/internal/mesh/mesh.go:272.55,273.18 1 1
pryx-core/internal/mesh/mesh.go:274.20,275.27 1 1
pryx-core/internal/mesh/mesh.go:276.27,277.28 1 1
pryx-core/internal/mesh/mesh.go:278.19,279.15 1 1
pryx-core/internal/mesh/mesh.go:280.23,281.24 1 1
pryx-core/internal/mesh/mesh.go:282.10,283.57 1 1
pryx-core/internal/mesh/mesh.go:288.59,290.32 1 1
pryx-core/internal/mesh/mesh.go:290.32,292.3 1 1
pryx-core/internal/mesh/mesh.go:294.2,295.58 2 1
pryx-core/internal/mesh/mesh.go:295.58,297.3 1 0
pryx-core/internal/mesh/mesh.go:300.2,305.72 3 1
pryx-core/internal/mesh/mesh.go:309.60,311.61 2 1
pryx-core/internal/mesh/mesh.go:311.61,313.3 1 1
pryx-core/internal/mesh/mesh.go:315.2,315.29 1 0
pryx-core/internal/mesh/mesh.go:315.29,316.26 1 0
pryx-core/internal/mesh/mesh.go:316.26,318.4 1 0
pryx-core/internal/mesh/mesh.go:323.56,325.2 1 1
pryx-core/internal/mesh/mesh.go:328.49,329.6 1 0
pryx-core/internal/mesh/mesh.go:329.6,330.10 1 0
pryx-core/internal/mesh/mesh.go:331.21,332.10 1 0
pryx-core/internal/mesh/mesh.go:333.19,334.10 1 0
pryx-core/internal/mesh/mesh.go:335.26,336.24 1 0
pryx-core/internal/mesh/mesh.go:336.24,337.13 1 0
pryx-core/internal/mesh/mesh.go:340.4,344.55 4 0
pryx-core/internal/mesh/mesh.go:344.55,347.5 2 0
pryx-core/internal/mesh/mesh.go:353.53,357.6 3 1
pryx-core/internal/mesh/mesh.go:357.6,358.10 1 1
pryx-core/internal/mesh/mesh.go:359.21,360.10 1 0
pryx-core/internal/mesh/mesh.go:361.19,362.10 1 1
pryx-core/internal/mesh/mesh.go:363.19,364.20 1 0
pryx-core/internal/mesh/mesh.go:370.34,371.22 1 1
pryx-core/internal/mesh/mesh.go:371.22,373.3 1 1
pryx-core/internal/mesh/mesh.go:375.2,381.9 2 0
pryx-core/internal/mesh/mesh.go:382.23,382.23 0 0
pryx-core/internal/mesh/mesh.go:383.10,383.10 0 0
pryx-core/internal/mesh/mesh.go:388.30,395.9 2 1
pryx-core/internal/mesh/mesh.go:396.23,396.23 0 1
pryx-core/internal/mesh/mesh.go:397.10,397.10 0 0
pryx-core/internal/mesh/mesh.go:402.49,403.22 1 1
pryx-core/internal/mesh/mesh.go:403.22,405.3 1 1
pryx-core/internal/mesh/mesh.go:407.2,417.9 3 0
pryx-core/internal/mesh/mesh.go:418.23,418.23 0 0
pryx-core/internal/mesh/mesh.go:419.10,419.10 0 0
pryx-core/internal/mesh/mesh.go:424.40,426.2 1 1
pryx-core/internal/mesh/mesh.go:429.38,431.2 1 1
pryx-core/internal/mesh/mesh.go:433.32,435.2 1 1
pryx-core/internal/mesh/mesh.go:437.44,438.11 1 1
pryx-core/internal/mesh/mesh.go:438.11,440.3 1 1
pryx-core/internal/mesh/mesh.go:441.2,441.10 1 1
pryx-core/internal/telemetry/spans.go:16.103,22.2 2 0
pryx-core/internal/telemetry/spans.go:25.126,31.25 2 0
pryx-core/internal/telemetry/spans.go:31.25,33.3 1 0
pryx-core/internal/telemetry/spans.go:35.2,35.18 1 0
pryx-core/internal/telemetry/spans.go:39.112,44.2 2 0
pryx-core/internal/telemetry/spans.go:47.125,53.2 2 0
pryx-core/internal/telemetry/spans.go:56.108,62.2 2 0
pryx-core/internal/telemetry/spans.go:65.46,66.17 1 0
pryx-core/internal/telemetry/spans.go:66.17,68.3 1 0
pryx-core/internal/telemetry/spans.go:69.2,70.42 2 0
pryx-core/internal/telemetry/spans.go:74.37,75.17 1 0
pryx-core/internal/telemetry/spans.go:75.17,77.3 1 0
pryx-core/internal/telemetry/spans.go:78.2,78.30 1 0
pryx-core/internal/telemetry/spans.go:82.55,83.17 1 0
pryx-core/internal/telemetry/spans.go:83.17,85.3 1 0
pryx-core/internal/telemetry/spans.go:86.2,86.86 1 0
pryx-core/internal/telemetry/spans.go:90.71,91.17 1 0
pryx-core/internal/telemetry/spans.go:91.17,93.3 1 0
pryx-core/internal/telemetry/spans.go:94.2,98.3 1 0
pryx-core/internal/telemetry/spans.go:102.65,103.17 1 0
pryx-core/internal/telemetry/spans.go:103.17,105.3 1 0
pryx-core/internal/telemetry/spans.go:106.2,109.3 1 0
pryx-core/internal/telemetry/telemetry.go:44.80,53.52 2 1
pryx-core/internal/telemetry/telemetry.go:53.52,56.3 2 1
pryx-core/internal/telemetry/telemetry.go:59.2,59.56 1 1
pryx-core/internal/telemetry/telemetry.go:59.56,61.3 1 1
pryx-core/internal/telemetry/telemetry.go:64.2,65.16 2 1
pryx-core/internal/telemetry/telemetry.go:65.16,69.3 2 0
pryx-core/internal/telemetry/telemetry.go:70.2,73.53 2 1
pryx-core/internal/telemetry/telemetry.go:73.53,75.3 1 0
pryx-core/internal/telemetry/telemetry.go:77.2,77.15 1 1
pryx-core/internal/telemetry/telemetry.go:81.52,82.16 1 1
pryx-core/internal/telemetry/telemetry.go:82.16,84.3 1 0
pryx-core/internal/telemetry/telemetry.go:87.2,88.16 2 1
pryx-core/internal/telemetry/telemetry.go:88.16,91.3 1 1
pryx-core/internal/telemetry/telemetry.go:94.2,103.37 2 1
pryx-core/internal/telemetry/telemetry.go:103.37,105.3 1 0
pryx-core/internal/telemetry/telemetry.go:107.2,109.16 3 1
pryx-core/internal/telemetry/telemetry.go:109.16,111.3 1 0
pryx-core/internal/telemetry/telemetry.go:114.2,123.16 2 1
pryx-core/internal/telemetry/telemetry.go:123.16,125.3 1 0
pryx-core/internal/telemetry/telemetry.go:128.2,138.12 5 1
pryx-core/internal/telemetry/telemetry.go:142.123,143.35 1 1
pryx-core/internal/telemetry/telemetry.go:143.35,145.3 1 1
pryx-core/internal/telemetry/telemetry.go:146.2,146.66 1 0
pryx-core/internal/telemetry/telemetry.go:150.56,151.31 1 1
pryx-core/internal/telemetry/telemetry.go:151.31,153.3 1 1
pryx-core/internal/telemetry/telemetry.go:154.2,154.27 1 1
pryx-core/internal/telemetry/telemetry.go:158.35,160.2 1 1
pryx-core/internal/telemetry/telemetry.go:163.38,165.2 1 1
pryx-core/internal/telemetry/telemetry.go:169.32,172.2 1 1
pryx-core/internal/telemetry/telemetry.go:174.26,175.45 1 1
pryx-core/internal/telemetry/telemetry.go:175.45,177.3 1 1
pryx-core/internal/telemetry/telemetry.go:178.2,178.14 1 1
pryx-core/internal/telemetry/telemetry.go:186.74,186.75 0 1
pryx-core/internal/telemetry/telemetry.go:187.74,187.75 0 1
pryx-core/internal/telemetry/telemetry.go:188.73,188.89 1 1
pryx-core/internal/telemetry/telemetry.go:189.74,189.75 0 1
pryx-core/internal/telemetry/telemetry.go:190.73,190.103 1 1
pryx-core/internal/telemetry/telemetry.go:191.74,191.75 0 1
pryx-core/internal/telemetry/telemetry.go:192.74,192.75 0 1
pryx-core/internal/telemetry/telemetry.go:193.74,193.75 0 1
pryx-core/internal/telemetry/telemetry.go:194.73,194.87 1 1
pryx-core/internal/telemetry/telemetry.go:195.74,195.75 0 1
